{"EventID": 1, "Image": "C:\\Windows\\System32\\WindowsPowerShell\\v1.0\\powershell.exe", "CommandLine": "powershell.exe -File C:\\Scripts\\backup.ps1", "User": "CORP\\BackupSvc", "ParentImage": "C:\\Windows\\System32\\cmd.exe", "UtcTime": "2026-03-20 09:00:00.000", "Computer": "WORKSTATION-BASELINE"}
{"EventID": 1, "Image": "C:\\Windows\\System32\\schtasks.exe", "CommandLine": "schtasks.exe /query /tn \"MicrosoftEdgeUpdateTaskMachineCore\"", "User": "NT AUTHORITY\\SYSTEM", "ParentImage": "C:\\Windows\\System32\\cmd.exe", "UtcTime": "2026-03-20 09:00:05.000", "Computer": "WORKSTATION-BASELINE"}
{"EventID": 1, "Image": "C:\\Windows\\System32\\vssadmin.exe", "CommandLine": "vssadmin.exe list shadows", "User": "NT AUTHORITY\\SYSTEM", "ParentImage": "C:\\Windows\\System32\\cmd.exe", "UtcTime": "2026-03-20 09:00:10.000", "Computer": "WORKSTATION-BASELINE"}
