{"EventID": 1, "ProviderGuid": "{5770385f-c22a-43e0-bf4c-06f5698ffbd9}", "Image": "C:\\Program Files\\Google\\Chrome\\Application\\chrome.exe", "CommandLine": "\"C:\\Program Files\\Google\\Chrome\\Application\\chrome.exe\" --type=renderer --field-trial-handle=1724", "User": "DESKTOP-HQ12\\Developer", "ProcessId": 2607, "ParentImage": "C:\\Windows\\explorer.exe", "UtcTime": "2026-03-20 15:09:35.409", "Computer": "WORKSTATION-01.local"}
{"EventID": 1, "ProviderGuid": "{5770385f-c22a-43e0-bf4c-06f5698ffbd9}", "Image": "C:\\Windows\\System32\\taskhostw.exe", "CommandLine": "taskhostw.exe {222A245B-E637-4AE9-A93F-A59CA119A75E}", "User": "DESKTOP-HQ12\\Developer", "ProcessId": 14813, "ParentImage": "C:\\Windows\\explorer.exe", "UtcTime": "2026-03-20 15:09:37.409", "Computer": "WORKSTATION-01.local"}
{"EventID": 1, "ProviderGuid": "{5770385f-c22a-43e0-bf4c-06f5698ffbd9}", "Image": "C:\\Windows\\System32\\conhost.exe", "CommandLine": "\\??\\C:\\Windows\\system32\\conhost.exe 0x4", "User": "DESKTOP-HQ12\\Developer", "ProcessId": 2167, "ParentImage": "C:\\Windows\\explorer.exe", "UtcTime": "2026-03-20 15:09:39.409", "Computer": "WORKSTATION-01.local"}
{"EventID": 1, "ProviderGuid": "{5770385f-c22a-43e0-bf4c-06f5698ffbd9}", "Image": "C:\\Program Files\\Google\\Chrome\\Application\\chrome.exe", "CommandLine": "\"C:\\Program Files\\Google\\Chrome\\Application\\chrome.exe\" --type=renderer --field-trial-handle=1724", "User": "DESKTOP-HQ12\\Developer", "ProcessId": 19729, "ParentImage": "C:\\Windows\\explorer.exe", "UtcTime": "2026-03-20 15:09:41.409", "Computer": "WORKSTATION-01.local"}
{"EventID": 1, "ProviderGuid": "{5770385f-c22a-43e0-bf4c-06f5698ffbd9}", "Image": "C:\\Windows\\System32\\svchost.exe", "CommandLine": "svchost.exe -k netsvcs -p -s BITS", "User": "NT AUTHORITY\\SYSTEM", "ProcessId": 17193, "ParentImage": "C:\\Windows\\System32\\services.exe", "UtcTime": "2026-03-20 15:09:43.409", "Computer": "WORKSTATION-01.local"}
{"EventID": 1, "ProviderGuid": "{5770385f-c22a-43e0-bf4c-06f5698ffbd9}", "Image": "C:\\Windows\\System32\\SearchIndexer.exe", "CommandLine": "C:\\Windows\\system32\\SearchIndexer.exe /Embedding", "User": "NT AUTHORITY\\SYSTEM", "ProcessId": 19033, "ParentImage": "C:\\Windows\\explorer.exe", "UtcTime": "2026-03-20 15:09:45.409", "Computer": "WORKSTATION-01.local"}
{"EventID": 1, "ProviderGuid": "{5770385f-c22a-43e0-bf4c-06f5698ffbd9}", "Image": "C:\\Windows\\System32\\SearchIndexer.exe", "CommandLine": "C:\\Windows\\system32\\SearchIndexer.exe /Embedding", "User": "NT AUTHORITY\\SYSTEM", "ProcessId": 14485, "ParentImage": "C:\\Windows\\explorer.exe", "UtcTime": "2026-03-20 15:09:47.409", "Computer": "WORKSTATION-01.local"}
{"EventID": 1, "ProviderGuid": "{5770385f-c22a-43e0-bf4c-06f5698ffbd9}", "Image": "C:\\Windows\\System32\\RuntimeBroker.exe", "CommandLine": "C:\\Windows\\System32\\RuntimeBroker.exe -Embedding", "User": "DESKTOP-HQ12\\Developer", "ProcessId": 17248, "ParentImage": "C:\\Windows\\explorer.exe", "UtcTime": "2026-03-20 15:09:49.409", "Computer": "WORKSTATION-01.local"}
{"EventID": 1, "ProviderGuid": "{5770385f-c22a-43e0-bf4c-06f5698ffbd9}", "Image": "C:\\Windows\\System32\\SearchIndexer.exe", "CommandLine": "C:\\Windows\\system32\\SearchIndexer.exe /Embedding", "User": "NT AUTHORITY\\SYSTEM", "ProcessId": 3243, "ParentImage": "C:\\Windows\\explorer.exe", "UtcTime": "2026-03-20 15:09:51.409", "Computer": "WORKSTATION-01.local"}
{"EventID": 1, "ProviderGuid": "{5770385f-c22a-43e0-bf4c-06f5698ffbd9}", "Image": "C:\\Windows\\System32\\conhost.exe", "CommandLine": "\\??\\C:\\Windows\\system32\\conhost.exe 0x4", "User": "DESKTOP-HQ12\\Developer", "ProcessId": 11635, "ParentImage": "C:\\Windows\\explorer.exe", "UtcTime": "2026-03-20 15:09:53.409", "Computer": "WORKSTATION-01.local"}
{"EventID": 1, "ProviderGuid": "{5770385f-c22a-43e0-bf4c-06f5698ffbd9}", "Image": "C:\\Windows\\explorer.exe", "CommandLine": "C:\\Windows\\Explorer.EXE", "User": "DESKTOP-HQ12\\Developer", "ProcessId": 17361, "ParentImage": "C:\\Windows\\explorer.exe", "UtcTime": "2026-03-20 15:09:55.409", "Computer": "WORKSTATION-01.local"}
{"EventID": 1, "ProviderGuid": "{5770385f-c22a-43e0-bf4c-06f5698ffbd9}", "Image": "C:\\Windows\\explorer.exe", "CommandLine": "C:\\Windows\\Explorer.EXE", "User": "DESKTOP-HQ12\\Developer", "ProcessId": 10119, "ParentImage": "C:\\Windows\\explorer.exe", "UtcTime": "2026-03-20 15:09:57.409", "Computer": "WORKSTATION-01.local"}
{"EventID": 1, "ProviderGuid": "{5770385f-c22a-43e0-bf4c-06f5698ffbd9}", "Image": "C:\\Program Files\\Microsoft Office\\root\\Office16\\EXCEL.EXE", "CommandLine": "\"C:\\Program Files\\Microsoft Office\\root\\Office16\\EXCEL.EXE\" /Embedding", "User": "DESKTOP-HQ12\\Developer", "ProcessId": 11889, "ParentImage": "C:\\Windows\\explorer.exe", "UtcTime": "2026-03-20 15:09:59.409", "Computer": "WORKSTATION-01.local"}
{"EventID": 1, "ProviderGuid": "{5770385f-c22a-43e0-bf4c-06f5698ffbd9}", "Image": "C:\\Windows\\System32\\RuntimeBroker.exe", "CommandLine": "C:\\Windows\\System32\\RuntimeBroker.exe -Embedding", "User": "DESKTOP-HQ12\\Developer", "ProcessId": 18607, "ParentImage": "C:\\Windows\\explorer.exe", "UtcTime": "2026-03-20 15:10:01.409", "Computer": "WORKSTATION-01.local"}
{"EventID": 1, "ProviderGuid": "{5770385f-c22a-43e0-bf4c-06f5698ffbd9}", "Image": "C:\\Windows\\System32\\taskhostw.exe", "CommandLine": "taskhostw.exe {222A245B-E637-4AE9-A93F-A59CA119A75E}", "User": "DESKTOP-HQ12\\Developer", "ProcessId": 9872, "ParentImage": "C:\\Windows\\explorer.exe", "UtcTime": "2026-03-20 15:10:03.409", "Computer": "WORKSTATION-01.local"}
{"EventID": 1, "ProviderGuid": "{5770385f-c22a-43e0-bf4c-06f5698ffbd9}", "Image": "C:\\Windows\\System32\\taskhostw.exe", "CommandLine": "taskhostw.exe {222A245B-E637-4AE9-A93F-A59CA119A75E}", "User": "DESKTOP-HQ12\\Developer", "ProcessId": 10087, "ParentImage": "C:\\Windows\\explorer.exe", "UtcTime": "2026-03-20 15:10:05.409", "Computer": "WORKSTATION-01.local"}
{"EventID": 1, "ProviderGuid": "{5770385f-c22a-43e0-bf4c-06f5698ffbd9}", "Image": "C:\\Windows\\System32\\smartscreen.exe", "CommandLine": "C:\\Windows\\System32\\smartscreen.exe -Embedding", "User": "DESKTOP-HQ12\\Developer", "ProcessId": 17976, "ParentImage": "C:\\Windows\\explorer.exe", "UtcTime": "2026-03-20 15:10:07.409", "Computer": "WORKSTATION-01.local"}
{"EventID": 1, "ProviderGuid": "{5770385f-c22a-43e0-bf4c-06f5698ffbd9}", "Image": "C:\\Windows\\System32\\conhost.exe", "CommandLine": "\\??\\C:\\Windows\\system32\\conhost.exe 0x4", "User": "DESKTOP-HQ12\\Developer", "ProcessId": 12382, "ParentImage": "C:\\Windows\\explorer.exe", "UtcTime": "2026-03-20 15:10:09.409", "Computer": "WORKSTATION-01.local"}
{"EventID": 1, "ProviderGuid": "{5770385f-c22a-43e0-bf4c-06f5698ffbd9}", "Image": "C:\\Windows\\System32\\taskhostw.exe", "CommandLine": "taskhostw.exe {222A245B-E637-4AE9-A93F-A59CA119A75E}", "User": "DESKTOP-HQ12\\Developer", "ProcessId": 4551, "ParentImage": "C:\\Windows\\explorer.exe", "UtcTime": "2026-03-20 15:10:11.409", "Computer": "WORKSTATION-01.local"}
{"EventID": 1, "ProviderGuid": "{5770385f-c22a-43e0-bf4c-06f5698ffbd9}", "Image": "C:\\Windows\\System32\\taskhostw.exe", "CommandLine": "taskhostw.exe {222A245B-E637-4AE9-A93F-A59CA119A75E}", "User": "DESKTOP-HQ12\\Developer", "ProcessId": 13765, "ParentImage": "C:\\Windows\\explorer.exe", "UtcTime": "2026-03-20 15:10:13.409", "Computer": "WORKSTATION-01.local"}
{"EventID": 1, "ProviderGuid": "{5770385f-c22a-43e0-bf4c-06f5698ffbd9}", "Image": "C:\\Windows\\System32\\smartscreen.exe", "CommandLine": "C:\\Windows\\System32\\smartscreen.exe -Embedding", "User": "DESKTOP-HQ12\\Developer", "ProcessId": 13888, "ParentImage": "C:\\Windows\\explorer.exe", "UtcTime": "2026-03-20 15:10:15.409", "Computer": "WORKSTATION-01.local"}
{"EventID": 1, "ProviderGuid": "{5770385f-c22a-43e0-bf4c-06f5698ffbd9}", "Image": "C:\\Program Files\\Google\\Chrome\\Application\\chrome.exe", "CommandLine": "\"C:\\Program Files\\Google\\Chrome\\Application\\chrome.exe\" --type=renderer --field-trial-handle=1724", "User": "DESKTOP-HQ12\\Developer", "ProcessId": 10404, "ParentImage": "C:\\Windows\\explorer.exe", "UtcTime": "2026-03-20 15:10:17.409", "Computer": "WORKSTATION-01.local"}
{"EventID": 1, "ProviderGuid": "{5770385f-c22a-43e0-bf4c-06f5698ffbd9}", "Image": "C:\\Windows\\System32\\taskhostw.exe", "CommandLine": "taskhostw.exe {222A245B-E637-4AE9-A93F-A59CA119A75E}", "User": "DESKTOP-HQ12\\Developer", "ProcessId": 10818, "ParentImage": "C:\\Windows\\explorer.exe", "UtcTime": "2026-03-20 15:10:19.409", "Computer": "WORKSTATION-01.local"}
{"EventID": 1, "ProviderGuid": "{5770385f-c22a-43e0-bf4c-06f5698ffbd9}", "Image": "C:\\Windows\\System32\\svchost.exe", "CommandLine": "svchost.exe -k netsvcs -p -s BITS", "User": "NT AUTHORITY\\SYSTEM", "ProcessId": 8455, "ParentImage": "C:\\Windows\\System32\\services.exe", "UtcTime": "2026-03-20 15:10:21.409", "Computer": "WORKSTATION-01.local"}
{"EventID": 1, "ProviderGuid": "{5770385f-c22a-43e0-bf4c-06f5698ffbd9}", "Image": "C:\\Windows\\explorer.exe", "CommandLine": "C:\\Windows\\Explorer.EXE", "User": "DESKTOP-HQ12\\Developer", "ProcessId": 16130, "ParentImage": "C:\\Windows\\explorer.exe", "UtcTime": "2026-03-20 15:10:23.409", "Computer": "WORKSTATION-01.local"}
{"EventID": 1, "ProviderGuid": "{5770385f-c22a-43e0-bf4c-06f5698ffbd9}", "Image": "C:\\Program Files\\Google\\Chrome\\Application\\chrome.exe", "CommandLine": "\"C:\\Program Files\\Google\\Chrome\\Application\\chrome.exe\" --type=renderer --field-trial-handle=1724", "User": "DESKTOP-HQ12\\Developer", "ProcessId": 3827, "ParentImage": "C:\\Windows\\explorer.exe", "UtcTime": "2026-03-20 15:10:25.409", "Computer": "WORKSTATION-01.local"}
{"EventID": 1, "ProviderGuid": "{5770385f-c22a-43e0-bf4c-06f5698ffbd9}", "Image": "C:\\Windows\\System32\\smartscreen.exe", "CommandLine": "C:\\Windows\\System32\\smartscreen.exe -Embedding", "User": "DESKTOP-HQ12\\Developer", "ProcessId": 1822, "ParentImage": "C:\\Windows\\explorer.exe", "UtcTime": "2026-03-20 15:10:27.409", "Computer": "WORKSTATION-01.local"}
{"EventID": 1, "ProviderGuid": "{5770385f-c22a-43e0-bf4c-06f5698ffbd9}", "Image": "C:\\Windows\\System32\\audiodg.exe", "CommandLine": "C:\\Windows\\system32\\AUDIODG.EXE", "User": "DESKTOP-HQ12\\Developer", "ProcessId": 13092, "ParentImage": "C:\\Windows\\explorer.exe", "UtcTime": "2026-03-20 15:10:29.409", "Computer": "WORKSTATION-01.local"}
{"EventID": 1, "ProviderGuid": "{5770385f-c22a-43e0-bf4c-06f5698ffbd9}", "Image": "C:\\Program Files\\Microsoft Office\\root\\Office16\\EXCEL.EXE", "CommandLine": "\"C:\\Program Files\\Microsoft Office\\root\\Office16\\EXCEL.EXE\" /Embedding", "User": "DESKTOP-HQ12\\Developer", "ProcessId": 14401, "ParentImage": "C:\\Windows\\explorer.exe", "UtcTime": "2026-03-20 15:10:31.409", "Computer": "WORKSTATION-01.local"}
{"EventID": 1, "ProviderGuid": "{5770385f-c22a-43e0-bf4c-06f5698ffbd9}", "Image": "C:\\Windows\\System32\\svchost.exe", "CommandLine": "svchost.exe -k netsvcs -p -s BITS", "User": "NT AUTHORITY\\SYSTEM", "ProcessId": 17249, "ParentImage": "C:\\Windows\\System32\\services.exe", "UtcTime": "2026-03-20 15:10:33.409", "Computer": "WORKSTATION-01.local"}
{"EventID": 1, "ProviderGuid": "{5770385f-c22a-43e0-bf4c-06f5698ffbd9}", "Image": "C:\\Program Files\\Google\\Chrome\\Application\\chrome.exe", "CommandLine": "\"C:\\Program Files\\Google\\Chrome\\Application\\chrome.exe\" --type=renderer --field-trial-handle=1724", "User": "DESKTOP-HQ12\\Developer", "ProcessId": 15501, "ParentImage": "C:\\Windows\\explorer.exe", "UtcTime": "2026-03-20 15:10:35.409", "Computer": "WORKSTATION-01.local"}
{"EventID": 1, "ProviderGuid": "{5770385f-c22a-43e0-bf4c-06f5698ffbd9}", "Image": "C:\\Windows\\System32\\svchost.exe", "CommandLine": "svchost.exe -k netsvcs -p -s BITS", "User": "NT AUTHORITY\\SYSTEM", "ProcessId": 12369, "ParentImage": "C:\\Windows\\System32\\services.exe", "UtcTime": "2026-03-20 15:10:37.409", "Computer": "WORKSTATION-01.local"}
{"EventID": 1, "ProviderGuid": "{5770385f-c22a-43e0-bf4c-06f5698ffbd9}", "Image": "C:\\Windows\\System32\\audiodg.exe", "CommandLine": "C:\\Windows\\system32\\AUDIODG.EXE", "User": "DESKTOP-HQ12\\Developer", "ProcessId": 8268, "ParentImage": "C:\\Windows\\explorer.exe", "UtcTime": "2026-03-20 15:10:39.409", "Computer": "WORKSTATION-01.local"}
{"EventID": 1, "ProviderGuid": "{5770385f-c22a-43e0-bf4c-06f5698ffbd9}", "Image": "C:\\Program Files\\Google\\Chrome\\Application\\chrome.exe", "CommandLine": "\"C:\\Program Files\\Google\\Chrome\\Application\\chrome.exe\" --type=renderer --field-trial-handle=1724", "User": "DESKTOP-HQ12\\Developer", "ProcessId": 12028, "ParentImage": "C:\\Windows\\explorer.exe", "UtcTime": "2026-03-20 15:10:41.409", "Computer": "WORKSTATION-01.local"}
{"EventID": 1, "ProviderGuid": "{5770385f-c22a-43e0-bf4c-06f5698ffbd9}", "Image": "C:\\Windows\\System32\\audiodg.exe", "CommandLine": "C:\\Windows\\system32\\AUDIODG.EXE", "User": "DESKTOP-HQ12\\Developer", "ProcessId": 11008, "ParentImage": "C:\\Windows\\explorer.exe", "UtcTime": "2026-03-20 15:10:43.409", "Computer": "WORKSTATION-01.local"}
{"EventID": 1, "ProviderGuid": "{5770385f-c22a-43e0-bf4c-06f5698ffbd9}", "Image": "C:\\Windows\\System32\\SearchIndexer.exe", "CommandLine": "C:\\Windows\\system32\\SearchIndexer.exe /Embedding", "User": "NT AUTHORITY\\SYSTEM", "ProcessId": 17251, "ParentImage": "C:\\Windows\\explorer.exe", "UtcTime": "2026-03-20 15:10:45.409", "Computer": "WORKSTATION-01.local"}
{"EventID": 1, "ProviderGuid": "{5770385f-c22a-43e0-bf4c-06f5698ffbd9}", "Image": "C:\\Windows\\System32\\SearchIndexer.exe", "CommandLine": "C:\\Windows\\system32\\SearchIndexer.exe /Embedding", "User": "NT AUTHORITY\\SYSTEM", "ProcessId": 1156, "ParentImage": "C:\\Windows\\explorer.exe", "UtcTime": "2026-03-20 15:10:47.409", "Computer": "WORKSTATION-01.local"}
{"EventID": 1, "ProviderGuid": "{5770385f-c22a-43e0-bf4c-06f5698ffbd9}", "Image": "C:\\Windows\\System32\\taskhostw.exe", "CommandLine": "taskhostw.exe {222A245B-E637-4AE9-A93F-A59CA119A75E}", "User": "DESKTOP-HQ12\\Developer", "ProcessId": 14806, "ParentImage": "C:\\Windows\\explorer.exe", "UtcTime": "2026-03-20 15:10:49.409", "Computer": "WORKSTATION-01.local"}
{"EventID": 1, "ProviderGuid": "{5770385f-c22a-43e0-bf4c-06f5698ffbd9}", "Image": "C:\\Windows\\System32\\audiodg.exe", "CommandLine": "C:\\Windows\\system32\\AUDIODG.EXE", "User": "DESKTOP-HQ12\\Developer", "ProcessId": 6383, "ParentImage": "C:\\Windows\\explorer.exe", "UtcTime": "2026-03-20 15:10:51.409", "Computer": "WORKSTATION-01.local"}
{"EventID": 1, "ProviderGuid": "{5770385f-c22a-43e0-bf4c-06f5698ffbd9}", "Image": "C:\\Program Files\\Google\\Chrome\\Application\\chrome.exe", "CommandLine": "\"C:\\Program Files\\Google\\Chrome\\Application\\chrome.exe\" --type=renderer --field-trial-handle=1724", "User": "DESKTOP-HQ12\\Developer", "ProcessId": 11755, "ParentImage": "C:\\Windows\\explorer.exe", "UtcTime": "2026-03-20 15:10:53.409", "Computer": "WORKSTATION-01.local"}
{"EventID": 1, "ProviderGuid": "{5770385f-c22a-43e0-bf4c-06f5698ffbd9}", "Image": "C:\\Program Files\\Microsoft Office\\root\\Office16\\EXCEL.EXE", "CommandLine": "\"C:\\Program Files\\Microsoft Office\\root\\Office16\\EXCEL.EXE\" /Embedding", "User": "DESKTOP-HQ12\\Developer", "ProcessId": 2003, "ParentImage": "C:\\Windows\\explorer.exe", "UtcTime": "2026-03-20 15:10:55.409", "Computer": "WORKSTATION-01.local"}
{"EventID": 1, "ProviderGuid": "{5770385f-c22a-43e0-bf4c-06f5698ffbd9}", "Image": "C:\\Windows\\System32\\audiodg.exe", "CommandLine": "C:\\Windows\\system32\\AUDIODG.EXE", "User": "DESKTOP-HQ12\\Developer", "ProcessId": 15329, "ParentImage": "C:\\Windows\\explorer.exe", "UtcTime": "2026-03-20 15:10:57.409", "Computer": "WORKSTATION-01.local"}
{"EventID": 1, "ProviderGuid": "{5770385f-c22a-43e0-bf4c-06f5698ffbd9}", "Image": "C:\\Program Files\\Google\\Chrome\\Application\\chrome.exe", "CommandLine": "\"C:\\Program Files\\Google\\Chrome\\Application\\chrome.exe\" --type=renderer --field-trial-handle=1724", "User": "DESKTOP-HQ12\\Developer", "ProcessId": 10834, "ParentImage": "C:\\Windows\\explorer.exe", "UtcTime": "2026-03-20 15:10:59.409", "Computer": "WORKSTATION-01.local"}
{"EventID": 1, "ProviderGuid": "{5770385f-c22a-43e0-bf4c-06f5698ffbd9}", "Image": "C:\\Program Files\\Microsoft Office\\root\\Office16\\EXCEL.EXE", "CommandLine": "\"C:\\Program Files\\Microsoft Office\\root\\Office16\\EXCEL.EXE\" /Embedding", "User": "DESKTOP-HQ12\\Developer", "ProcessId": 14304, "ParentImage": "C:\\Windows\\explorer.exe", "UtcTime": "2026-03-20 15:11:01.409", "Computer": "WORKSTATION-01.local"}
{"EventID": 1, "ProviderGuid": "{5770385f-c22a-43e0-bf4c-06f5698ffbd9}", "Image": "C:\\Windows\\System32\\RuntimeBroker.exe", "CommandLine": "C:\\Windows\\System32\\RuntimeBroker.exe -Embedding", "User": "DESKTOP-HQ12\\Developer", "ProcessId": 9820, "ParentImage": "C:\\Windows\\explorer.exe", "UtcTime": "2026-03-20 15:11:03.409", "Computer": "WORKSTATION-01.local"}
{"EventID": 1, "ProviderGuid": "{5770385f-c22a-43e0-bf4c-06f5698ffbd9}", "Image": "C:\\Program Files\\Microsoft Office\\root\\Office16\\EXCEL.EXE", "CommandLine": "\"C:\\Program Files\\Microsoft Office\\root\\Office16\\EXCEL.EXE\" /Embedding", "User": "DESKTOP-HQ12\\Developer", "ProcessId": 17320, "ParentImage": "C:\\Windows\\explorer.exe", "UtcTime": "2026-03-20 15:11:05.409", "Computer": "WORKSTATION-01.local"}
{"EventID": 1, "ProviderGuid": "{5770385f-c22a-43e0-bf4c-06f5698ffbd9}", "Image": "C:\\Program Files\\Microsoft Office\\root\\Office16\\EXCEL.EXE", "CommandLine": "\"C:\\Program Files\\Microsoft Office\\root\\Office16\\EXCEL.EXE\" /Embedding", "User": "DESKTOP-HQ12\\Developer", "ProcessId": 3280, "ParentImage": "C:\\Windows\\explorer.exe", "UtcTime": "2026-03-20 15:11:07.409", "Computer": "WORKSTATION-01.local"}
{"EventID": 1, "ProviderGuid": "{5770385f-c22a-43e0-bf4c-06f5698ffbd9}", "Image": "C:\\Windows\\System32\\conhost.exe", "CommandLine": "\\??\\C:\\Windows\\system32\\conhost.exe 0x4", "User": "DESKTOP-HQ12\\Developer", "ProcessId": 10408, "ParentImage": "C:\\Windows\\explorer.exe", "UtcTime": "2026-03-20 15:11:09.409", "Computer": "WORKSTATION-01.local"}
{"EventID": 1, "ProviderGuid": "{5770385f-c22a-43e0-bf4c-06f5698ffbd9}", "Image": "C:\\Windows\\System32\\taskhostw.exe", "CommandLine": "taskhostw.exe {222A245B-E637-4AE9-A93F-A59CA119A75E}", "User": "DESKTOP-HQ12\\Developer", "ProcessId": 18792, "ParentImage": "C:\\Windows\\explorer.exe", "UtcTime": "2026-03-20 15:11:11.409", "Computer": "WORKSTATION-01.local"}
{"EventID": 1, "ProviderGuid": "{5770385f-c22a-43e0-bf4c-06f5698ffbd9}", "Image": "C:\\Windows\\System32\\SearchIndexer.exe", "CommandLine": "C:\\Windows\\system32\\SearchIndexer.exe /Embedding", "User": "NT AUTHORITY\\SYSTEM", "ProcessId": 16352, "ParentImage": "C:\\Windows\\explorer.exe", "UtcTime": "2026-03-20 15:11:13.409", "Computer": "WORKSTATION-01.local"}
{"EventID": 1, "ProviderGuid": "{5770385f-c22a-43e0-bf4c-06f5698ffbd9}", "Image": "C:\\Windows\\System32\\conhost.exe", "CommandLine": "\\??\\C:\\Windows\\system32\\conhost.exe 0x4", "User": "DESKTOP-HQ12\\Developer", "ProcessId": 9298, "ParentImage": "C:\\Windows\\explorer.exe", "UtcTime": "2026-03-20 15:11:15.409", "Computer": "WORKSTATION-01.local"}
{"EventID": 1, "ProviderGuid": "{5770385f-c22a-43e0-bf4c-06f5698ffbd9}", "Image": "C:\\Windows\\explorer.exe", "CommandLine": "C:\\Windows\\Explorer.EXE", "User": "DESKTOP-HQ12\\Developer", "ProcessId": 8509, "ParentImage": "C:\\Windows\\explorer.exe", "UtcTime": "2026-03-20 15:11:17.409", "Computer": "WORKSTATION-01.local"}
{"EventID": 1, "ProviderGuid": "{5770385f-c22a-43e0-bf4c-06f5698ffbd9}", "Image": "C:\\Windows\\explorer.exe", "CommandLine": "C:\\Windows\\Explorer.EXE", "User": "DESKTOP-HQ12\\Developer", "ProcessId": 6748, "ParentImage": "C:\\Windows\\explorer.exe", "UtcTime": "2026-03-20 15:11:19.409", "Computer": "WORKSTATION-01.local"}
{"EventID": 1, "ProviderGuid": "{5770385f-c22a-43e0-bf4c-06f5698ffbd9}", "Image": "C:\\Windows\\System32\\audiodg.exe", "CommandLine": "C:\\Windows\\system32\\AUDIODG.EXE", "User": "DESKTOP-HQ12\\Developer", "ProcessId": 8611, "ParentImage": "C:\\Windows\\explorer.exe", "UtcTime": "2026-03-20 15:11:21.409", "Computer": "WORKSTATION-01.local"}
{"EventID": 1, "ProviderGuid": "{5770385f-c22a-43e0-bf4c-06f5698ffbd9}", "Image": "C:\\Windows\\System32\\conhost.exe", "CommandLine": "\\??\\C:\\Windows\\system32\\conhost.exe 0x4", "User": "DESKTOP-HQ12\\Developer", "ProcessId": 6924, "ParentImage": "C:\\Windows\\explorer.exe", "UtcTime": "2026-03-20 15:11:23.409", "Computer": "WORKSTATION-01.local"}
{"EventID": 1, "ProviderGuid": "{5770385f-c22a-43e0-bf4c-06f5698ffbd9}", "Image": "C:\\Windows\\explorer.exe", "CommandLine": "C:\\Windows\\Explorer.EXE", "User": "DESKTOP-HQ12\\Developer", "ProcessId": 1800, "ParentImage": "C:\\Windows\\explorer.exe", "UtcTime": "2026-03-20 15:11:25.409", "Computer": "WORKSTATION-01.local"}
{"EventID": 1, "ProviderGuid": "{5770385f-c22a-43e0-bf4c-06f5698ffbd9}", "Image": "C:\\Windows\\System32\\smartscreen.exe", "CommandLine": "C:\\Windows\\System32\\smartscreen.exe -Embedding", "User": "DESKTOP-HQ12\\Developer", "ProcessId": 7838, "ParentImage": "C:\\Windows\\explorer.exe", "UtcTime": "2026-03-20 15:11:27.409", "Computer": "WORKSTATION-01.local"}
{"EventID": 1, "ProviderGuid": "{5770385f-c22a-43e0-bf4c-06f5698ffbd9}", "Image": "C:\\Windows\\System32\\conhost.exe", "CommandLine": "\\??\\C:\\Windows\\system32\\conhost.exe 0x4", "User": "DESKTOP-HQ12\\Developer", "ProcessId": 6712, "ParentImage": "C:\\Windows\\explorer.exe", "UtcTime": "2026-03-20 15:11:29.409", "Computer": "WORKSTATION-01.local"}
{"EventID": 1, "ProviderGuid": "{5770385f-c22a-43e0-bf4c-06f5698ffbd9}", "Image": "C:\\Windows\\System32\\svchost.exe", "CommandLine": "svchost.exe -k netsvcs -p -s BITS", "User": "NT AUTHORITY\\SYSTEM", "ProcessId": 8576, "ParentImage": "C:\\Windows\\System32\\services.exe", "UtcTime": "2026-03-20 15:11:31.409", "Computer": "WORKSTATION-01.local"}
{"EventID": 1, "ProviderGuid": "{5770385f-c22a-43e0-bf4c-06f5698ffbd9}", "Image": "C:\\Windows\\System32\\conhost.exe", "CommandLine": "\\??\\C:\\Windows\\system32\\conhost.exe 0x4", "User": "DESKTOP-HQ12\\Developer", "ProcessId": 5276, "ParentImage": "C:\\Windows\\explorer.exe", "UtcTime": "2026-03-20 15:11:33.409", "Computer": "WORKSTATION-01.local"}
{"EventID": 1, "ProviderGuid": "{5770385f-c22a-43e0-bf4c-06f5698ffbd9}", "Image": "C:\\Program Files\\Microsoft Office\\root\\Office16\\EXCEL.EXE", "CommandLine": "\"C:\\Program Files\\Microsoft Office\\root\\Office16\\EXCEL.EXE\" /Embedding", "User": "DESKTOP-HQ12\\Developer", "ProcessId": 12142, "ParentImage": "C:\\Windows\\explorer.exe", "UtcTime": "2026-03-20 15:11:35.409", "Computer": "WORKSTATION-01.local"}
{"EventID": 1, "ProviderGuid": "{5770385f-c22a-43e0-bf4c-06f5698ffbd9}", "Image": "C:\\Windows\\System32\\audiodg.exe", "CommandLine": "C:\\Windows\\system32\\AUDIODG.EXE", "User": "DESKTOP-HQ12\\Developer", "ProcessId": 13462, "ParentImage": "C:\\Windows\\explorer.exe", "UtcTime": "2026-03-20 15:11:37.409", "Computer": "WORKSTATION-01.local"}
{"EventID": 1, "ProviderGuid": "{5770385f-c22a-43e0-bf4c-06f5698ffbd9}", "Image": "C:\\Windows\\System32\\RuntimeBroker.exe", "CommandLine": "C:\\Windows\\System32\\RuntimeBroker.exe -Embedding", "User": "DESKTOP-HQ12\\Developer", "ProcessId": 1204, "ParentImage": "C:\\Windows\\explorer.exe", "UtcTime": "2026-03-20 15:11:39.409", "Computer": "WORKSTATION-01.local"}
{"EventID": 1, "ProviderGuid": "{5770385f-c22a-43e0-bf4c-06f5698ffbd9}", "Image": "C:\\Windows\\System32\\SearchIndexer.exe", "CommandLine": "C:\\Windows\\system32\\SearchIndexer.exe /Embedding", "User": "NT AUTHORITY\\SYSTEM", "ProcessId": 15799, "ParentImage": "C:\\Windows\\explorer.exe", "UtcTime": "2026-03-20 15:11:41.409", "Computer": "WORKSTATION-01.local"}
{"EventID": 1, "ProviderGuid": "{5770385f-c22a-43e0-bf4c-06f5698ffbd9}", "Image": "C:\\Program Files\\Microsoft Office\\root\\Office16\\EXCEL.EXE", "CommandLine": "\"C:\\Program Files\\Microsoft Office\\root\\Office16\\EXCEL.EXE\" /Embedding", "User": "DESKTOP-HQ12\\Developer", "ProcessId": 12736, "ParentImage": "C:\\Windows\\explorer.exe", "UtcTime": "2026-03-20 15:11:43.409", "Computer": "WORKSTATION-01.local"}
{"EventID": 1, "ProviderGuid": "{5770385f-c22a-43e0-bf4c-06f5698ffbd9}", "Image": "C:\\Program Files\\Google\\Chrome\\Application\\chrome.exe", "CommandLine": "\"C:\\Program Files\\Google\\Chrome\\Application\\chrome.exe\" --type=renderer --field-trial-handle=1724", "User": "DESKTOP-HQ12\\Developer", "ProcessId": 2284, "ParentImage": "C:\\Windows\\explorer.exe", "UtcTime": "2026-03-20 15:11:45.409", "Computer": "WORKSTATION-01.local"}
{"EventID": 1, "ProviderGuid": "{5770385f-c22a-43e0-bf4c-06f5698ffbd9}", "Image": "C:\\Windows\\System32\\taskhostw.exe", "CommandLine": "taskhostw.exe {222A245B-E637-4AE9-A93F-A59CA119A75E}", "User": "DESKTOP-HQ12\\Developer", "ProcessId": 19218, "ParentImage": "C:\\Windows\\explorer.exe", "UtcTime": "2026-03-20 15:11:47.409", "Computer": "WORKSTATION-01.local"}
{"EventID": 1, "ProviderGuid": "{5770385f-c22a-43e0-bf4c-06f5698ffbd9}", "Image": "C:\\Program Files\\Google\\Chrome\\Application\\chrome.exe", "CommandLine": "\"C:\\Program Files\\Google\\Chrome\\Application\\chrome.exe\" --type=renderer --field-trial-handle=1724", "User": "DESKTOP-HQ12\\Developer", "ProcessId": 7832, "ParentImage": "C:\\Windows\\explorer.exe", "UtcTime": "2026-03-20 15:11:49.409", "Computer": "WORKSTATION-01.local"}
{"EventID": 1, "ProviderGuid": "{5770385f-c22a-43e0-bf4c-06f5698ffbd9}", "Image": "C:\\Windows\\System32\\smartscreen.exe", "CommandLine": "C:\\Windows\\System32\\smartscreen.exe -Embedding", "User": "DESKTOP-HQ12\\Developer", "ProcessId": 6488, "ParentImage": "C:\\Windows\\explorer.exe", "UtcTime": "2026-03-20 15:11:51.409", "Computer": "WORKSTATION-01.local"}
{"EventID": 1, "ProviderGuid": "{5770385f-c22a-43e0-bf4c-06f5698ffbd9}", "Image": "C:\\Windows\\System32\\taskhostw.exe", "CommandLine": "taskhostw.exe {222A245B-E637-4AE9-A93F-A59CA119A75E}", "User": "DESKTOP-HQ12\\Developer", "ProcessId": 4221, "ParentImage": "C:\\Windows\\explorer.exe", "UtcTime": "2026-03-20 15:11:53.409", "Computer": "WORKSTATION-01.local"}
{"EventID": 1, "ProviderGuid": "{5770385f-c22a-43e0-bf4c-06f5698ffbd9}", "Image": "C:\\Windows\\System32\\SearchIndexer.exe", "CommandLine": "C:\\Windows\\system32\\SearchIndexer.exe /Embedding", "User": "NT AUTHORITY\\SYSTEM", "ProcessId": 7250, "ParentImage": "C:\\Windows\\explorer.exe", "UtcTime": "2026-03-20 15:11:55.409", "Computer": "WORKSTATION-01.local"}
{"EventID": 1, "ProviderGuid": "{5770385f-c22a-43e0-bf4c-06f5698ffbd9}", "Image": "C:\\Windows\\System32\\smartscreen.exe", "CommandLine": "C:\\Windows\\System32\\smartscreen.exe -Embedding", "User": "DESKTOP-HQ12\\Developer", "ProcessId": 8258, "ParentImage": "C:\\Windows\\explorer.exe", "UtcTime": "2026-03-20 15:11:57.409", "Computer": "WORKSTATION-01.local"}
{"EventID": 1, "ProviderGuid": "{5770385f-c22a-43e0-bf4c-06f5698ffbd9}", "Image": "C:\\Windows\\System32\\smartscreen.exe", "CommandLine": "C:\\Windows\\System32\\smartscreen.exe -Embedding", "User": "DESKTOP-HQ12\\Developer", "ProcessId": 8071, "ParentImage": "C:\\Windows\\explorer.exe", "UtcTime": "2026-03-20 15:11:59.409", "Computer": "WORKSTATION-01.local"}
{"EventID": 1, "ProviderGuid": "{5770385f-c22a-43e0-bf4c-06f5698ffbd9}", "Image": "C:\\Windows\\System32\\svchost.exe", "CommandLine": "svchost.exe -k netsvcs -p -s BITS", "User": "NT AUTHORITY\\SYSTEM", "ProcessId": 8707, "ParentImage": "C:\\Windows\\System32\\services.exe", "UtcTime": "2026-03-20 15:12:01.409", "Computer": "WORKSTATION-01.local"}
{"EventID": 1, "ProviderGuid": "{5770385f-c22a-43e0-bf4c-06f5698ffbd9}", "Image": "C:\\Program Files\\Google\\Chrome\\Application\\chrome.exe", "CommandLine": "\"C:\\Program Files\\Google\\Chrome\\Application\\chrome.exe\" --type=renderer --field-trial-handle=1724", "User": "DESKTOP-HQ12\\Developer", "ProcessId": 8611, "ParentImage": "C:\\Windows\\explorer.exe", "UtcTime": "2026-03-20 15:12:03.409", "Computer": "WORKSTATION-01.local"}
{"EventID": 1, "ProviderGuid": "{5770385f-c22a-43e0-bf4c-06f5698ffbd9}", "Image": "C:\\Windows\\explorer.exe", "CommandLine": "C:\\Windows\\Explorer.EXE", "User": "DESKTOP-HQ12\\Developer", "ProcessId": 1260, "ParentImage": "C:\\Windows\\explorer.exe", "UtcTime": "2026-03-20 15:12:05.409", "Computer": "WORKSTATION-01.local"}
{"EventID": 1, "ProviderGuid": "{5770385f-c22a-43e0-bf4c-06f5698ffbd9}", "Image": "C:\\Windows\\System32\\svchost.exe", "CommandLine": "svchost.exe -k netsvcs -p -s BITS", "User": "NT AUTHORITY\\SYSTEM", "ProcessId": 9231, "ParentImage": "C:\\Windows\\System32\\services.exe", "UtcTime": "2026-03-20 15:12:07.409", "Computer": "WORKSTATION-01.local"}
{"EventID": 1, "ProviderGuid": "{5770385f-c22a-43e0-bf4c-06f5698ffbd9}", "Image": "C:\\Windows\\System32\\conhost.exe", "CommandLine": "\\??\\C:\\Windows\\system32\\conhost.exe 0x4", "User": "DESKTOP-HQ12\\Developer", "ProcessId": 19913, "ParentImage": "C:\\Windows\\explorer.exe", "UtcTime": "2026-03-20 15:12:09.409", "Computer": "WORKSTATION-01.local"}
{"EventID": 1, "ProviderGuid": "{5770385f-c22a-43e0-bf4c-06f5698ffbd9}", "Image": "C:\\Windows\\System32\\svchost.exe", "CommandLine": "svchost.exe -k netsvcs -p -s BITS", "User": "NT AUTHORITY\\SYSTEM", "ProcessId": 8456, "ParentImage": "C:\\Windows\\System32\\services.exe", "UtcTime": "2026-03-20 15:12:11.409", "Computer": "WORKSTATION-01.local"}
{"EventID": 1, "ProviderGuid": "{5770385f-c22a-43e0-bf4c-06f5698ffbd9}", "Image": "C:\\Windows\\System32\\smartscreen.exe", "CommandLine": "C:\\Windows\\System32\\smartscreen.exe -Embedding", "User": "DESKTOP-HQ12\\Developer", "ProcessId": 4405, "ParentImage": "C:\\Windows\\explorer.exe", "UtcTime": "2026-03-20 15:12:13.409", "Computer": "WORKSTATION-01.local"}
{"EventID": 1, "ProviderGuid": "{5770385f-c22a-43e0-bf4c-06f5698ffbd9}", "Image": "C:\\Windows\\System32\\SearchIndexer.exe", "CommandLine": "C:\\Windows\\system32\\SearchIndexer.exe /Embedding", "User": "NT AUTHORITY\\SYSTEM", "ProcessId": 2149, "ParentImage": "C:\\Windows\\explorer.exe", "UtcTime": "2026-03-20 15:12:15.409", "Computer": "WORKSTATION-01.local"}
{"EventID": 1, "ProviderGuid": "{5770385f-c22a-43e0-bf4c-06f5698ffbd9}", "Image": "C:\\Windows\\System32\\smartscreen.exe", "CommandLine": "C:\\Windows\\System32\\smartscreen.exe -Embedding", "User": "DESKTOP-HQ12\\Developer", "ProcessId": 16001, "ParentImage": "C:\\Windows\\explorer.exe", "UtcTime": "2026-03-20 15:12:17.409", "Computer": "WORKSTATION-01.local"}
{"EventID": 1, "ProviderGuid": "{5770385f-c22a-43e0-bf4c-06f5698ffbd9}", "Image": "C:\\Windows\\System32\\smartscreen.exe", "CommandLine": "C:\\Windows\\System32\\smartscreen.exe -Embedding", "User": "DESKTOP-HQ12\\Developer", "ProcessId": 10250, "ParentImage": "C:\\Windows\\explorer.exe", "UtcTime": "2026-03-20 15:12:19.409", "Computer": "WORKSTATION-01.local"}
{"EventID": 1, "ProviderGuid": "{5770385f-c22a-43e0-bf4c-06f5698ffbd9}", "Image": "C:\\Windows\\System32\\audiodg.exe", "CommandLine": "C:\\Windows\\system32\\AUDIODG.EXE", "User": "DESKTOP-HQ12\\Developer", "ProcessId": 18834, "ParentImage": "C:\\Windows\\explorer.exe", "UtcTime": "2026-03-20 15:12:21.409", "Computer": "WORKSTATION-01.local"}
{"EventID": 1, "ProviderGuid": "{5770385f-c22a-43e0-bf4c-06f5698ffbd9}", "Image": "C:\\Windows\\System32\\audiodg.exe", "CommandLine": "C:\\Windows\\system32\\AUDIODG.EXE", "User": "DESKTOP-HQ12\\Developer", "ProcessId": 13462, "ParentImage": "C:\\Windows\\explorer.exe", "UtcTime": "2026-03-20 15:12:23.409", "Computer": "WORKSTATION-01.local"}
{"EventID": 1, "ProviderGuid": "{5770385f-c22a-43e0-bf4c-06f5698ffbd9}", "Image": "C:\\Windows\\System32\\SearchIndexer.exe", "CommandLine": "C:\\Windows\\system32\\SearchIndexer.exe /Embedding", "User": "NT AUTHORITY\\SYSTEM", "ProcessId": 2689, "ParentImage": "C:\\Windows\\explorer.exe", "UtcTime": "2026-03-20 15:12:25.409", "Computer": "WORKSTATION-01.local"}
{"EventID": 1, "ProviderGuid": "{5770385f-c22a-43e0-bf4c-06f5698ffbd9}", "Image": "C:\\Windows\\System32\\taskhostw.exe", "CommandLine": "taskhostw.exe {222A245B-E637-4AE9-A93F-A59CA119A75E}", "User": "DESKTOP-HQ12\\Developer", "ProcessId": 12884, "ParentImage": "C:\\Windows\\explorer.exe", "UtcTime": "2026-03-20 15:12:27.409", "Computer": "WORKSTATION-01.local"}
{"EventID": 1, "ProviderGuid": "{5770385f-c22a-43e0-bf4c-06f5698ffbd9}", "Image": "C:\\Windows\\System32\\conhost.exe", "CommandLine": "\\??\\C:\\Windows\\system32\\conhost.exe 0x4", "User": "DESKTOP-HQ12\\Developer", "ProcessId": 12635, "ParentImage": "C:\\Windows\\explorer.exe", "UtcTime": "2026-03-20 15:12:29.409", "Computer": "WORKSTATION-01.local"}
{"EventID": 1, "ProviderGuid": "{5770385f-c22a-43e0-bf4c-06f5698ffbd9}", "Image": "C:\\Windows\\System32\\audiodg.exe", "CommandLine": "C:\\Windows\\system32\\AUDIODG.EXE", "User": "DESKTOP-HQ12\\Developer", "ProcessId": 1238, "ParentImage": "C:\\Windows\\explorer.exe", "UtcTime": "2026-03-20 15:12:31.409", "Computer": "WORKSTATION-01.local"}
{"EventID": 1, "ProviderGuid": "{5770385f-c22a-43e0-bf4c-06f5698ffbd9}", "Image": "C:\\Program Files\\Microsoft Office\\root\\Office16\\EXCEL.EXE", "CommandLine": "\"C:\\Program Files\\Microsoft Office\\root\\Office16\\EXCEL.EXE\" /Embedding", "User": "DESKTOP-HQ12\\Developer", "ProcessId": 8093, "ParentImage": "C:\\Windows\\explorer.exe", "UtcTime": "2026-03-20 15:12:33.409", "Computer": "WORKSTATION-01.local"}
{"EventID": 1, "ProviderGuid": "{5770385f-c22a-43e0-bf4c-06f5698ffbd9}", "Image": "C:\\Windows\\System32\\conhost.exe", "CommandLine": "\\??\\C:\\Windows\\system32\\conhost.exe 0x4", "User": "DESKTOP-HQ12\\Developer", "ProcessId": 10545, "ParentImage": "C:\\Windows\\explorer.exe", "UtcTime": "2026-03-20 15:12:35.409", "Computer": "WORKSTATION-01.local"}
{"EventID": 1, "ProviderGuid": "{5770385f-c22a-43e0-bf4c-06f5698ffbd9}", "Image": "C:\\Windows\\System32\\taskhostw.exe", "CommandLine": "taskhostw.exe {222A245B-E637-4AE9-A93F-A59CA119A75E}", "User": "DESKTOP-HQ12\\Developer", "ProcessId": 11649, "ParentImage": "C:\\Windows\\explorer.exe", "UtcTime": "2026-03-20 15:12:37.409", "Computer": "WORKSTATION-01.local"}
{"EventID": 1, "ProviderGuid": "{5770385f-c22a-43e0-bf4c-06f5698ffbd9}", "Image": "C:\\Windows\\explorer.exe", "CommandLine": "C:\\Windows\\Explorer.EXE", "User": "DESKTOP-HQ12\\Developer", "ProcessId": 2274, "ParentImage": "C:\\Windows\\explorer.exe", "UtcTime": "2026-03-20 15:12:39.409", "Computer": "WORKSTATION-01.local"}
{"EventID": 1, "ProviderGuid": "{5770385f-c22a-43e0-bf4c-06f5698ffbd9}", "Image": "C:\\Windows\\explorer.exe", "CommandLine": "C:\\Windows\\Explorer.EXE", "User": "DESKTOP-HQ12\\Developer", "ProcessId": 1287, "ParentImage": "C:\\Windows\\explorer.exe", "UtcTime": "2026-03-20 15:12:41.409", "Computer": "WORKSTATION-01.local"}
{"EventID": 1, "ProviderGuid": "{5770385f-c22a-43e0-bf4c-06f5698ffbd9}", "Image": "C:\\Windows\\System32\\svchost.exe", "CommandLine": "svchost.exe -k netsvcs -p -s BITS", "User": "NT AUTHORITY\\SYSTEM", "ProcessId": 14407, "ParentImage": "C:\\Windows\\System32\\services.exe", "UtcTime": "2026-03-20 15:12:43.409", "Computer": "WORKSTATION-01.local"}
{"EventID": 1, "ProviderGuid": "{5770385f-c22a-43e0-bf4c-06f5698ffbd9}", "Image": "C:\\Windows\\System32\\RuntimeBroker.exe", "CommandLine": "C:\\Windows\\System32\\RuntimeBroker.exe -Embedding", "User": "DESKTOP-HQ12\\Developer", "ProcessId": 19039, "ParentImage": "C:\\Windows\\explorer.exe", "UtcTime": "2026-03-20 15:12:45.409", "Computer": "WORKSTATION-01.local"}
{"EventID": 1, "ProviderGuid": "{5770385f-c22a-43e0-bf4c-06f5698ffbd9}", "Image": "C:\\Windows\\System32\\SearchIndexer.exe", "CommandLine": "C:\\Windows\\system32\\SearchIndexer.exe /Embedding", "User": "NT AUTHORITY\\SYSTEM", "ProcessId": 1931, "ParentImage": "C:\\Windows\\explorer.exe", "UtcTime": "2026-03-20 15:12:47.409", "Computer": "WORKSTATION-01.local"}
{"EventID": 1, "ProviderGuid": "{5770385f-c22a-43e0-bf4c-06f5698ffbd9}", "Image": "C:\\Windows\\System32\\RuntimeBroker.exe", "CommandLine": "C:\\Windows\\System32\\RuntimeBroker.exe -Embedding", "User": "DESKTOP-HQ12\\Developer", "ProcessId": 1857, "ParentImage": "C:\\Windows\\explorer.exe", "UtcTime": "2026-03-20 15:12:49.409", "Computer": "WORKSTATION-01.local"}
{"EventID": 1, "ProviderGuid": "{5770385f-c22a-43e0-bf4c-06f5698ffbd9}", "Image": "C:\\Windows\\System32\\smartscreen.exe", "CommandLine": "C:\\Windows\\System32\\smartscreen.exe -Embedding", "User": "DESKTOP-HQ12\\Developer", "ProcessId": 7501, "ParentImage": "C:\\Windows\\explorer.exe", "UtcTime": "2026-03-20 15:12:51.409", "Computer": "WORKSTATION-01.local"}
{"EventID": 1, "ProviderGuid": "{5770385f-c22a-43e0-bf4c-06f5698ffbd9}", "Image": "C:\\Windows\\System32\\svchost.exe", "CommandLine": "svchost.exe -k netsvcs -p -s BITS", "User": "NT AUTHORITY\\SYSTEM", "ProcessId": 1134, "ParentImage": "C:\\Windows\\System32\\services.exe", "UtcTime": "2026-03-20 15:12:53.409", "Computer": "WORKSTATION-01.local"}
{"EventID": 1, "ProviderGuid": "{5770385f-c22a-43e0-bf4c-06f5698ffbd9}", "Image": "C:\\Program Files\\Microsoft Office\\root\\Office16\\EXCEL.EXE", "CommandLine": "\"C:\\Program Files\\Microsoft Office\\root\\Office16\\EXCEL.EXE\" /Embedding", "User": "DESKTOP-HQ12\\Developer", "ProcessId": 18309, "ParentImage": "C:\\Windows\\explorer.exe", "UtcTime": "2026-03-20 15:12:55.409", "Computer": "WORKSTATION-01.local"}
{"EventID": 1, "ProviderGuid": "{5770385f-c22a-43e0-bf4c-06f5698ffbd9}", "Image": "C:\\Windows\\System32\\smartscreen.exe", "CommandLine": "C:\\Windows\\System32\\smartscreen.exe -Embedding", "User": "DESKTOP-HQ12\\Developer", "ProcessId": 15892, "ParentImage": "C:\\Windows\\explorer.exe", "UtcTime": "2026-03-20 15:12:57.409", "Computer": "WORKSTATION-01.local"}
{"EventID": 1, "ProviderGuid": "{5770385f-c22a-43e0-bf4c-06f5698ffbd9}", "Image": "C:\\Windows\\System32\\RuntimeBroker.exe", "CommandLine": "C:\\Windows\\System32\\RuntimeBroker.exe -Embedding", "User": "DESKTOP-HQ12\\Developer", "ProcessId": 13022, "ParentImage": "C:\\Windows\\explorer.exe", "UtcTime": "2026-03-20 15:12:59.409", "Computer": "WORKSTATION-01.local"}
{"EventID": 1, "ProviderGuid": "{5770385f-c22a-43e0-bf4c-06f5698ffbd9}", "Image": "C:\\Windows\\System32\\SearchIndexer.exe", "CommandLine": "C:\\Windows\\system32\\SearchIndexer.exe /Embedding", "User": "NT AUTHORITY\\SYSTEM", "ProcessId": 7786, "ParentImage": "C:\\Windows\\explorer.exe", "UtcTime": "2026-03-20 15:13:01.409", "Computer": "WORKSTATION-01.local"}
{"EventID": 1, "ProviderGuid": "{5770385f-c22a-43e0-bf4c-06f5698ffbd9}", "Image": "C:\\Windows\\System32\\taskhostw.exe", "CommandLine": "taskhostw.exe {222A245B-E637-4AE9-A93F-A59CA119A75E}", "User": "DESKTOP-HQ12\\Developer", "ProcessId": 6329, "ParentImage": "C:\\Windows\\explorer.exe", "UtcTime": "2026-03-20 15:13:03.409", "Computer": "WORKSTATION-01.local"}
{"EventID": 1, "ProviderGuid": "{5770385f-c22a-43e0-bf4c-06f5698ffbd9}", "Image": "C:\\Windows\\System32\\RuntimeBroker.exe", "CommandLine": "C:\\Windows\\System32\\RuntimeBroker.exe -Embedding", "User": "DESKTOP-HQ12\\Developer", "ProcessId": 4491, "ParentImage": "C:\\Windows\\explorer.exe", "UtcTime": "2026-03-20 15:13:05.409", "Computer": "WORKSTATION-01.local"}
{"EventID": 1, "ProviderGuid": "{5770385f-c22a-43e0-bf4c-06f5698ffbd9}", "Image": "C:\\Windows\\explorer.exe", "CommandLine": "C:\\Windows\\Explorer.EXE", "User": "DESKTOP-HQ12\\Developer", "ProcessId": 11320, "ParentImage": "C:\\Windows\\explorer.exe", "UtcTime": "2026-03-20 15:13:07.409", "Computer": "WORKSTATION-01.local"}
{"EventID": 1, "ProviderGuid": "{5770385f-c22a-43e0-bf4c-06f5698ffbd9}", "Image": "C:\\Windows\\System32\\taskhostw.exe", "CommandLine": "taskhostw.exe {222A245B-E637-4AE9-A93F-A59CA119A75E}", "User": "DESKTOP-HQ12\\Developer", "ProcessId": 2967, "ParentImage": "C:\\Windows\\explorer.exe", "UtcTime": "2026-03-20 15:13:09.409", "Computer": "WORKSTATION-01.local"}
{"EventID": 1, "ProviderGuid": "{5770385f-c22a-43e0-bf4c-06f5698ffbd9}", "Image": "C:\\Windows\\System32\\RuntimeBroker.exe", "CommandLine": "C:\\Windows\\System32\\RuntimeBroker.exe -Embedding", "User": "DESKTOP-HQ12\\Developer", "ProcessId": 6740, "ParentImage": "C:\\Windows\\explorer.exe", "UtcTime": "2026-03-20 15:13:11.409", "Computer": "WORKSTATION-01.local"}
{"EventID": 1, "ProviderGuid": "{5770385f-c22a-43e0-bf4c-06f5698ffbd9}", "Image": "C:\\Program Files\\Microsoft Office\\root\\Office16\\EXCEL.EXE", "CommandLine": "\"C:\\Program Files\\Microsoft Office\\root\\Office16\\EXCEL.EXE\" /Embedding", "User": "DESKTOP-HQ12\\Developer", "ProcessId": 11916, "ParentImage": "C:\\Windows\\explorer.exe", "UtcTime": "2026-03-20 15:13:13.409", "Computer": "WORKSTATION-01.local"}
{"EventID": 1, "ProviderGuid": "{5770385f-c22a-43e0-bf4c-06f5698ffbd9}", "Image": "C:\\Windows\\explorer.exe", "CommandLine": "C:\\Windows\\Explorer.EXE", "User": "DESKTOP-HQ12\\Developer", "ProcessId": 18635, "ParentImage": "C:\\Windows\\explorer.exe", "UtcTime": "2026-03-20 15:13:15.409", "Computer": "WORKSTATION-01.local"}
{"EventID": 1, "ProviderGuid": "{5770385f-c22a-43e0-bf4c-06f5698ffbd9}", "Image": "C:\\Program Files\\Google\\Chrome\\Application\\chrome.exe", "CommandLine": "\"C:\\Program Files\\Google\\Chrome\\Application\\chrome.exe\" --type=renderer --field-trial-handle=1724", "User": "DESKTOP-HQ12\\Developer", "ProcessId": 19079, "ParentImage": "C:\\Windows\\explorer.exe", "UtcTime": "2026-03-20 15:13:17.409", "Computer": "WORKSTATION-01.local"}
{"EventID": 1, "ProviderGuid": "{5770385f-c22a-43e0-bf4c-06f5698ffbd9}", "Image": "C:\\Windows\\System32\\taskhostw.exe", "CommandLine": "taskhostw.exe {222A245B-E637-4AE9-A93F-A59CA119A75E}", "User": "DESKTOP-HQ12\\Developer", "ProcessId": 10092, "ParentImage": "C:\\Windows\\explorer.exe", "UtcTime": "2026-03-20 15:13:19.409", "Computer": "WORKSTATION-01.local"}
{"EventID": 1, "ProviderGuid": "{5770385f-c22a-43e0-bf4c-06f5698ffbd9}", "Image": "C:\\Windows\\System32\\smartscreen.exe", "CommandLine": "C:\\Windows\\System32\\smartscreen.exe -Embedding", "User": "DESKTOP-HQ12\\Developer", "ProcessId": 8972, "ParentImage": "C:\\Windows\\explorer.exe", "UtcTime": "2026-03-20 15:13:21.409", "Computer": "WORKSTATION-01.local"}
{"EventID": 1, "ProviderGuid": "{5770385f-c22a-43e0-bf4c-06f5698ffbd9}", "Image": "C:\\Windows\\System32\\taskhostw.exe", "CommandLine": "taskhostw.exe {222A245B-E637-4AE9-A93F-A59CA119A75E}", "User": "DESKTOP-HQ12\\Developer", "ProcessId": 11414, "ParentImage": "C:\\Windows\\explorer.exe", "UtcTime": "2026-03-20 15:13:23.409", "Computer": "WORKSTATION-01.local"}
{"EventID": 1, "ProviderGuid": "{5770385f-c22a-43e0-bf4c-06f5698ffbd9}", "Image": "C:\\Windows\\System32\\smartscreen.exe", "CommandLine": "C:\\Windows\\System32\\smartscreen.exe -Embedding", "User": "DESKTOP-HQ12\\Developer", "ProcessId": 2378, "ParentImage": "C:\\Windows\\explorer.exe", "UtcTime": "2026-03-20 15:13:25.409", "Computer": "WORKSTATION-01.local"}
{"EventID": 1, "ProviderGuid": "{5770385f-c22a-43e0-bf4c-06f5698ffbd9}", "Image": "C:\\Program Files\\Microsoft Office\\root\\Office16\\EXCEL.EXE", "CommandLine": "\"C:\\Program Files\\Microsoft Office\\root\\Office16\\EXCEL.EXE\" /Embedding", "User": "DESKTOP-HQ12\\Developer", "ProcessId": 18410, "ParentImage": "C:\\Windows\\explorer.exe", "UtcTime": "2026-03-20 15:13:27.409", "Computer": "WORKSTATION-01.local"}
{"EventID": 1, "ProviderGuid": "{5770385f-c22a-43e0-bf4c-06f5698ffbd9}", "Image": "C:\\Windows\\System32\\smartscreen.exe", "CommandLine": "C:\\Windows\\System32\\smartscreen.exe -Embedding", "User": "DESKTOP-HQ12\\Developer", "ProcessId": 16952, "ParentImage": "C:\\Windows\\explorer.exe", "UtcTime": "2026-03-20 15:13:29.409", "Computer": "WORKSTATION-01.local"}
{"EventID": 1, "ProviderGuid": "{5770385f-c22a-43e0-bf4c-06f5698ffbd9}", "Image": "C:\\Windows\\explorer.exe", "CommandLine": "C:\\Windows\\Explorer.EXE", "User": "DESKTOP-HQ12\\Developer", "ProcessId": 15126, "ParentImage": "C:\\Windows\\explorer.exe", "UtcTime": "2026-03-20 15:13:31.409", "Computer": "WORKSTATION-01.local"}
{"EventID": 1, "ProviderGuid": "{5770385f-c22a-43e0-bf4c-06f5698ffbd9}", "Image": "C:\\Windows\\System32\\conhost.exe", "CommandLine": "\\??\\C:\\Windows\\system32\\conhost.exe 0x4", "User": "DESKTOP-HQ12\\Developer", "ProcessId": 14085, "ParentImage": "C:\\Windows\\explorer.exe", "UtcTime": "2026-03-20 15:13:33.409", "Computer": "WORKSTATION-01.local"}
{"EventID": 1, "ProviderGuid": "{5770385f-c22a-43e0-bf4c-06f5698ffbd9}", "Image": "C:\\Windows\\System32\\taskhostw.exe", "CommandLine": "taskhostw.exe {222A245B-E637-4AE9-A93F-A59CA119A75E}", "User": "DESKTOP-HQ12\\Developer", "ProcessId": 12659, "ParentImage": "C:\\Windows\\explorer.exe", "UtcTime": "2026-03-20 15:13:35.409", "Computer": "WORKSTATION-01.local"}
{"EventID": 1, "ProviderGuid": "{5770385f-c22a-43e0-bf4c-06f5698ffbd9}", "Image": "C:\\Program Files\\Google\\Chrome\\Application\\chrome.exe", "CommandLine": "\"C:\\Program Files\\Google\\Chrome\\Application\\chrome.exe\" --type=renderer --field-trial-handle=1724", "User": "DESKTOP-HQ12\\Developer", "ProcessId": 9958, "ParentImage": "C:\\Windows\\explorer.exe", "UtcTime": "2026-03-20 15:13:37.409", "Computer": "WORKSTATION-01.local"}
{"EventID": 1, "ProviderGuid": "{5770385f-c22a-43e0-bf4c-06f5698ffbd9}", "Image": "C:\\Program Files\\Google\\Chrome\\Application\\chrome.exe", "CommandLine": "\"C:\\Program Files\\Google\\Chrome\\Application\\chrome.exe\" --type=renderer --field-trial-handle=1724", "User": "DESKTOP-HQ12\\Developer", "ProcessId": 5219, "ParentImage": "C:\\Windows\\explorer.exe", "UtcTime": "2026-03-20 15:13:39.409", "Computer": "WORKSTATION-01.local"}
{"EventID": 1, "ProviderGuid": "{5770385f-c22a-43e0-bf4c-06f5698ffbd9}", "Image": "C:\\Windows\\System32\\taskhostw.exe", "CommandLine": "taskhostw.exe {222A245B-E637-4AE9-A93F-A59CA119A75E}", "User": "DESKTOP-HQ12\\Developer", "ProcessId": 7993, "ParentImage": "C:\\Windows\\explorer.exe", "UtcTime": "2026-03-20 15:13:41.409", "Computer": "WORKSTATION-01.local"}
{"EventID": 1, "ProviderGuid": "{5770385f-c22a-43e0-bf4c-06f5698ffbd9}", "Image": "C:\\Program Files\\Microsoft Office\\root\\Office16\\EXCEL.EXE", "CommandLine": "\"C:\\Program Files\\Microsoft Office\\root\\Office16\\EXCEL.EXE\" /Embedding", "User": "DESKTOP-HQ12\\Developer", "ProcessId": 5058, "ParentImage": "C:\\Windows\\explorer.exe", "UtcTime": "2026-03-20 15:13:43.409", "Computer": "WORKSTATION-01.local"}
{"EventID": 1, "ProviderGuid": "{5770385f-c22a-43e0-bf4c-06f5698ffbd9}", "Image": "C:\\Windows\\System32\\taskhostw.exe", "CommandLine": "taskhostw.exe {222A245B-E637-4AE9-A93F-A59CA119A75E}", "User": "DESKTOP-HQ12\\Developer", "ProcessId": 17268, "ParentImage": "C:\\Windows\\explorer.exe", "UtcTime": "2026-03-20 15:13:45.409", "Computer": "WORKSTATION-01.local"}
{"EventID": 1, "ProviderGuid": "{5770385f-c22a-43e0-bf4c-06f5698ffbd9}", "Image": "C:\\Windows\\System32\\SearchIndexer.exe", "CommandLine": "C:\\Windows\\system32\\SearchIndexer.exe /Embedding", "User": "NT AUTHORITY\\SYSTEM", "ProcessId": 2041, "ParentImage": "C:\\Windows\\explorer.exe", "UtcTime": "2026-03-20 15:13:47.409", "Computer": "WORKSTATION-01.local"}
{"EventID": 1, "ProviderGuid": "{5770385f-c22a-43e0-bf4c-06f5698ffbd9}", "Image": "C:\\Windows\\System32\\smartscreen.exe", "CommandLine": "C:\\Windows\\System32\\smartscreen.exe -Embedding", "User": "DESKTOP-HQ12\\Developer", "ProcessId": 17578, "ParentImage": "C:\\Windows\\explorer.exe", "UtcTime": "2026-03-20 15:13:49.409", "Computer": "WORKSTATION-01.local"}
{"EventID": 1, "ProviderGuid": "{5770385f-c22a-43e0-bf4c-06f5698ffbd9}", "Image": "C:\\Windows\\System32\\smartscreen.exe", "CommandLine": "C:\\Windows\\System32\\smartscreen.exe -Embedding", "User": "DESKTOP-HQ12\\Developer", "ProcessId": 16411, "ParentImage": "C:\\Windows\\explorer.exe", "UtcTime": "2026-03-20 15:13:51.409", "Computer": "WORKSTATION-01.local"}
{"EventID": 1, "ProviderGuid": "{5770385f-c22a-43e0-bf4c-06f5698ffbd9}", "Image": "C:\\Windows\\System32\\smartscreen.exe", "CommandLine": "C:\\Windows\\System32\\smartscreen.exe -Embedding", "User": "DESKTOP-HQ12\\Developer", "ProcessId": 1273, "ParentImage": "C:\\Windows\\explorer.exe", "UtcTime": "2026-03-20 15:13:53.409", "Computer": "WORKSTATION-01.local"}
{"EventID": 1, "ProviderGuid": "{5770385f-c22a-43e0-bf4c-06f5698ffbd9}", "Image": "C:\\Windows\\System32\\audiodg.exe", "CommandLine": "C:\\Windows\\system32\\AUDIODG.EXE", "User": "DESKTOP-HQ12\\Developer", "ProcessId": 1043, "ParentImage": "C:\\Windows\\explorer.exe", "UtcTime": "2026-03-20 15:13:55.409", "Computer": "WORKSTATION-01.local"}
{"EventID": 1, "ProviderGuid": "{5770385f-c22a-43e0-bf4c-06f5698ffbd9}", "Image": "C:\\Program Files\\Microsoft Office\\root\\Office16\\EXCEL.EXE", "CommandLine": "\"C:\\Program Files\\Microsoft Office\\root\\Office16\\EXCEL.EXE\" /Embedding", "User": "DESKTOP-HQ12\\Developer", "ProcessId": 3606, "ParentImage": "C:\\Windows\\explorer.exe", "UtcTime": "2026-03-20 15:13:57.409", "Computer": "WORKSTATION-01.local"}
{"EventID": 1, "ProviderGuid": "{5770385f-c22a-43e0-bf4c-06f5698ffbd9}", "Image": "C:\\Windows\\System32\\taskhostw.exe", "CommandLine": "taskhostw.exe {222A245B-E637-4AE9-A93F-A59CA119A75E}", "User": "DESKTOP-HQ12\\Developer", "ProcessId": 9504, "ParentImage": "C:\\Windows\\explorer.exe", "UtcTime": "2026-03-20 15:13:59.409", "Computer": "WORKSTATION-01.local"}
{"EventID": 1, "ProviderGuid": "{5770385f-c22a-43e0-bf4c-06f5698ffbd9}", "Image": "C:\\Windows\\System32\\svchost.exe", "CommandLine": "svchost.exe -k netsvcs -p -s BITS", "User": "NT AUTHORITY\\SYSTEM", "ProcessId": 1596, "ParentImage": "C:\\Windows\\System32\\services.exe", "UtcTime": "2026-03-20 15:14:01.409", "Computer": "WORKSTATION-01.local"}
