{"EventID": 1, "ProviderGuid": "{5770385f-c22a-43e0-bf4c-06f5698ffbd9}", "Image": "C:\\Windows\\System32\\SearchIndexer.exe", "CommandLine": "C:\\Windows\\system32\\SearchIndexer.exe /Embedding", "User": "NT AUTHORITY\\SYSTEM", "ProcessId": 11729, "ParentImage": "C:\\Windows\\explorer.exe", "UtcTime": "2026-03-20 16:03:29.415", "Computer": "WORKSTATION-01.local"}
{"EventID": 1, "ProviderGuid": "{5770385f-c22a-43e0-bf4c-06f5698ffbd9}", "Image": "C:\\Windows\\System32\\conhost.exe", "CommandLine": "\\??\\C:\\Windows\\system32\\conhost.exe 0x4", "User": "DESKTOP-HQ12\\Developer", "ProcessId": 15962, "ParentImage": "C:\\Windows\\explorer.exe", "UtcTime": "2026-03-20 16:03:31.415", "Computer": "WORKSTATION-01.local"}
{"EventID": 1, "ProviderGuid": "{5770385f-c22a-43e0-bf4c-06f5698ffbd9}", "Image": "C:\\Windows\\System32\\taskhostw.exe", "CommandLine": "taskhostw.exe {222A245B-E637-4AE9-A93F-A59CA119A75E}", "User": "DESKTOP-HQ12\\Developer", "ProcessId": 13689, "ParentImage": "C:\\Windows\\explorer.exe", "UtcTime": "2026-03-20 16:03:33.415", "Computer": "WORKSTATION-01.local"}
{"EventID": 1, "ProviderGuid": "{5770385f-c22a-43e0-bf4c-06f5698ffbd9}", "Image": "C:\\Windows\\System32\\smartscreen.exe", "CommandLine": "C:\\Windows\\System32\\smartscreen.exe -Embedding", "User": "DESKTOP-HQ12\\Developer", "ProcessId": 16555, "ParentImage": "C:\\Windows\\explorer.exe", "UtcTime": "2026-03-20 16:03:35.415", "Computer": "WORKSTATION-01.local"}
{"EventID": 1, "ProviderGuid": "{5770385f-c22a-43e0-bf4c-06f5698ffbd9}", "Image": "C:\\Windows\\System32\\conhost.exe", "CommandLine": "\\??\\C:\\Windows\\system32\\conhost.exe 0x4", "User": "DESKTOP-HQ12\\Developer", "ProcessId": 5600, "ParentImage": "C:\\Windows\\explorer.exe", "UtcTime": "2026-03-20 16:03:37.415", "Computer": "WORKSTATION-01.local"}
{"EventID": 1, "ProviderGuid": "{5770385f-c22a-43e0-bf4c-06f5698ffbd9}", "Image": "C:\\Windows\\System32\\svchost.exe", "CommandLine": "svchost.exe -k netsvcs -p -s BITS", "User": "NT AUTHORITY\\SYSTEM", "ProcessId": 13613, "ParentImage": "C:\\Windows\\System32\\services.exe", "UtcTime": "2026-03-20 16:03:39.415", "Computer": "WORKSTATION-01.local"}
{"EventID": 1, "ProviderGuid": "{5770385f-c22a-43e0-bf4c-06f5698ffbd9}", "Image": "C:\\Windows\\explorer.exe", "CommandLine": "C:\\Windows\\Explorer.EXE", "User": "DESKTOP-HQ12\\Developer", "ProcessId": 11568, "ParentImage": "C:\\Windows\\explorer.exe", "UtcTime": "2026-03-20 16:03:41.415", "Computer": "WORKSTATION-01.local"}
{"EventID": 1, "ProviderGuid": "{5770385f-c22a-43e0-bf4c-06f5698ffbd9}", "Image": "C:\\Windows\\System32\\smartscreen.exe", "CommandLine": "C:\\Windows\\System32\\smartscreen.exe -Embedding", "User": "DESKTOP-HQ12\\Developer", "ProcessId": 9133, "ParentImage": "C:\\Windows\\explorer.exe", "UtcTime": "2026-03-20 16:03:43.415", "Computer": "WORKSTATION-01.local"}
{"EventID": 1, "ProviderGuid": "{5770385f-c22a-43e0-bf4c-06f5698ffbd9}", "Image": "C:\\Windows\\System32\\SearchIndexer.exe", "CommandLine": "C:\\Windows\\system32\\SearchIndexer.exe /Embedding", "User": "NT AUTHORITY\\SYSTEM", "ProcessId": 15586, "ParentImage": "C:\\Windows\\explorer.exe", "UtcTime": "2026-03-20 16:03:45.415", "Computer": "WORKSTATION-01.local"}
{"EventID": 1, "ProviderGuid": "{5770385f-c22a-43e0-bf4c-06f5698ffbd9}", "Image": "C:\\Windows\\System32\\svchost.exe", "CommandLine": "svchost.exe -k netsvcs -p -s BITS", "User": "NT AUTHORITY\\SYSTEM", "ProcessId": 13108, "ParentImage": "C:\\Windows\\System32\\services.exe", "UtcTime": "2026-03-20 16:03:47.415", "Computer": "WORKSTATION-01.local"}
{"EventID": 1, "ProviderGuid": "{5770385f-c22a-43e0-bf4c-06f5698ffbd9}", "Image": "C:\\Windows\\System32\\RuntimeBroker.exe", "CommandLine": "C:\\Windows\\System32\\RuntimeBroker.exe -Embedding", "User": "DESKTOP-HQ12\\Developer", "ProcessId": 2429, "ParentImage": "C:\\Windows\\explorer.exe", "UtcTime": "2026-03-20 16:03:49.416", "Computer": "WORKSTATION-01.local"}
{"EventID": 1, "ProviderGuid": "{5770385f-c22a-43e0-bf4c-06f5698ffbd9}", "Image": "C:\\Windows\\explorer.exe", "CommandLine": "C:\\Windows\\Explorer.EXE", "User": "DESKTOP-HQ12\\Developer", "ProcessId": 16235, "ParentImage": "C:\\Windows\\explorer.exe", "UtcTime": "2026-03-20 16:03:51.416", "Computer": "WORKSTATION-01.local"}
{"EventID": 1, "ProviderGuid": "{5770385f-c22a-43e0-bf4c-06f5698ffbd9}", "Image": "C:\\Windows\\System32\\svchost.exe", "CommandLine": "svchost.exe -k netsvcs -p -s BITS", "User": "NT AUTHORITY\\SYSTEM", "ProcessId": 17561, "ParentImage": "C:\\Windows\\System32\\services.exe", "UtcTime": "2026-03-20 16:03:53.416", "Computer": "WORKSTATION-01.local"}
{"EventID": 1, "ProviderGuid": "{5770385f-c22a-43e0-bf4c-06f5698ffbd9}", "Image": "C:\\Windows\\System32\\svchost.exe", "CommandLine": "svchost.exe -k netsvcs -p -s BITS", "User": "NT AUTHORITY\\SYSTEM", "ProcessId": 5771, "ParentImage": "C:\\Windows\\System32\\services.exe", "UtcTime": "2026-03-20 16:03:55.416", "Computer": "WORKSTATION-01.local"}
{"EventID": 1, "ProviderGuid": "{5770385f-c22a-43e0-bf4c-06f5698ffbd9}", "Image": "C:\\Windows\\explorer.exe", "CommandLine": "C:\\Windows\\Explorer.EXE", "User": "DESKTOP-HQ12\\Developer", "ProcessId": 14941, "ParentImage": "C:\\Windows\\explorer.exe", "UtcTime": "2026-03-20 16:03:57.416", "Computer": "WORKSTATION-01.local"}
{"EventID": 1, "ProviderGuid": "{5770385f-c22a-43e0-bf4c-06f5698ffbd9}", "Image": "C:\\Windows\\System32\\SearchIndexer.exe", "CommandLine": "C:\\Windows\\system32\\SearchIndexer.exe /Embedding", "User": "NT AUTHORITY\\SYSTEM", "ProcessId": 7940, "ParentImage": "C:\\Windows\\explorer.exe", "UtcTime": "2026-03-20 16:03:59.416", "Computer": "WORKSTATION-01.local"}
{"EventID": 1, "ProviderGuid": "{5770385f-c22a-43e0-bf4c-06f5698ffbd9}", "Image": "C:\\Windows\\System32\\RuntimeBroker.exe", "CommandLine": "C:\\Windows\\System32\\RuntimeBroker.exe -Embedding", "User": "DESKTOP-HQ12\\Developer", "ProcessId": 13350, "ParentImage": "C:\\Windows\\explorer.exe", "UtcTime": "2026-03-20 16:04:01.416", "Computer": "WORKSTATION-01.local"}
{"EventID": 1, "ProviderGuid": "{5770385f-c22a-43e0-bf4c-06f5698ffbd9}", "Image": "C:\\Program Files\\Microsoft Office\\root\\Office16\\EXCEL.EXE", "CommandLine": "\"C:\\Program Files\\Microsoft Office\\root\\Office16\\EXCEL.EXE\" /Embedding", "User": "DESKTOP-HQ12\\Developer", "ProcessId": 19879, "ParentImage": "C:\\Windows\\explorer.exe", "UtcTime": "2026-03-20 16:04:03.416", "Computer": "WORKSTATION-01.local"}
{"EventID": 1, "ProviderGuid": "{5770385f-c22a-43e0-bf4c-06f5698ffbd9}", "Image": "C:\\Windows\\System32\\svchost.exe", "CommandLine": "svchost.exe -k netsvcs -p -s BITS", "User": "NT AUTHORITY\\SYSTEM", "ProcessId": 9858, "ParentImage": "C:\\Windows\\System32\\services.exe", "UtcTime": "2026-03-20 16:04:05.416", "Computer": "WORKSTATION-01.local"}
{"EventID": 1, "ProviderGuid": "{5770385f-c22a-43e0-bf4c-06f5698ffbd9}", "Image": "C:\\Windows\\System32\\smartscreen.exe", "CommandLine": "C:\\Windows\\System32\\smartscreen.exe -Embedding", "User": "DESKTOP-HQ12\\Developer", "ProcessId": 10148, "ParentImage": "C:\\Windows\\explorer.exe", "UtcTime": "2026-03-20 16:04:07.416", "Computer": "WORKSTATION-01.local"}
{"EventID": 1, "ProviderGuid": "{5770385f-c22a-43e0-bf4c-06f5698ffbd9}", "Image": "C:\\Windows\\explorer.exe", "CommandLine": "C:\\Windows\\Explorer.EXE", "User": "DESKTOP-HQ12\\Developer", "ProcessId": 5732, "ParentImage": "C:\\Windows\\explorer.exe", "UtcTime": "2026-03-20 16:04:09.416", "Computer": "WORKSTATION-01.local"}
{"EventID": 1, "ProviderGuid": "{5770385f-c22a-43e0-bf4c-06f5698ffbd9}", "Image": "C:\\Windows\\System32\\RuntimeBroker.exe", "CommandLine": "C:\\Windows\\System32\\RuntimeBroker.exe -Embedding", "User": "DESKTOP-HQ12\\Developer", "ProcessId": 13630, "ParentImage": "C:\\Windows\\explorer.exe", "UtcTime": "2026-03-20 16:04:11.416", "Computer": "WORKSTATION-01.local"}
{"EventID": 1, "ProviderGuid": "{5770385f-c22a-43e0-bf4c-06f5698ffbd9}", "Image": "C:\\Program Files\\Microsoft Office\\root\\Office16\\EXCEL.EXE", "CommandLine": "\"C:\\Program Files\\Microsoft Office\\root\\Office16\\EXCEL.EXE\" /Embedding", "User": "DESKTOP-HQ12\\Developer", "ProcessId": 6934, "ParentImage": "C:\\Windows\\explorer.exe", "UtcTime": "2026-03-20 16:04:13.416", "Computer": "WORKSTATION-01.local"}
{"EventID": 1, "ProviderGuid": "{5770385f-c22a-43e0-bf4c-06f5698ffbd9}", "Image": "C:\\Windows\\explorer.exe", "CommandLine": "C:\\Windows\\Explorer.EXE", "User": "DESKTOP-HQ12\\Developer", "ProcessId": 9645, "ParentImage": "C:\\Windows\\explorer.exe", "UtcTime": "2026-03-20 16:04:15.416", "Computer": "WORKSTATION-01.local"}
{"EventID": 1, "ProviderGuid": "{5770385f-c22a-43e0-bf4c-06f5698ffbd9}", "Image": "C:\\Windows\\System32\\conhost.exe", "CommandLine": "\\??\\C:\\Windows\\system32\\conhost.exe 0x4", "User": "DESKTOP-HQ12\\Developer", "ProcessId": 10153, "ParentImage": "C:\\Windows\\explorer.exe", "UtcTime": "2026-03-20 16:04:17.416", "Computer": "WORKSTATION-01.local"}
{"EventID": 1, "ProviderGuid": "{5770385f-c22a-43e0-bf4c-06f5698ffbd9}", "Image": "C:\\Windows\\System32\\smartscreen.exe", "CommandLine": "C:\\Windows\\System32\\smartscreen.exe -Embedding", "User": "DESKTOP-HQ12\\Developer", "ProcessId": 19110, "ParentImage": "C:\\Windows\\explorer.exe", "UtcTime": "2026-03-20 16:04:19.416", "Computer": "WORKSTATION-01.local"}
{"EventID": 1, "ProviderGuid": "{5770385f-c22a-43e0-bf4c-06f5698ffbd9}", "Image": "C:\\Program Files\\Google\\Chrome\\Application\\chrome.exe", "CommandLine": "\"C:\\Program Files\\Google\\Chrome\\Application\\chrome.exe\" --type=renderer --field-trial-handle=1724", "User": "DESKTOP-HQ12\\Developer", "ProcessId": 5015, "ParentImage": "C:\\Windows\\explorer.exe", "UtcTime": "2026-03-20 16:04:21.416", "Computer": "WORKSTATION-01.local"}
{"EventID": 1, "ProviderGuid": "{5770385f-c22a-43e0-bf4c-06f5698ffbd9}", "Image": "C:\\Windows\\System32\\taskhostw.exe", "CommandLine": "taskhostw.exe {222A245B-E637-4AE9-A93F-A59CA119A75E}", "User": "DESKTOP-HQ12\\Developer", "ProcessId": 6429, "ParentImage": "C:\\Windows\\explorer.exe", "UtcTime": "2026-03-20 16:04:23.416", "Computer": "WORKSTATION-01.local"}
{"EventID": 1, "ProviderGuid": "{5770385f-c22a-43e0-bf4c-06f5698ffbd9}", "Image": "C:\\Windows\\explorer.exe", "CommandLine": "C:\\Windows\\Explorer.EXE", "User": "DESKTOP-HQ12\\Developer", "ProcessId": 1636, "ParentImage": "C:\\Windows\\explorer.exe", "UtcTime": "2026-03-20 16:04:25.416", "Computer": "WORKSTATION-01.local"}
{"EventID": 1, "ProviderGuid": "{5770385f-c22a-43e0-bf4c-06f5698ffbd9}", "Image": "C:\\Windows\\System32\\taskhostw.exe", "CommandLine": "taskhostw.exe {222A245B-E637-4AE9-A93F-A59CA119A75E}", "User": "DESKTOP-HQ12\\Developer", "ProcessId": 10302, "ParentImage": "C:\\Windows\\explorer.exe", "UtcTime": "2026-03-20 16:04:27.416", "Computer": "WORKSTATION-01.local"}
{"EventID": 1, "ProviderGuid": "{5770385f-c22a-43e0-bf4c-06f5698ffbd9}", "Image": "C:\\Program Files\\Google\\Chrome\\Application\\chrome.exe", "CommandLine": "\"C:\\Program Files\\Google\\Chrome\\Application\\chrome.exe\" --type=renderer --field-trial-handle=1724", "User": "DESKTOP-HQ12\\Developer", "ProcessId": 7691, "ParentImage": "C:\\Windows\\explorer.exe", "UtcTime": "2026-03-20 16:04:29.416", "Computer": "WORKSTATION-01.local"}
{"EventID": 1, "ProviderGuid": "{5770385f-c22a-43e0-bf4c-06f5698ffbd9}", "Image": "C:\\Windows\\System32\\RuntimeBroker.exe", "CommandLine": "C:\\Windows\\System32\\RuntimeBroker.exe -Embedding", "User": "DESKTOP-HQ12\\Developer", "ProcessId": 1826, "ParentImage": "C:\\Windows\\explorer.exe", "UtcTime": "2026-03-20 16:04:31.416", "Computer": "WORKSTATION-01.local"}
{"EventID": 1, "ProviderGuid": "{5770385f-c22a-43e0-bf4c-06f5698ffbd9}", "Image": "C:\\Windows\\System32\\taskhostw.exe", "CommandLine": "taskhostw.exe {222A245B-E637-4AE9-A93F-A59CA119A75E}", "User": "DESKTOP-HQ12\\Developer", "ProcessId": 13132, "ParentImage": "C:\\Windows\\explorer.exe", "UtcTime": "2026-03-20 16:04:33.416", "Computer": "WORKSTATION-01.local"}
{"EventID": 1, "ProviderGuid": "{5770385f-c22a-43e0-bf4c-06f5698ffbd9}", "Image": "C:\\Windows\\System32\\RuntimeBroker.exe", "CommandLine": "C:\\Windows\\System32\\RuntimeBroker.exe -Embedding", "User": "DESKTOP-HQ12\\Developer", "ProcessId": 12586, "ParentImage": "C:\\Windows\\explorer.exe", "UtcTime": "2026-03-20 16:04:35.416", "Computer": "WORKSTATION-01.local"}
{"EventID": 1, "ProviderGuid": "{5770385f-c22a-43e0-bf4c-06f5698ffbd9}", "Image": "C:\\Windows\\System32\\smartscreen.exe", "CommandLine": "C:\\Windows\\System32\\smartscreen.exe -Embedding", "User": "DESKTOP-HQ12\\Developer", "ProcessId": 15695, "ParentImage": "C:\\Windows\\explorer.exe", "UtcTime": "2026-03-20 16:04:37.416", "Computer": "WORKSTATION-01.local"}
{"EventID": 1, "ProviderGuid": "{5770385f-c22a-43e0-bf4c-06f5698ffbd9}", "Image": "C:\\Windows\\System32\\taskhostw.exe", "CommandLine": "taskhostw.exe {222A245B-E637-4AE9-A93F-A59CA119A75E}", "User": "DESKTOP-HQ12\\Developer", "ProcessId": 2456, "ParentImage": "C:\\Windows\\explorer.exe", "UtcTime": "2026-03-20 16:04:39.416", "Computer": "WORKSTATION-01.local"}
{"EventID": 1, "ProviderGuid": "{5770385f-c22a-43e0-bf4c-06f5698ffbd9}", "Image": "C:\\Windows\\System32\\SearchIndexer.exe", "CommandLine": "C:\\Windows\\system32\\SearchIndexer.exe /Embedding", "User": "NT AUTHORITY\\SYSTEM", "ProcessId": 2785, "ParentImage": "C:\\Windows\\explorer.exe", "UtcTime": "2026-03-20 16:04:41.416", "Computer": "WORKSTATION-01.local"}
{"EventID": 1, "ProviderGuid": "{5770385f-c22a-43e0-bf4c-06f5698ffbd9}", "Image": "C:\\Windows\\System32\\RuntimeBroker.exe", "CommandLine": "C:\\Windows\\System32\\RuntimeBroker.exe -Embedding", "User": "DESKTOP-HQ12\\Developer", "ProcessId": 8059, "ParentImage": "C:\\Windows\\explorer.exe", "UtcTime": "2026-03-20 16:04:43.416", "Computer": "WORKSTATION-01.local"}
{"EventID": 1, "ProviderGuid": "{5770385f-c22a-43e0-bf4c-06f5698ffbd9}", "Image": "C:\\Windows\\System32\\audiodg.exe", "CommandLine": "C:\\Windows\\system32\\AUDIODG.EXE", "User": "DESKTOP-HQ12\\Developer", "ProcessId": 5575, "ParentImage": "C:\\Windows\\explorer.exe", "UtcTime": "2026-03-20 16:04:45.416", "Computer": "WORKSTATION-01.local"}
{"EventID": 1, "ProviderGuid": "{5770385f-c22a-43e0-bf4c-06f5698ffbd9}", "Image": "C:\\Windows\\System32\\svchost.exe", "CommandLine": "svchost.exe -k netsvcs -p -s BITS", "User": "NT AUTHORITY\\SYSTEM", "ProcessId": 6537, "ParentImage": "C:\\Windows\\System32\\services.exe", "UtcTime": "2026-03-20 16:04:47.416", "Computer": "WORKSTATION-01.local"}
{"EventID": 1, "ProviderGuid": "{5770385f-c22a-43e0-bf4c-06f5698ffbd9}", "Image": "C:\\Windows\\System32\\conhost.exe", "CommandLine": "\\??\\C:\\Windows\\system32\\conhost.exe 0x4", "User": "DESKTOP-HQ12\\Developer", "ProcessId": 13807, "ParentImage": "C:\\Windows\\explorer.exe", "UtcTime": "2026-03-20 16:04:49.416", "Computer": "WORKSTATION-01.local"}
{"EventID": 1, "ProviderGuid": "{5770385f-c22a-43e0-bf4c-06f5698ffbd9}", "Image": "C:\\Windows\\System32\\RuntimeBroker.exe", "CommandLine": "C:\\Windows\\System32\\RuntimeBroker.exe -Embedding", "User": "DESKTOP-HQ12\\Developer", "ProcessId": 17547, "ParentImage": "C:\\Windows\\explorer.exe", "UtcTime": "2026-03-20 16:04:51.416", "Computer": "WORKSTATION-01.local"}
{"EventID": 1, "ProviderGuid": "{5770385f-c22a-43e0-bf4c-06f5698ffbd9}", "Image": "C:\\Windows\\System32\\svchost.exe", "CommandLine": "svchost.exe -k netsvcs -p -s BITS", "User": "NT AUTHORITY\\SYSTEM", "ProcessId": 12464, "ParentImage": "C:\\Windows\\System32\\services.exe", "UtcTime": "2026-03-20 16:04:53.416", "Computer": "WORKSTATION-01.local"}
{"EventID": 1, "ProviderGuid": "{5770385f-c22a-43e0-bf4c-06f5698ffbd9}", "Image": "C:\\Windows\\System32\\taskhostw.exe", "CommandLine": "taskhostw.exe {222A245B-E637-4AE9-A93F-A59CA119A75E}", "User": "DESKTOP-HQ12\\Developer", "ProcessId": 3983, "ParentImage": "C:\\Windows\\explorer.exe", "UtcTime": "2026-03-20 16:04:55.416", "Computer": "WORKSTATION-01.local"}
{"EventID": 1, "ProviderGuid": "{5770385f-c22a-43e0-bf4c-06f5698ffbd9}", "Image": "C:\\Windows\\System32\\smartscreen.exe", "CommandLine": "C:\\Windows\\System32\\smartscreen.exe -Embedding", "User": "DESKTOP-HQ12\\Developer", "ProcessId": 14327, "ParentImage": "C:\\Windows\\explorer.exe", "UtcTime": "2026-03-20 16:04:57.416", "Computer": "WORKSTATION-01.local"}
{"EventID": 1, "ProviderGuid": "{5770385f-c22a-43e0-bf4c-06f5698ffbd9}", "Image": "C:\\Windows\\System32\\smartscreen.exe", "CommandLine": "C:\\Windows\\System32\\smartscreen.exe -Embedding", "User": "DESKTOP-HQ12\\Developer", "ProcessId": 4089, "ParentImage": "C:\\Windows\\explorer.exe", "UtcTime": "2026-03-20 16:04:59.416", "Computer": "WORKSTATION-01.local"}
{"EventID": 1, "ProviderGuid": "{5770385f-c22a-43e0-bf4c-06f5698ffbd9}", "Image": "C:\\Windows\\System32\\RuntimeBroker.exe", "CommandLine": "C:\\Windows\\System32\\RuntimeBroker.exe -Embedding", "User": "DESKTOP-HQ12\\Developer", "ProcessId": 6191, "ParentImage": "C:\\Windows\\explorer.exe", "UtcTime": "2026-03-20 16:05:01.416", "Computer": "WORKSTATION-01.local"}
{"EventID": 1, "ProviderGuid": "{5770385f-c22a-43e0-bf4c-06f5698ffbd9}", "Image": "C:\\Windows\\System32\\RuntimeBroker.exe", "CommandLine": "C:\\Windows\\System32\\RuntimeBroker.exe -Embedding", "User": "DESKTOP-HQ12\\Developer", "ProcessId": 4515, "ParentImage": "C:\\Windows\\explorer.exe", "UtcTime": "2026-03-20 16:05:03.416", "Computer": "WORKSTATION-01.local"}
{"EventID": 1, "ProviderGuid": "{5770385f-c22a-43e0-bf4c-06f5698ffbd9}", "Image": "C:\\Windows\\System32\\audiodg.exe", "CommandLine": "C:\\Windows\\system32\\AUDIODG.EXE", "User": "DESKTOP-HQ12\\Developer", "ProcessId": 19738, "ParentImage": "C:\\Windows\\explorer.exe", "UtcTime": "2026-03-20 16:05:05.416", "Computer": "WORKSTATION-01.local"}
{"EventID": 1, "ProviderGuid": "{5770385f-c22a-43e0-bf4c-06f5698ffbd9}", "Image": "C:\\Program Files\\Microsoft Office\\root\\Office16\\EXCEL.EXE", "CommandLine": "\"C:\\Program Files\\Microsoft Office\\root\\Office16\\EXCEL.EXE\" /Embedding", "User": "DESKTOP-HQ12\\Developer", "ProcessId": 4638, "ParentImage": "C:\\Windows\\explorer.exe", "UtcTime": "2026-03-20 16:05:07.416", "Computer": "WORKSTATION-01.local"}
{"EventID": 1, "ProviderGuid": "{5770385f-c22a-43e0-bf4c-06f5698ffbd9}", "Image": "C:\\Program Files\\Google\\Chrome\\Application\\chrome.exe", "CommandLine": "\"C:\\Program Files\\Google\\Chrome\\Application\\chrome.exe\" --type=renderer --field-trial-handle=1724", "User": "DESKTOP-HQ12\\Developer", "ProcessId": 19620, "ParentImage": "C:\\Windows\\explorer.exe", "UtcTime": "2026-03-20 16:05:09.416", "Computer": "WORKSTATION-01.local"}
{"EventID": 1, "ProviderGuid": "{5770385f-c22a-43e0-bf4c-06f5698ffbd9}", "Image": "C:\\Windows\\System32\\taskhostw.exe", "CommandLine": "taskhostw.exe {222A245B-E637-4AE9-A93F-A59CA119A75E}", "User": "DESKTOP-HQ12\\Developer", "ProcessId": 18521, "ParentImage": "C:\\Windows\\explorer.exe", "UtcTime": "2026-03-20 16:05:11.416", "Computer": "WORKSTATION-01.local"}
{"EventID": 1, "ProviderGuid": "{5770385f-c22a-43e0-bf4c-06f5698ffbd9}", "Image": "C:\\Windows\\explorer.exe", "CommandLine": "C:\\Windows\\Explorer.EXE", "User": "DESKTOP-HQ12\\Developer", "ProcessId": 17061, "ParentImage": "C:\\Windows\\explorer.exe", "UtcTime": "2026-03-20 16:05:13.416", "Computer": "WORKSTATION-01.local"}
{"EventID": 1, "ProviderGuid": "{5770385f-c22a-43e0-bf4c-06f5698ffbd9}", "Image": "C:\\Windows\\System32\\taskhostw.exe", "CommandLine": "taskhostw.exe {222A245B-E637-4AE9-A93F-A59CA119A75E}", "User": "DESKTOP-HQ12\\Developer", "ProcessId": 7176, "ParentImage": "C:\\Windows\\explorer.exe", "UtcTime": "2026-03-20 16:05:15.416", "Computer": "WORKSTATION-01.local"}
{"EventID": 1, "ProviderGuid": "{5770385f-c22a-43e0-bf4c-06f5698ffbd9}", "Image": "C:\\Windows\\explorer.exe", "CommandLine": "C:\\Windows\\Explorer.EXE", "User": "DESKTOP-HQ12\\Developer", "ProcessId": 15169, "ParentImage": "C:\\Windows\\explorer.exe", "UtcTime": "2026-03-20 16:05:17.416", "Computer": "WORKSTATION-01.local"}
{"EventID": 1, "ProviderGuid": "{5770385f-c22a-43e0-bf4c-06f5698ffbd9}", "Image": "C:\\Program Files\\Microsoft Office\\root\\Office16\\EXCEL.EXE", "CommandLine": "\"C:\\Program Files\\Microsoft Office\\root\\Office16\\EXCEL.EXE\" /Embedding", "User": "DESKTOP-HQ12\\Developer", "ProcessId": 7424, "ParentImage": "C:\\Windows\\explorer.exe", "UtcTime": "2026-03-20 16:05:19.416", "Computer": "WORKSTATION-01.local"}
{"EventID": 1, "ProviderGuid": "{5770385f-c22a-43e0-bf4c-06f5698ffbd9}", "Image": "C:\\Windows\\explorer.exe", "CommandLine": "C:\\Windows\\Explorer.EXE", "User": "DESKTOP-HQ12\\Developer", "ProcessId": 18924, "ParentImage": "C:\\Windows\\explorer.exe", "UtcTime": "2026-03-20 16:05:21.416", "Computer": "WORKSTATION-01.local"}
{"EventID": 1, "ProviderGuid": "{5770385f-c22a-43e0-bf4c-06f5698ffbd9}", "Image": "C:\\Windows\\System32\\RuntimeBroker.exe", "CommandLine": "C:\\Windows\\System32\\RuntimeBroker.exe -Embedding", "User": "DESKTOP-HQ12\\Developer", "ProcessId": 15659, "ParentImage": "C:\\Windows\\explorer.exe", "UtcTime": "2026-03-20 16:05:23.416", "Computer": "WORKSTATION-01.local"}
{"EventID": 1, "ProviderGuid": "{5770385f-c22a-43e0-bf4c-06f5698ffbd9}", "Image": "C:\\Windows\\System32\\audiodg.exe", "CommandLine": "C:\\Windows\\system32\\AUDIODG.EXE", "User": "DESKTOP-HQ12\\Developer", "ProcessId": 18930, "ParentImage": "C:\\Windows\\explorer.exe", "UtcTime": "2026-03-20 16:05:25.416", "Computer": "WORKSTATION-01.local"}
{"EventID": 1, "ProviderGuid": "{5770385f-c22a-43e0-bf4c-06f5698ffbd9}", "Image": "C:\\Windows\\explorer.exe", "CommandLine": "C:\\Windows\\Explorer.EXE", "User": "DESKTOP-HQ12\\Developer", "ProcessId": 18286, "ParentImage": "C:\\Windows\\explorer.exe", "UtcTime": "2026-03-20 16:05:27.416", "Computer": "WORKSTATION-01.local"}
{"EventID": 1, "ProviderGuid": "{5770385f-c22a-43e0-bf4c-06f5698ffbd9}", "Image": "C:\\Windows\\System32\\SearchIndexer.exe", "CommandLine": "C:\\Windows\\system32\\SearchIndexer.exe /Embedding", "User": "NT AUTHORITY\\SYSTEM", "ProcessId": 3349, "ParentImage": "C:\\Windows\\explorer.exe", "UtcTime": "2026-03-20 16:05:29.416", "Computer": "WORKSTATION-01.local"}
{"EventID": 1, "ProviderGuid": "{5770385f-c22a-43e0-bf4c-06f5698ffbd9}", "Image": "C:\\Windows\\System32\\smartscreen.exe", "CommandLine": "C:\\Windows\\System32\\smartscreen.exe -Embedding", "User": "DESKTOP-HQ12\\Developer", "ProcessId": 15934, "ParentImage": "C:\\Windows\\explorer.exe", "UtcTime": "2026-03-20 16:05:31.416", "Computer": "WORKSTATION-01.local"}
{"EventID": 1, "ProviderGuid": "{5770385f-c22a-43e0-bf4c-06f5698ffbd9}", "Image": "C:\\Program Files\\Google\\Chrome\\Application\\chrome.exe", "CommandLine": "\"C:\\Program Files\\Google\\Chrome\\Application\\chrome.exe\" --type=renderer --field-trial-handle=1724", "User": "DESKTOP-HQ12\\Developer", "ProcessId": 2005, "ParentImage": "C:\\Windows\\explorer.exe", "UtcTime": "2026-03-20 16:05:33.416", "Computer": "WORKSTATION-01.local"}
{"EventID": 1, "ProviderGuid": "{5770385f-c22a-43e0-bf4c-06f5698ffbd9}", "Image": "C:\\Windows\\System32\\taskhostw.exe", "CommandLine": "taskhostw.exe {222A245B-E637-4AE9-A93F-A59CA119A75E}", "User": "DESKTOP-HQ12\\Developer", "ProcessId": 3023, "ParentImage": "C:\\Windows\\explorer.exe", "UtcTime": "2026-03-20 16:05:35.416", "Computer": "WORKSTATION-01.local"}
{"EventID": 1, "ProviderGuid": "{5770385f-c22a-43e0-bf4c-06f5698ffbd9}", "Image": "C:\\Windows\\explorer.exe", "CommandLine": "C:\\Windows\\Explorer.EXE", "User": "DESKTOP-HQ12\\Developer", "ProcessId": 14972, "ParentImage": "C:\\Windows\\explorer.exe", "UtcTime": "2026-03-20 16:05:37.416", "Computer": "WORKSTATION-01.local"}
{"EventID": 1, "ProviderGuid": "{5770385f-c22a-43e0-bf4c-06f5698ffbd9}", "Image": "C:\\Windows\\explorer.exe", "CommandLine": "C:\\Windows\\Explorer.EXE", "User": "DESKTOP-HQ12\\Developer", "ProcessId": 4981, "ParentImage": "C:\\Windows\\explorer.exe", "UtcTime": "2026-03-20 16:05:39.416", "Computer": "WORKSTATION-01.local"}
{"EventID": 1, "ProviderGuid": "{5770385f-c22a-43e0-bf4c-06f5698ffbd9}", "Image": "C:\\Windows\\System32\\conhost.exe", "CommandLine": "\\??\\C:\\Windows\\system32\\conhost.exe 0x4", "User": "DESKTOP-HQ12\\Developer", "ProcessId": 4500, "ParentImage": "C:\\Windows\\explorer.exe", "UtcTime": "2026-03-20 16:05:41.416", "Computer": "WORKSTATION-01.local"}
{"EventID": 1, "ProviderGuid": "{5770385f-c22a-43e0-bf4c-06f5698ffbd9}", "Image": "C:\\Program Files\\Microsoft Office\\root\\Office16\\EXCEL.EXE", "CommandLine": "\"C:\\Program Files\\Microsoft Office\\root\\Office16\\EXCEL.EXE\" /Embedding", "User": "DESKTOP-HQ12\\Developer", "ProcessId": 12810, "ParentImage": "C:\\Windows\\explorer.exe", "UtcTime": "2026-03-20 16:05:43.416", "Computer": "WORKSTATION-01.local"}
{"EventID": 1, "ProviderGuid": "{5770385f-c22a-43e0-bf4c-06f5698ffbd9}", "Image": "C:\\Windows\\System32\\smartscreen.exe", "CommandLine": "C:\\Windows\\System32\\smartscreen.exe -Embedding", "User": "DESKTOP-HQ12\\Developer", "ProcessId": 3658, "ParentImage": "C:\\Windows\\explorer.exe", "UtcTime": "2026-03-20 16:05:45.416", "Computer": "WORKSTATION-01.local"}
{"EventID": 1, "ProviderGuid": "{5770385f-c22a-43e0-bf4c-06f5698ffbd9}", "Image": "C:\\Windows\\System32\\taskhostw.exe", "CommandLine": "taskhostw.exe {222A245B-E637-4AE9-A93F-A59CA119A75E}", "User": "DESKTOP-HQ12\\Developer", "ProcessId": 10068, "ParentImage": "C:\\Windows\\explorer.exe", "UtcTime": "2026-03-20 16:05:47.416", "Computer": "WORKSTATION-01.local"}
{"EventID": 1, "ProviderGuid": "{5770385f-c22a-43e0-bf4c-06f5698ffbd9}", "Image": "C:\\Windows\\System32\\conhost.exe", "CommandLine": "\\??\\C:\\Windows\\system32\\conhost.exe 0x4", "User": "DESKTOP-HQ12\\Developer", "ProcessId": 11346, "ParentImage": "C:\\Windows\\explorer.exe", "UtcTime": "2026-03-20 16:05:49.416", "Computer": "WORKSTATION-01.local"}
{"EventID": 1, "ProviderGuid": "{5770385f-c22a-43e0-bf4c-06f5698ffbd9}", "Image": "C:\\Windows\\System32\\smartscreen.exe", "CommandLine": "C:\\Windows\\System32\\smartscreen.exe -Embedding", "User": "DESKTOP-HQ12\\Developer", "ProcessId": 3632, "ParentImage": "C:\\Windows\\explorer.exe", "UtcTime": "2026-03-20 16:05:51.416", "Computer": "WORKSTATION-01.local"}
{"EventID": 1, "ProviderGuid": "{5770385f-c22a-43e0-bf4c-06f5698ffbd9}", "Image": "C:\\Windows\\System32\\svchost.exe", "CommandLine": "svchost.exe -k netsvcs -p -s BITS", "User": "NT AUTHORITY\\SYSTEM", "ProcessId": 4772, "ParentImage": "C:\\Windows\\System32\\services.exe", "UtcTime": "2026-03-20 16:05:53.416", "Computer": "WORKSTATION-01.local"}
{"EventID": 1, "ProviderGuid": "{5770385f-c22a-43e0-bf4c-06f5698ffbd9}", "Image": "C:\\Windows\\System32\\conhost.exe", "CommandLine": "\\??\\C:\\Windows\\system32\\conhost.exe 0x4", "User": "DESKTOP-HQ12\\Developer", "ProcessId": 12157, "ParentImage": "C:\\Windows\\explorer.exe", "UtcTime": "2026-03-20 16:05:55.416", "Computer": "WORKSTATION-01.local"}
{"EventID": 1, "ProviderGuid": "{5770385f-c22a-43e0-bf4c-06f5698ffbd9}", "Image": "C:\\Windows\\System32\\taskhostw.exe", "CommandLine": "taskhostw.exe {222A245B-E637-4AE9-A93F-A59CA119A75E}", "User": "DESKTOP-HQ12\\Developer", "ProcessId": 11612, "ParentImage": "C:\\Windows\\explorer.exe", "UtcTime": "2026-03-20 16:05:57.416", "Computer": "WORKSTATION-01.local"}
{"EventID": 1, "ProviderGuid": "{5770385f-c22a-43e0-bf4c-06f5698ffbd9}", "Image": "C:\\Windows\\System32\\SearchIndexer.exe", "CommandLine": "C:\\Windows\\system32\\SearchIndexer.exe /Embedding", "User": "NT AUTHORITY\\SYSTEM", "ProcessId": 6625, "ParentImage": "C:\\Windows\\explorer.exe", "UtcTime": "2026-03-20 16:05:59.416", "Computer": "WORKSTATION-01.local"}
{"EventID": 1, "ProviderGuid": "{5770385f-c22a-43e0-bf4c-06f5698ffbd9}", "Image": "C:\\Windows\\System32\\SearchIndexer.exe", "CommandLine": "C:\\Windows\\system32\\SearchIndexer.exe /Embedding", "User": "NT AUTHORITY\\SYSTEM", "ProcessId": 12888, "ParentImage": "C:\\Windows\\explorer.exe", "UtcTime": "2026-03-20 16:06:01.416", "Computer": "WORKSTATION-01.local"}
{"EventID": 1, "ProviderGuid": "{5770385f-c22a-43e0-bf4c-06f5698ffbd9}", "Image": "C:\\Program Files\\Google\\Chrome\\Application\\chrome.exe", "CommandLine": "\"C:\\Program Files\\Google\\Chrome\\Application\\chrome.exe\" --type=renderer --field-trial-handle=1724", "User": "DESKTOP-HQ12\\Developer", "ProcessId": 7327, "ParentImage": "C:\\Windows\\explorer.exe", "UtcTime": "2026-03-20 16:06:03.416", "Computer": "WORKSTATION-01.local"}
{"EventID": 1, "ProviderGuid": "{5770385f-c22a-43e0-bf4c-06f5698ffbd9}", "Image": "C:\\Windows\\System32\\smartscreen.exe", "CommandLine": "C:\\Windows\\System32\\smartscreen.exe -Embedding", "User": "DESKTOP-HQ12\\Developer", "ProcessId": 18863, "ParentImage": "C:\\Windows\\explorer.exe", "UtcTime": "2026-03-20 16:06:05.416", "Computer": "WORKSTATION-01.local"}
{"EventID": 1, "ProviderGuid": "{5770385f-c22a-43e0-bf4c-06f5698ffbd9}", "Image": "C:\\Program Files\\Google\\Chrome\\Application\\chrome.exe", "CommandLine": "\"C:\\Program Files\\Google\\Chrome\\Application\\chrome.exe\" --type=renderer --field-trial-handle=1724", "User": "DESKTOP-HQ12\\Developer", "ProcessId": 19847, "ParentImage": "C:\\Windows\\explorer.exe", "UtcTime": "2026-03-20 16:06:07.416", "Computer": "WORKSTATION-01.local"}
{"EventID": 1, "ProviderGuid": "{5770385f-c22a-43e0-bf4c-06f5698ffbd9}", "Image": "C:\\Windows\\System32\\taskhostw.exe", "CommandLine": "taskhostw.exe {222A245B-E637-4AE9-A93F-A59CA119A75E}", "User": "DESKTOP-HQ12\\Developer", "ProcessId": 18078, "ParentImage": "C:\\Windows\\explorer.exe", "UtcTime": "2026-03-20 16:06:09.416", "Computer": "WORKSTATION-01.local"}
{"EventID": 1, "ProviderGuid": "{5770385f-c22a-43e0-bf4c-06f5698ffbd9}", "Image": "C:\\Windows\\System32\\taskhostw.exe", "CommandLine": "taskhostw.exe {222A245B-E637-4AE9-A93F-A59CA119A75E}", "User": "DESKTOP-HQ12\\Developer", "ProcessId": 3455, "ParentImage": "C:\\Windows\\explorer.exe", "UtcTime": "2026-03-20 16:06:11.416", "Computer": "WORKSTATION-01.local"}
{"EventID": 1, "ProviderGuid": "{5770385f-c22a-43e0-bf4c-06f5698ffbd9}", "Image": "C:\\Windows\\System32\\svchost.exe", "CommandLine": "svchost.exe -k netsvcs -p -s BITS", "User": "NT AUTHORITY\\SYSTEM", "ProcessId": 9786, "ParentImage": "C:\\Windows\\System32\\services.exe", "UtcTime": "2026-03-20 16:06:13.416", "Computer": "WORKSTATION-01.local"}
{"EventID": 1, "ProviderGuid": "{5770385f-c22a-43e0-bf4c-06f5698ffbd9}", "Image": "C:\\Windows\\System32\\RuntimeBroker.exe", "CommandLine": "C:\\Windows\\System32\\RuntimeBroker.exe -Embedding", "User": "DESKTOP-HQ12\\Developer", "ProcessId": 8682, "ParentImage": "C:\\Windows\\explorer.exe", "UtcTime": "2026-03-20 16:06:15.416", "Computer": "WORKSTATION-01.local"}
{"EventID": 1, "ProviderGuid": "{5770385f-c22a-43e0-bf4c-06f5698ffbd9}", "Image": "C:\\Windows\\System32\\SearchIndexer.exe", "CommandLine": "C:\\Windows\\system32\\SearchIndexer.exe /Embedding", "User": "NT AUTHORITY\\SYSTEM", "ProcessId": 19900, "ParentImage": "C:\\Windows\\explorer.exe", "UtcTime": "2026-03-20 16:06:17.416", "Computer": "WORKSTATION-01.local"}
{"EventID": 1, "ProviderGuid": "{5770385f-c22a-43e0-bf4c-06f5698ffbd9}", "Image": "C:\\Windows\\System32\\SearchIndexer.exe", "CommandLine": "C:\\Windows\\system32\\SearchIndexer.exe /Embedding", "User": "NT AUTHORITY\\SYSTEM", "ProcessId": 2065, "ParentImage": "C:\\Windows\\explorer.exe", "UtcTime": "2026-03-20 16:06:19.416", "Computer": "WORKSTATION-01.local"}
{"EventID": 1, "ProviderGuid": "{5770385f-c22a-43e0-bf4c-06f5698ffbd9}", "Image": "C:\\Windows\\System32\\conhost.exe", "CommandLine": "\\??\\C:\\Windows\\system32\\conhost.exe 0x4", "User": "DESKTOP-HQ12\\Developer", "ProcessId": 9577, "ParentImage": "C:\\Windows\\explorer.exe", "UtcTime": "2026-03-20 16:06:21.416", "Computer": "WORKSTATION-01.local"}
{"EventID": 1, "ProviderGuid": "{5770385f-c22a-43e0-bf4c-06f5698ffbd9}", "Image": "C:\\Windows\\System32\\taskhostw.exe", "CommandLine": "taskhostw.exe {222A245B-E637-4AE9-A93F-A59CA119A75E}", "User": "DESKTOP-HQ12\\Developer", "ProcessId": 7460, "ParentImage": "C:\\Windows\\explorer.exe", "UtcTime": "2026-03-20 16:06:23.416", "Computer": "WORKSTATION-01.local"}
{"EventID": 1, "ProviderGuid": "{5770385f-c22a-43e0-bf4c-06f5698ffbd9}", "Image": "C:\\Windows\\System32\\taskhostw.exe", "CommandLine": "taskhostw.exe {222A245B-E637-4AE9-A93F-A59CA119A75E}", "User": "DESKTOP-HQ12\\Developer", "ProcessId": 15305, "ParentImage": "C:\\Windows\\explorer.exe", "UtcTime": "2026-03-20 16:06:25.416", "Computer": "WORKSTATION-01.local"}
{"EventID": 1, "ProviderGuid": "{5770385f-c22a-43e0-bf4c-06f5698ffbd9}", "Image": "C:\\Program Files\\Google\\Chrome\\Application\\chrome.exe", "CommandLine": "\"C:\\Program Files\\Google\\Chrome\\Application\\chrome.exe\" --type=renderer --field-trial-handle=1724", "User": "DESKTOP-HQ12\\Developer", "ProcessId": 17064, "ParentImage": "C:\\Windows\\explorer.exe", "UtcTime": "2026-03-20 16:06:27.416", "Computer": "WORKSTATION-01.local"}
{"EventID": 1, "ProviderGuid": "{5770385f-c22a-43e0-bf4c-06f5698ffbd9}", "Image": "C:\\Windows\\System32\\SearchIndexer.exe", "CommandLine": "C:\\Windows\\system32\\SearchIndexer.exe /Embedding", "User": "NT AUTHORITY\\SYSTEM", "ProcessId": 15196, "ParentImage": "C:\\Windows\\explorer.exe", "UtcTime": "2026-03-20 16:06:29.416", "Computer": "WORKSTATION-01.local"}
{"EventID": 1, "ProviderGuid": "{5770385f-c22a-43e0-bf4c-06f5698ffbd9}", "Image": "C:\\Program Files\\Google\\Chrome\\Application\\chrome.exe", "CommandLine": "\"C:\\Program Files\\Google\\Chrome\\Application\\chrome.exe\" --type=renderer --field-trial-handle=1724", "User": "DESKTOP-HQ12\\Developer", "ProcessId": 5702, "ParentImage": "C:\\Windows\\explorer.exe", "UtcTime": "2026-03-20 16:06:31.416", "Computer": "WORKSTATION-01.local"}
{"EventID": 1, "ProviderGuid": "{5770385f-c22a-43e0-bf4c-06f5698ffbd9}", "Image": "C:\\Windows\\System32\\audiodg.exe", "CommandLine": "C:\\Windows\\system32\\AUDIODG.EXE", "User": "DESKTOP-HQ12\\Developer", "ProcessId": 11331, "ParentImage": "C:\\Windows\\explorer.exe", "UtcTime": "2026-03-20 16:06:33.416", "Computer": "WORKSTATION-01.local"}
{"EventID": 1, "ProviderGuid": "{5770385f-c22a-43e0-bf4c-06f5698ffbd9}", "Image": "C:\\Windows\\explorer.exe", "CommandLine": "C:\\Windows\\Explorer.EXE", "User": "DESKTOP-HQ12\\Developer", "ProcessId": 2517, "ParentImage": "C:\\Windows\\explorer.exe", "UtcTime": "2026-03-20 16:06:35.416", "Computer": "WORKSTATION-01.local"}
{"EventID": 1, "ProviderGuid": "{5770385f-c22a-43e0-bf4c-06f5698ffbd9}", "Image": "C:\\Windows\\System32\\RuntimeBroker.exe", "CommandLine": "C:\\Windows\\System32\\RuntimeBroker.exe -Embedding", "User": "DESKTOP-HQ12\\Developer", "ProcessId": 14994, "ParentImage": "C:\\Windows\\explorer.exe", "UtcTime": "2026-03-20 16:06:37.416", "Computer": "WORKSTATION-01.local"}
{"EventID": 1, "ProviderGuid": "{5770385f-c22a-43e0-bf4c-06f5698ffbd9}", "Image": "C:\\Windows\\explorer.exe", "CommandLine": "C:\\Windows\\Explorer.EXE", "User": "DESKTOP-HQ12\\Developer", "ProcessId": 19287, "ParentImage": "C:\\Windows\\explorer.exe", "UtcTime": "2026-03-20 16:06:39.416", "Computer": "WORKSTATION-01.local"}
{"EventID": 1, "ProviderGuid": "{5770385f-c22a-43e0-bf4c-06f5698ffbd9}", "Image": "C:\\Program Files\\Google\\Chrome\\Application\\chrome.exe", "CommandLine": "\"C:\\Program Files\\Google\\Chrome\\Application\\chrome.exe\" --type=renderer --field-trial-handle=1724", "User": "DESKTOP-HQ12\\Developer", "ProcessId": 4545, "ParentImage": "C:\\Windows\\explorer.exe", "UtcTime": "2026-03-20 16:06:41.416", "Computer": "WORKSTATION-01.local"}
{"EventID": 1, "ProviderGuid": "{5770385f-c22a-43e0-bf4c-06f5698ffbd9}", "Image": "C:\\Windows\\System32\\audiodg.exe", "CommandLine": "C:\\Windows\\system32\\AUDIODG.EXE", "User": "DESKTOP-HQ12\\Developer", "ProcessId": 18332, "ParentImage": "C:\\Windows\\explorer.exe", "UtcTime": "2026-03-20 16:06:43.416", "Computer": "WORKSTATION-01.local"}
{"EventID": 1, "ProviderGuid": "{5770385f-c22a-43e0-bf4c-06f5698ffbd9}", "Image": "C:\\Windows\\System32\\taskhostw.exe", "CommandLine": "taskhostw.exe {222A245B-E637-4AE9-A93F-A59CA119A75E}", "User": "DESKTOP-HQ12\\Developer", "ProcessId": 10042, "ParentImage": "C:\\Windows\\explorer.exe", "UtcTime": "2026-03-20 16:06:45.416", "Computer": "WORKSTATION-01.local"}
{"EventID": 1, "ProviderGuid": "{5770385f-c22a-43e0-bf4c-06f5698ffbd9}", "Image": "C:\\Windows\\System32\\taskhostw.exe", "CommandLine": "taskhostw.exe {222A245B-E637-4AE9-A93F-A59CA119A75E}", "User": "DESKTOP-HQ12\\Developer", "ProcessId": 2617, "ParentImage": "C:\\Windows\\explorer.exe", "UtcTime": "2026-03-20 16:06:47.416", "Computer": "WORKSTATION-01.local"}
{"EventID": 1, "ProviderGuid": "{5770385f-c22a-43e0-bf4c-06f5698ffbd9}", "Image": "C:\\Windows\\System32\\svchost.exe", "CommandLine": "svchost.exe -k netsvcs -p -s BITS", "User": "NT AUTHORITY\\SYSTEM", "ProcessId": 2513, "ParentImage": "C:\\Windows\\System32\\services.exe", "UtcTime": "2026-03-20 16:06:49.416", "Computer": "WORKSTATION-01.local"}
{"EventID": 1, "ProviderGuid": "{5770385f-c22a-43e0-bf4c-06f5698ffbd9}", "Image": "C:\\Windows\\System32\\svchost.exe", "CommandLine": "svchost.exe -k netsvcs -p -s BITS", "User": "NT AUTHORITY\\SYSTEM", "ProcessId": 16098, "ParentImage": "C:\\Windows\\System32\\services.exe", "UtcTime": "2026-03-20 16:06:51.416", "Computer": "WORKSTATION-01.local"}
{"EventID": 1, "ProviderGuid": "{5770385f-c22a-43e0-bf4c-06f5698ffbd9}", "Image": "C:\\Program Files\\Google\\Chrome\\Application\\chrome.exe", "CommandLine": "\"C:\\Program Files\\Google\\Chrome\\Application\\chrome.exe\" --type=renderer --field-trial-handle=1724", "User": "DESKTOP-HQ12\\Developer", "ProcessId": 18389, "ParentImage": "C:\\Windows\\explorer.exe", "UtcTime": "2026-03-20 16:06:53.416", "Computer": "WORKSTATION-01.local"}
{"EventID": 1, "ProviderGuid": "{5770385f-c22a-43e0-bf4c-06f5698ffbd9}", "Image": "C:\\Program Files\\Microsoft Office\\root\\Office16\\EXCEL.EXE", "CommandLine": "\"C:\\Program Files\\Microsoft Office\\root\\Office16\\EXCEL.EXE\" /Embedding", "User": "DESKTOP-HQ12\\Developer", "ProcessId": 5483, "ParentImage": "C:\\Windows\\explorer.exe", "UtcTime": "2026-03-20 16:06:55.416", "Computer": "WORKSTATION-01.local"}
{"EventID": 1, "ProviderGuid": "{5770385f-c22a-43e0-bf4c-06f5698ffbd9}", "Image": "C:\\Windows\\System32\\svchost.exe", "CommandLine": "svchost.exe -k netsvcs -p -s BITS", "User": "NT AUTHORITY\\SYSTEM", "ProcessId": 19573, "ParentImage": "C:\\Windows\\System32\\services.exe", "UtcTime": "2026-03-20 16:06:57.416", "Computer": "WORKSTATION-01.local"}
{"EventID": 1, "ProviderGuid": "{5770385f-c22a-43e0-bf4c-06f5698ffbd9}", "Image": "C:\\Windows\\explorer.exe", "CommandLine": "C:\\Windows\\Explorer.EXE", "User": "DESKTOP-HQ12\\Developer", "ProcessId": 11808, "ParentImage": "C:\\Windows\\explorer.exe", "UtcTime": "2026-03-20 16:06:59.416", "Computer": "WORKSTATION-01.local"}
{"EventID": 1, "ProviderGuid": "{5770385f-c22a-43e0-bf4c-06f5698ffbd9}", "Image": "C:\\Windows\\System32\\audiodg.exe", "CommandLine": "C:\\Windows\\system32\\AUDIODG.EXE", "User": "DESKTOP-HQ12\\Developer", "ProcessId": 2144, "ParentImage": "C:\\Windows\\explorer.exe", "UtcTime": "2026-03-20 16:07:01.416", "Computer": "WORKSTATION-01.local"}
{"EventID": 1, "ProviderGuid": "{5770385f-c22a-43e0-bf4c-06f5698ffbd9}", "Image": "C:\\Windows\\System32\\audiodg.exe", "CommandLine": "C:\\Windows\\system32\\AUDIODG.EXE", "User": "DESKTOP-HQ12\\Developer", "ProcessId": 2155, "ParentImage": "C:\\Windows\\explorer.exe", "UtcTime": "2026-03-20 16:07:03.416", "Computer": "WORKSTATION-01.local"}
{"EventID": 1, "ProviderGuid": "{5770385f-c22a-43e0-bf4c-06f5698ffbd9}", "Image": "C:\\Windows\\System32\\RuntimeBroker.exe", "CommandLine": "C:\\Windows\\System32\\RuntimeBroker.exe -Embedding", "User": "DESKTOP-HQ12\\Developer", "ProcessId": 8418, "ParentImage": "C:\\Windows\\explorer.exe", "UtcTime": "2026-03-20 16:07:05.416", "Computer": "WORKSTATION-01.local"}
{"EventID": 1, "ProviderGuid": "{5770385f-c22a-43e0-bf4c-06f5698ffbd9}", "Image": "C:\\Windows\\explorer.exe", "CommandLine": "C:\\Windows\\Explorer.EXE", "User": "DESKTOP-HQ12\\Developer", "ProcessId": 14843, "ParentImage": "C:\\Windows\\explorer.exe", "UtcTime": "2026-03-20 16:07:07.416", "Computer": "WORKSTATION-01.local"}
{"EventID": 1, "ProviderGuid": "{5770385f-c22a-43e0-bf4c-06f5698ffbd9}", "Image": "C:\\Windows\\System32\\taskhostw.exe", "CommandLine": "taskhostw.exe {222A245B-E637-4AE9-A93F-A59CA119A75E}", "User": "DESKTOP-HQ12\\Developer", "ProcessId": 12848, "ParentImage": "C:\\Windows\\explorer.exe", "UtcTime": "2026-03-20 16:07:09.416", "Computer": "WORKSTATION-01.local"}
{"EventID": 1, "ProviderGuid": "{5770385f-c22a-43e0-bf4c-06f5698ffbd9}", "Image": "C:\\Windows\\System32\\audiodg.exe", "CommandLine": "C:\\Windows\\system32\\AUDIODG.EXE", "User": "DESKTOP-HQ12\\Developer", "ProcessId": 18141, "ParentImage": "C:\\Windows\\explorer.exe", "UtcTime": "2026-03-20 16:07:11.416", "Computer": "WORKSTATION-01.local"}
{"EventID": 1, "ProviderGuid": "{5770385f-c22a-43e0-bf4c-06f5698ffbd9}", "Image": "C:\\Windows\\explorer.exe", "CommandLine": "C:\\Windows\\Explorer.EXE", "User": "DESKTOP-HQ12\\Developer", "ProcessId": 1231, "ParentImage": "C:\\Windows\\explorer.exe", "UtcTime": "2026-03-20 16:07:13.416", "Computer": "WORKSTATION-01.local"}
{"EventID": 1, "ProviderGuid": "{5770385f-c22a-43e0-bf4c-06f5698ffbd9}", "Image": "C:\\Windows\\explorer.exe", "CommandLine": "C:\\Windows\\Explorer.EXE", "User": "DESKTOP-HQ12\\Developer", "ProcessId": 2818, "ParentImage": "C:\\Windows\\explorer.exe", "UtcTime": "2026-03-20 16:07:15.416", "Computer": "WORKSTATION-01.local"}
{"EventID": 1, "ProviderGuid": "{5770385f-c22a-43e0-bf4c-06f5698ffbd9}", "Image": "C:\\Windows\\System32\\audiodg.exe", "CommandLine": "C:\\Windows\\system32\\AUDIODG.EXE", "User": "DESKTOP-HQ12\\Developer", "ProcessId": 2813, "ParentImage": "C:\\Windows\\explorer.exe", "UtcTime": "2026-03-20 16:07:17.416", "Computer": "WORKSTATION-01.local"}
{"EventID": 1, "ProviderGuid": "{5770385f-c22a-43e0-bf4c-06f5698ffbd9}", "Image": "C:\\Windows\\System32\\smartscreen.exe", "CommandLine": "C:\\Windows\\System32\\smartscreen.exe -Embedding", "User": "DESKTOP-HQ12\\Developer", "ProcessId": 14739, "ParentImage": "C:\\Windows\\explorer.exe", "UtcTime": "2026-03-20 16:07:19.416", "Computer": "WORKSTATION-01.local"}
{"EventID": 1, "ProviderGuid": "{5770385f-c22a-43e0-bf4c-06f5698ffbd9}", "Image": "C:\\Windows\\System32\\taskhostw.exe", "CommandLine": "taskhostw.exe {222A245B-E637-4AE9-A93F-A59CA119A75E}", "User": "DESKTOP-HQ12\\Developer", "ProcessId": 18711, "ParentImage": "C:\\Windows\\explorer.exe", "UtcTime": "2026-03-20 16:07:21.416", "Computer": "WORKSTATION-01.local"}
{"EventID": 1, "ProviderGuid": "{5770385f-c22a-43e0-bf4c-06f5698ffbd9}", "Image": "C:\\Windows\\System32\\smartscreen.exe", "CommandLine": "C:\\Windows\\System32\\smartscreen.exe -Embedding", "User": "DESKTOP-HQ12\\Developer", "ProcessId": 8514, "ParentImage": "C:\\Windows\\explorer.exe", "UtcTime": "2026-03-20 16:07:23.416", "Computer": "WORKSTATION-01.local"}
{"EventID": 1, "ProviderGuid": "{5770385f-c22a-43e0-bf4c-06f5698ffbd9}", "Image": "C:\\Windows\\System32\\taskhostw.exe", "CommandLine": "taskhostw.exe {222A245B-E637-4AE9-A93F-A59CA119A75E}", "User": "DESKTOP-HQ12\\Developer", "ProcessId": 15483, "ParentImage": "C:\\Windows\\explorer.exe", "UtcTime": "2026-03-20 16:07:25.416", "Computer": "WORKSTATION-01.local"}
{"EventID": 1, "ProviderGuid": "{5770385f-c22a-43e0-bf4c-06f5698ffbd9}", "Image": "C:\\Windows\\System32\\audiodg.exe", "CommandLine": "C:\\Windows\\system32\\AUDIODG.EXE", "User": "DESKTOP-HQ12\\Developer", "ProcessId": 19592, "ParentImage": "C:\\Windows\\explorer.exe", "UtcTime": "2026-03-20 16:07:27.416", "Computer": "WORKSTATION-01.local"}
{"EventID": 1, "ProviderGuid": "{5770385f-c22a-43e0-bf4c-06f5698ffbd9}", "Image": "C:\\Windows\\System32\\smartscreen.exe", "CommandLine": "C:\\Windows\\System32\\smartscreen.exe -Embedding", "User": "DESKTOP-HQ12\\Developer", "ProcessId": 9815, "ParentImage": "C:\\Windows\\explorer.exe", "UtcTime": "2026-03-20 16:07:29.416", "Computer": "WORKSTATION-01.local"}
{"EventID": 1, "ProviderGuid": "{5770385f-c22a-43e0-bf4c-06f5698ffbd9}", "Image": "C:\\Windows\\System32\\conhost.exe", "CommandLine": "\\??\\C:\\Windows\\system32\\conhost.exe 0x4", "User": "DESKTOP-HQ12\\Developer", "ProcessId": 11586, "ParentImage": "C:\\Windows\\explorer.exe", "UtcTime": "2026-03-20 16:07:31.416", "Computer": "WORKSTATION-01.local"}
{"EventID": 1, "ProviderGuid": "{5770385f-c22a-43e0-bf4c-06f5698ffbd9}", "Image": "C:\\Windows\\explorer.exe", "CommandLine": "C:\\Windows\\Explorer.EXE", "User": "DESKTOP-HQ12\\Developer", "ProcessId": 14439, "ParentImage": "C:\\Windows\\explorer.exe", "UtcTime": "2026-03-20 16:07:33.416", "Computer": "WORKSTATION-01.local"}
{"EventID": 1, "ProviderGuid": "{5770385f-c22a-43e0-bf4c-06f5698ffbd9}", "Image": "C:\\Program Files\\Google\\Chrome\\Application\\chrome.exe", "CommandLine": "\"C:\\Program Files\\Google\\Chrome\\Application\\chrome.exe\" --type=renderer --field-trial-handle=1724", "User": "DESKTOP-HQ12\\Developer", "ProcessId": 17316, "ParentImage": "C:\\Windows\\explorer.exe", "UtcTime": "2026-03-20 16:07:35.416", "Computer": "WORKSTATION-01.local"}
{"EventID": 1, "ProviderGuid": "{5770385f-c22a-43e0-bf4c-06f5698ffbd9}", "Image": "C:\\Windows\\System32\\conhost.exe", "CommandLine": "\\??\\C:\\Windows\\system32\\conhost.exe 0x4", "User": "DESKTOP-HQ12\\Developer", "ProcessId": 16949, "ParentImage": "C:\\Windows\\explorer.exe", "UtcTime": "2026-03-20 16:07:37.416", "Computer": "WORKSTATION-01.local"}
{"EventID": 1, "ProviderGuid": "{5770385f-c22a-43e0-bf4c-06f5698ffbd9}", "Image": "C:\\Windows\\System32\\RuntimeBroker.exe", "CommandLine": "C:\\Windows\\System32\\RuntimeBroker.exe -Embedding", "User": "DESKTOP-HQ12\\Developer", "ProcessId": 7554, "ParentImage": "C:\\Windows\\explorer.exe", "UtcTime": "2026-03-20 16:07:39.416", "Computer": "WORKSTATION-01.local"}
{"EventID": 1, "ProviderGuid": "{5770385f-c22a-43e0-bf4c-06f5698ffbd9}", "Image": "C:\\Windows\\System32\\smartscreen.exe", "CommandLine": "C:\\Windows\\System32\\smartscreen.exe -Embedding", "User": "DESKTOP-HQ12\\Developer", "ProcessId": 6082, "ParentImage": "C:\\Windows\\explorer.exe", "UtcTime": "2026-03-20 16:07:41.416", "Computer": "WORKSTATION-01.local"}
{"EventID": 1, "ProviderGuid": "{5770385f-c22a-43e0-bf4c-06f5698ffbd9}", "Image": "C:\\Windows\\System32\\audiodg.exe", "CommandLine": "C:\\Windows\\system32\\AUDIODG.EXE", "User": "DESKTOP-HQ12\\Developer", "ProcessId": 4183, "ParentImage": "C:\\Windows\\explorer.exe", "UtcTime": "2026-03-20 16:07:43.416", "Computer": "WORKSTATION-01.local"}
{"EventID": 1, "ProviderGuid": "{5770385f-c22a-43e0-bf4c-06f5698ffbd9}", "Image": "C:\\Program Files\\Microsoft Office\\root\\Office16\\EXCEL.EXE", "CommandLine": "\"C:\\Program Files\\Microsoft Office\\root\\Office16\\EXCEL.EXE\" /Embedding", "User": "DESKTOP-HQ12\\Developer", "ProcessId": 15316, "ParentImage": "C:\\Windows\\explorer.exe", "UtcTime": "2026-03-20 16:07:45.416", "Computer": "WORKSTATION-01.local"}
{"EventID": 1, "ProviderGuid": "{5770385f-c22a-43e0-bf4c-06f5698ffbd9}", "Image": "C:\\Windows\\System32\\SearchIndexer.exe", "CommandLine": "C:\\Windows\\system32\\SearchIndexer.exe /Embedding", "User": "NT AUTHORITY\\SYSTEM", "ProcessId": 10082, "ParentImage": "C:\\Windows\\explorer.exe", "UtcTime": "2026-03-20 16:07:47.416", "Computer": "WORKSTATION-01.local"}
{"EventID": 1, "ProviderGuid": "{5770385f-c22a-43e0-bf4c-06f5698ffbd9}", "Image": "C:\\Program Files\\Microsoft Office\\root\\Office16\\EXCEL.EXE", "CommandLine": "\"C:\\Program Files\\Microsoft Office\\root\\Office16\\EXCEL.EXE\" /Embedding", "User": "DESKTOP-HQ12\\Developer", "ProcessId": 4251, "ParentImage": "C:\\Windows\\explorer.exe", "UtcTime": "2026-03-20 16:07:49.416", "Computer": "WORKSTATION-01.local"}
{"EventID": 1, "ProviderGuid": "{5770385f-c22a-43e0-bf4c-06f5698ffbd9}", "Image": "C:\\Windows\\System32\\svchost.exe", "CommandLine": "svchost.exe -k netsvcs -p -s BITS", "User": "NT AUTHORITY\\SYSTEM", "ProcessId": 2972, "ParentImage": "C:\\Windows\\System32\\services.exe", "UtcTime": "2026-03-20 16:07:51.416", "Computer": "WORKSTATION-01.local"}
{"EventID": 1, "ProviderGuid": "{5770385f-c22a-43e0-bf4c-06f5698ffbd9}", "Image": "C:\\Windows\\System32\\RuntimeBroker.exe", "CommandLine": "C:\\Windows\\System32\\RuntimeBroker.exe -Embedding", "User": "DESKTOP-HQ12\\Developer", "ProcessId": 11740, "ParentImage": "C:\\Windows\\explorer.exe", "UtcTime": "2026-03-20 16:07:53.416", "Computer": "WORKSTATION-01.local"}
{"EventID": 1, "ProviderGuid": "{5770385f-c22a-43e0-bf4c-06f5698ffbd9}", "Image": "C:\\Windows\\System32\\taskhostw.exe", "CommandLine": "taskhostw.exe {222A245B-E637-4AE9-A93F-A59CA119A75E}", "User": "DESKTOP-HQ12\\Developer", "ProcessId": 2731, "ParentImage": "C:\\Windows\\explorer.exe", "UtcTime": "2026-03-20 16:07:55.416", "Computer": "WORKSTATION-01.local"}
{"EventID": 1, "ProviderGuid": "{5770385f-c22a-43e0-bf4c-06f5698ffbd9}", "Image": "C:\\Windows\\System32\\smartscreen.exe", "CommandLine": "C:\\Windows\\System32\\smartscreen.exe -Embedding", "User": "DESKTOP-HQ12\\Developer", "ProcessId": 6148, "ParentImage": "C:\\Windows\\explorer.exe", "UtcTime": "2026-03-20 16:07:57.416", "Computer": "WORKSTATION-01.local"}
{"EventID": 1, "ProviderGuid": "{5770385f-c22a-43e0-bf4c-06f5698ffbd9}", "Image": "C:\\Windows\\System32\\svchost.exe", "CommandLine": "svchost.exe -k netsvcs -p -s BITS", "User": "NT AUTHORITY\\SYSTEM", "ProcessId": 10694, "ParentImage": "C:\\Windows\\System32\\services.exe", "UtcTime": "2026-03-20 16:07:59.416", "Computer": "WORKSTATION-01.local"}
