{"EventID": 1, "ProviderGuid": "{5770385f-c22a-43e0-bf4c-06f5698ffbd9}", "Image": "C:\\Program Files\\Google\\Chrome\\Application\\chrome.exe", "CommandLine": "\"C:\\Program Files\\Google\\Chrome\\Application\\chrome.exe\" --type=renderer --field-trial-handle=1724", "User": "DESKTOP-HQ12\\Developer", "ProcessId": 8270, "ParentImage": "C:\\Windows\\explorer.exe", "UtcTime": "2026-03-20 15:50:05.414", "Computer": "WORKSTATION-01.local"}
{"EventID": 1, "ProviderGuid": "{5770385f-c22a-43e0-bf4c-06f5698ffbd9}", "Image": "C:\\Windows\\System32\\SearchIndexer.exe", "CommandLine": "C:\\Windows\\system32\\SearchIndexer.exe /Embedding", "User": "NT AUTHORITY\\SYSTEM", "ProcessId": 18045, "ParentImage": "C:\\Windows\\explorer.exe", "UtcTime": "2026-03-20 15:50:07.414", "Computer": "WORKSTATION-01.local"}
{"EventID": 1, "ProviderGuid": "{5770385f-c22a-43e0-bf4c-06f5698ffbd9}", "Image": "C:\\Program Files\\Google\\Chrome\\Application\\chrome.exe", "CommandLine": "\"C:\\Program Files\\Google\\Chrome\\Application\\chrome.exe\" --type=renderer --field-trial-handle=1724", "User": "DESKTOP-HQ12\\Developer", "ProcessId": 16112, "ParentImage": "C:\\Windows\\explorer.exe", "UtcTime": "2026-03-20 15:50:09.414", "Computer": "WORKSTATION-01.local"}
{"EventID": 1, "ProviderGuid": "{5770385f-c22a-43e0-bf4c-06f5698ffbd9}", "Image": "C:\\Windows\\System32\\smartscreen.exe", "CommandLine": "C:\\Windows\\System32\\smartscreen.exe -Embedding", "User": "DESKTOP-HQ12\\Developer", "ProcessId": 18754, "ParentImage": "C:\\Windows\\explorer.exe", "UtcTime": "2026-03-20 15:50:11.414", "Computer": "WORKSTATION-01.local"}
{"EventID": 1, "ProviderGuid": "{5770385f-c22a-43e0-bf4c-06f5698ffbd9}", "Image": "C:\\Program Files\\Google\\Chrome\\Application\\chrome.exe", "CommandLine": "\"C:\\Program Files\\Google\\Chrome\\Application\\chrome.exe\" --type=renderer --field-trial-handle=1724", "User": "DESKTOP-HQ12\\Developer", "ProcessId": 7215, "ParentImage": "C:\\Windows\\explorer.exe", "UtcTime": "2026-03-20 15:50:13.414", "Computer": "WORKSTATION-01.local"}
{"EventID": 1, "ProviderGuid": "{5770385f-c22a-43e0-bf4c-06f5698ffbd9}", "Image": "C:\\Windows\\System32\\SearchIndexer.exe", "CommandLine": "C:\\Windows\\system32\\SearchIndexer.exe /Embedding", "User": "NT AUTHORITY\\SYSTEM", "ProcessId": 7947, "ParentImage": "C:\\Windows\\explorer.exe", "UtcTime": "2026-03-20 15:50:15.414", "Computer": "WORKSTATION-01.local"}
{"EventID": 1, "ProviderGuid": "{5770385f-c22a-43e0-bf4c-06f5698ffbd9}", "Image": "C:\\Windows\\explorer.exe", "CommandLine": "C:\\Windows\\Explorer.EXE", "User": "DESKTOP-HQ12\\Developer", "ProcessId": 14697, "ParentImage": "C:\\Windows\\explorer.exe", "UtcTime": "2026-03-20 15:50:17.414", "Computer": "WORKSTATION-01.local"}
{"EventID": 1, "ProviderGuid": "{5770385f-c22a-43e0-bf4c-06f5698ffbd9}", "Image": "C:\\Windows\\System32\\smartscreen.exe", "CommandLine": "C:\\Windows\\System32\\smartscreen.exe -Embedding", "User": "DESKTOP-HQ12\\Developer", "ProcessId": 1234, "ParentImage": "C:\\Windows\\explorer.exe", "UtcTime": "2026-03-20 15:50:19.414", "Computer": "WORKSTATION-01.local"}
{"EventID": 1, "ProviderGuid": "{5770385f-c22a-43e0-bf4c-06f5698ffbd9}", "Image": "C:\\Windows\\System32\\taskhostw.exe", "CommandLine": "taskhostw.exe {222A245B-E637-4AE9-A93F-A59CA119A75E}", "User": "DESKTOP-HQ12\\Developer", "ProcessId": 12162, "ParentImage": "C:\\Windows\\explorer.exe", "UtcTime": "2026-03-20 15:50:21.414", "Computer": "WORKSTATION-01.local"}
{"EventID": 1, "ProviderGuid": "{5770385f-c22a-43e0-bf4c-06f5698ffbd9}", "Image": "C:\\Windows\\System32\\SearchIndexer.exe", "CommandLine": "C:\\Windows\\system32\\SearchIndexer.exe /Embedding", "User": "NT AUTHORITY\\SYSTEM", "ProcessId": 11055, "ParentImage": "C:\\Windows\\explorer.exe", "UtcTime": "2026-03-20 15:50:23.414", "Computer": "WORKSTATION-01.local"}
{"EventID": 1, "ProviderGuid": "{5770385f-c22a-43e0-bf4c-06f5698ffbd9}", "Image": "C:\\Windows\\System32\\RuntimeBroker.exe", "CommandLine": "C:\\Windows\\System32\\RuntimeBroker.exe -Embedding", "User": "DESKTOP-HQ12\\Developer", "ProcessId": 16442, "ParentImage": "C:\\Windows\\explorer.exe", "UtcTime": "2026-03-20 15:50:25.414", "Computer": "WORKSTATION-01.local"}
{"EventID": 1, "ProviderGuid": "{5770385f-c22a-43e0-bf4c-06f5698ffbd9}", "Image": "C:\\Windows\\System32\\RuntimeBroker.exe", "CommandLine": "C:\\Windows\\System32\\RuntimeBroker.exe -Embedding", "User": "DESKTOP-HQ12\\Developer", "ProcessId": 15016, "ParentImage": "C:\\Windows\\explorer.exe", "UtcTime": "2026-03-20 15:50:27.414", "Computer": "WORKSTATION-01.local"}
{"EventID": 1, "ProviderGuid": "{5770385f-c22a-43e0-bf4c-06f5698ffbd9}", "Image": "C:\\Windows\\System32\\svchost.exe", "CommandLine": "svchost.exe -k netsvcs -p -s BITS", "User": "NT AUTHORITY\\SYSTEM", "ProcessId": 15927, "ParentImage": "C:\\Windows\\System32\\services.exe", "UtcTime": "2026-03-20 15:50:29.414", "Computer": "WORKSTATION-01.local"}
{"EventID": 1, "ProviderGuid": "{5770385f-c22a-43e0-bf4c-06f5698ffbd9}", "Image": "C:\\Windows\\explorer.exe", "CommandLine": "C:\\Windows\\Explorer.EXE", "User": "DESKTOP-HQ12\\Developer", "ProcessId": 4272, "ParentImage": "C:\\Windows\\explorer.exe", "UtcTime": "2026-03-20 15:50:31.414", "Computer": "WORKSTATION-01.local"}
{"EventID": 1, "ProviderGuid": "{5770385f-c22a-43e0-bf4c-06f5698ffbd9}", "Image": "C:\\Windows\\explorer.exe", "CommandLine": "C:\\Windows\\Explorer.EXE", "User": "DESKTOP-HQ12\\Developer", "ProcessId": 2577, "ParentImage": "C:\\Windows\\explorer.exe", "UtcTime": "2026-03-20 15:50:33.414", "Computer": "WORKSTATION-01.local"}
{"EventID": 1, "ProviderGuid": "{5770385f-c22a-43e0-bf4c-06f5698ffbd9}", "Image": "C:\\Windows\\System32\\RuntimeBroker.exe", "CommandLine": "C:\\Windows\\System32\\RuntimeBroker.exe -Embedding", "User": "DESKTOP-HQ12\\Developer", "ProcessId": 2486, "ParentImage": "C:\\Windows\\explorer.exe", "UtcTime": "2026-03-20 15:50:35.414", "Computer": "WORKSTATION-01.local"}
{"EventID": 1, "ProviderGuid": "{5770385f-c22a-43e0-bf4c-06f5698ffbd9}", "Image": "C:\\Windows\\System32\\audiodg.exe", "CommandLine": "C:\\Windows\\system32\\AUDIODG.EXE", "User": "DESKTOP-HQ12\\Developer", "ProcessId": 1576, "ParentImage": "C:\\Windows\\explorer.exe", "UtcTime": "2026-03-20 15:50:37.414", "Computer": "WORKSTATION-01.local"}
{"EventID": 1, "ProviderGuid": "{5770385f-c22a-43e0-bf4c-06f5698ffbd9}", "Image": "C:\\Windows\\System32\\SearchIndexer.exe", "CommandLine": "C:\\Windows\\system32\\SearchIndexer.exe /Embedding", "User": "NT AUTHORITY\\SYSTEM", "ProcessId": 15532, "ParentImage": "C:\\Windows\\explorer.exe", "UtcTime": "2026-03-20 15:50:39.414", "Computer": "WORKSTATION-01.local"}
{"EventID": 1, "ProviderGuid": "{5770385f-c22a-43e0-bf4c-06f5698ffbd9}", "Image": "C:\\Windows\\System32\\RuntimeBroker.exe", "CommandLine": "C:\\Windows\\System32\\RuntimeBroker.exe -Embedding", "User": "DESKTOP-HQ12\\Developer", "ProcessId": 5278, "ParentImage": "C:\\Windows\\explorer.exe", "UtcTime": "2026-03-20 15:50:41.414", "Computer": "WORKSTATION-01.local"}
{"EventID": 1, "ProviderGuid": "{5770385f-c22a-43e0-bf4c-06f5698ffbd9}", "Image": "C:\\Windows\\System32\\smartscreen.exe", "CommandLine": "C:\\Windows\\System32\\smartscreen.exe -Embedding", "User": "DESKTOP-HQ12\\Developer", "ProcessId": 12178, "ParentImage": "C:\\Windows\\explorer.exe", "UtcTime": "2026-03-20 15:50:43.414", "Computer": "WORKSTATION-01.local"}
{"EventID": 1, "ProviderGuid": "{5770385f-c22a-43e0-bf4c-06f5698ffbd9}", "Image": "C:\\Windows\\System32\\smartscreen.exe", "CommandLine": "C:\\Windows\\System32\\smartscreen.exe -Embedding", "User": "DESKTOP-HQ12\\Developer", "ProcessId": 3392, "ParentImage": "C:\\Windows\\explorer.exe", "UtcTime": "2026-03-20 15:50:45.414", "Computer": "WORKSTATION-01.local"}
{"EventID": 1, "ProviderGuid": "{5770385f-c22a-43e0-bf4c-06f5698ffbd9}", "Image": "C:\\Windows\\System32\\RuntimeBroker.exe", "CommandLine": "C:\\Windows\\System32\\RuntimeBroker.exe -Embedding", "User": "DESKTOP-HQ12\\Developer", "ProcessId": 18971, "ParentImage": "C:\\Windows\\explorer.exe", "UtcTime": "2026-03-20 15:50:47.414", "Computer": "WORKSTATION-01.local"}
{"EventID": 1, "ProviderGuid": "{5770385f-c22a-43e0-bf4c-06f5698ffbd9}", "Image": "C:\\Windows\\explorer.exe", "CommandLine": "C:\\Windows\\Explorer.EXE", "User": "DESKTOP-HQ12\\Developer", "ProcessId": 9502, "ParentImage": "C:\\Windows\\explorer.exe", "UtcTime": "2026-03-20 15:50:49.414", "Computer": "WORKSTATION-01.local"}
{"EventID": 1, "ProviderGuid": "{5770385f-c22a-43e0-bf4c-06f5698ffbd9}", "Image": "C:\\Windows\\System32\\SearchIndexer.exe", "CommandLine": "C:\\Windows\\system32\\SearchIndexer.exe /Embedding", "User": "NT AUTHORITY\\SYSTEM", "ProcessId": 14224, "ParentImage": "C:\\Windows\\explorer.exe", "UtcTime": "2026-03-20 15:50:51.414", "Computer": "WORKSTATION-01.local"}
{"EventID": 1, "ProviderGuid": "{5770385f-c22a-43e0-bf4c-06f5698ffbd9}", "Image": "C:\\Program Files\\Microsoft Office\\root\\Office16\\EXCEL.EXE", "CommandLine": "\"C:\\Program Files\\Microsoft Office\\root\\Office16\\EXCEL.EXE\" /Embedding", "User": "DESKTOP-HQ12\\Developer", "ProcessId": 11830, "ParentImage": "C:\\Windows\\explorer.exe", "UtcTime": "2026-03-20 15:50:53.414", "Computer": "WORKSTATION-01.local"}
{"EventID": 1, "ProviderGuid": "{5770385f-c22a-43e0-bf4c-06f5698ffbd9}", "Image": "C:\\Windows\\System32\\smartscreen.exe", "CommandLine": "C:\\Windows\\System32\\smartscreen.exe -Embedding", "User": "DESKTOP-HQ12\\Developer", "ProcessId": 14241, "ParentImage": "C:\\Windows\\explorer.exe", "UtcTime": "2026-03-20 15:50:55.414", "Computer": "WORKSTATION-01.local"}
{"EventID": 1, "ProviderGuid": "{5770385f-c22a-43e0-bf4c-06f5698ffbd9}", "Image": "C:\\Windows\\System32\\svchost.exe", "CommandLine": "svchost.exe -k netsvcs -p -s BITS", "User": "NT AUTHORITY\\SYSTEM", "ProcessId": 7082, "ParentImage": "C:\\Windows\\System32\\services.exe", "UtcTime": "2026-03-20 15:50:57.414", "Computer": "WORKSTATION-01.local"}
{"EventID": 1, "ProviderGuid": "{5770385f-c22a-43e0-bf4c-06f5698ffbd9}", "Image": "C:\\Program Files\\Google\\Chrome\\Application\\chrome.exe", "CommandLine": "\"C:\\Program Files\\Google\\Chrome\\Application\\chrome.exe\" --type=renderer --field-trial-handle=1724", "User": "DESKTOP-HQ12\\Developer", "ProcessId": 9985, "ParentImage": "C:\\Windows\\explorer.exe", "UtcTime": "2026-03-20 15:50:59.414", "Computer": "WORKSTATION-01.local"}
{"EventID": 1, "ProviderGuid": "{5770385f-c22a-43e0-bf4c-06f5698ffbd9}", "Image": "C:\\Windows\\System32\\taskhostw.exe", "CommandLine": "taskhostw.exe {222A245B-E637-4AE9-A93F-A59CA119A75E}", "User": "DESKTOP-HQ12\\Developer", "ProcessId": 4222, "ParentImage": "C:\\Windows\\explorer.exe", "UtcTime": "2026-03-20 15:51:01.414", "Computer": "WORKSTATION-01.local"}
{"EventID": 1, "ProviderGuid": "{5770385f-c22a-43e0-bf4c-06f5698ffbd9}", "Image": "C:\\Windows\\System32\\SearchIndexer.exe", "CommandLine": "C:\\Windows\\system32\\SearchIndexer.exe /Embedding", "User": "NT AUTHORITY\\SYSTEM", "ProcessId": 12182, "ParentImage": "C:\\Windows\\explorer.exe", "UtcTime": "2026-03-20 15:51:03.414", "Computer": "WORKSTATION-01.local"}
{"EventID": 1, "ProviderGuid": "{5770385f-c22a-43e0-bf4c-06f5698ffbd9}", "Image": "C:\\Program Files\\Microsoft Office\\root\\Office16\\EXCEL.EXE", "CommandLine": "\"C:\\Program Files\\Microsoft Office\\root\\Office16\\EXCEL.EXE\" /Embedding", "User": "DESKTOP-HQ12\\Developer", "ProcessId": 6490, "ParentImage": "C:\\Windows\\explorer.exe", "UtcTime": "2026-03-20 15:51:05.414", "Computer": "WORKSTATION-01.local"}
{"EventID": 1, "ProviderGuid": "{5770385f-c22a-43e0-bf4c-06f5698ffbd9}", "Image": "C:\\Windows\\System32\\audiodg.exe", "CommandLine": "C:\\Windows\\system32\\AUDIODG.EXE", "User": "DESKTOP-HQ12\\Developer", "ProcessId": 19039, "ParentImage": "C:\\Windows\\explorer.exe", "UtcTime": "2026-03-20 15:51:07.414", "Computer": "WORKSTATION-01.local"}
{"EventID": 1, "ProviderGuid": "{5770385f-c22a-43e0-bf4c-06f5698ffbd9}", "Image": "C:\\Windows\\System32\\RuntimeBroker.exe", "CommandLine": "C:\\Windows\\System32\\RuntimeBroker.exe -Embedding", "User": "DESKTOP-HQ12\\Developer", "ProcessId": 12973, "ParentImage": "C:\\Windows\\explorer.exe", "UtcTime": "2026-03-20 15:51:09.414", "Computer": "WORKSTATION-01.local"}
{"EventID": 1, "ProviderGuid": "{5770385f-c22a-43e0-bf4c-06f5698ffbd9}", "Image": "C:\\Windows\\System32\\audiodg.exe", "CommandLine": "C:\\Windows\\system32\\AUDIODG.EXE", "User": "DESKTOP-HQ12\\Developer", "ProcessId": 16050, "ParentImage": "C:\\Windows\\explorer.exe", "UtcTime": "2026-03-20 15:51:11.414", "Computer": "WORKSTATION-01.local"}
{"EventID": 1, "ProviderGuid": "{5770385f-c22a-43e0-bf4c-06f5698ffbd9}", "Image": "C:\\Windows\\System32\\conhost.exe", "CommandLine": "\\??\\C:\\Windows\\system32\\conhost.exe 0x4", "User": "DESKTOP-HQ12\\Developer", "ProcessId": 19228, "ParentImage": "C:\\Windows\\explorer.exe", "UtcTime": "2026-03-20 15:51:13.414", "Computer": "WORKSTATION-01.local"}
{"EventID": 1, "ProviderGuid": "{5770385f-c22a-43e0-bf4c-06f5698ffbd9}", "Image": "C:\\Program Files\\Microsoft Office\\root\\Office16\\EXCEL.EXE", "CommandLine": "\"C:\\Program Files\\Microsoft Office\\root\\Office16\\EXCEL.EXE\" /Embedding", "User": "DESKTOP-HQ12\\Developer", "ProcessId": 3632, "ParentImage": "C:\\Windows\\explorer.exe", "UtcTime": "2026-03-20 15:51:15.414", "Computer": "WORKSTATION-01.local"}
{"EventID": 1, "ProviderGuid": "{5770385f-c22a-43e0-bf4c-06f5698ffbd9}", "Image": "C:\\Windows\\System32\\smartscreen.exe", "CommandLine": "C:\\Windows\\System32\\smartscreen.exe -Embedding", "User": "DESKTOP-HQ12\\Developer", "ProcessId": 16021, "ParentImage": "C:\\Windows\\explorer.exe", "UtcTime": "2026-03-20 15:51:17.414", "Computer": "WORKSTATION-01.local"}
{"EventID": 1, "ProviderGuid": "{5770385f-c22a-43e0-bf4c-06f5698ffbd9}", "Image": "C:\\Windows\\System32\\conhost.exe", "CommandLine": "\\??\\C:\\Windows\\system32\\conhost.exe 0x4", "User": "DESKTOP-HQ12\\Developer", "ProcessId": 10111, "ParentImage": "C:\\Windows\\explorer.exe", "UtcTime": "2026-03-20 15:51:19.414", "Computer": "WORKSTATION-01.local"}
{"EventID": 1, "ProviderGuid": "{5770385f-c22a-43e0-bf4c-06f5698ffbd9}", "Image": "C:\\Windows\\System32\\svchost.exe", "CommandLine": "svchost.exe -k netsvcs -p -s BITS", "User": "NT AUTHORITY\\SYSTEM", "ProcessId": 1045, "ParentImage": "C:\\Windows\\System32\\services.exe", "UtcTime": "2026-03-20 15:51:21.414", "Computer": "WORKSTATION-01.local"}
{"EventID": 1, "ProviderGuid": "{5770385f-c22a-43e0-bf4c-06f5698ffbd9}", "Image": "C:\\Windows\\explorer.exe", "CommandLine": "C:\\Windows\\Explorer.EXE", "User": "DESKTOP-HQ12\\Developer", "ProcessId": 10805, "ParentImage": "C:\\Windows\\explorer.exe", "UtcTime": "2026-03-20 15:51:23.414", "Computer": "WORKSTATION-01.local"}
{"EventID": 1, "ProviderGuid": "{5770385f-c22a-43e0-bf4c-06f5698ffbd9}", "Image": "C:\\Windows\\System32\\taskhostw.exe", "CommandLine": "taskhostw.exe {222A245B-E637-4AE9-A93F-A59CA119A75E}", "User": "DESKTOP-HQ12\\Developer", "ProcessId": 3555, "ParentImage": "C:\\Windows\\explorer.exe", "UtcTime": "2026-03-20 15:51:25.414", "Computer": "WORKSTATION-01.local"}
{"EventID": 1, "ProviderGuid": "{5770385f-c22a-43e0-bf4c-06f5698ffbd9}", "Image": "C:\\Windows\\System32\\conhost.exe", "CommandLine": "\\??\\C:\\Windows\\system32\\conhost.exe 0x4", "User": "DESKTOP-HQ12\\Developer", "ProcessId": 1228, "ParentImage": "C:\\Windows\\explorer.exe", "UtcTime": "2026-03-20 15:51:27.414", "Computer": "WORKSTATION-01.local"}
{"EventID": 1, "ProviderGuid": "{5770385f-c22a-43e0-bf4c-06f5698ffbd9}", "Image": "C:\\Windows\\System32\\RuntimeBroker.exe", "CommandLine": "C:\\Windows\\System32\\RuntimeBroker.exe -Embedding", "User": "DESKTOP-HQ12\\Developer", "ProcessId": 12234, "ParentImage": "C:\\Windows\\explorer.exe", "UtcTime": "2026-03-20 15:51:29.414", "Computer": "WORKSTATION-01.local"}
{"EventID": 1, "ProviderGuid": "{5770385f-c22a-43e0-bf4c-06f5698ffbd9}", "Image": "C:\\Program Files\\Microsoft Office\\root\\Office16\\EXCEL.EXE", "CommandLine": "\"C:\\Program Files\\Microsoft Office\\root\\Office16\\EXCEL.EXE\" /Embedding", "User": "DESKTOP-HQ12\\Developer", "ProcessId": 2584, "ParentImage": "C:\\Windows\\explorer.exe", "UtcTime": "2026-03-20 15:51:31.414", "Computer": "WORKSTATION-01.local"}
{"EventID": 1, "ProviderGuid": "{5770385f-c22a-43e0-bf4c-06f5698ffbd9}", "Image": "C:\\Program Files\\Google\\Chrome\\Application\\chrome.exe", "CommandLine": "\"C:\\Program Files\\Google\\Chrome\\Application\\chrome.exe\" --type=renderer --field-trial-handle=1724", "User": "DESKTOP-HQ12\\Developer", "ProcessId": 17499, "ParentImage": "C:\\Windows\\explorer.exe", "UtcTime": "2026-03-20 15:51:33.414", "Computer": "WORKSTATION-01.local"}
{"EventID": 1, "ProviderGuid": "{5770385f-c22a-43e0-bf4c-06f5698ffbd9}", "Image": "C:\\Program Files\\Google\\Chrome\\Application\\chrome.exe", "CommandLine": "\"C:\\Program Files\\Google\\Chrome\\Application\\chrome.exe\" --type=renderer --field-trial-handle=1724", "User": "DESKTOP-HQ12\\Developer", "ProcessId": 11086, "ParentImage": "C:\\Windows\\explorer.exe", "UtcTime": "2026-03-20 15:51:35.414", "Computer": "WORKSTATION-01.local"}
{"EventID": 1, "ProviderGuid": "{5770385f-c22a-43e0-bf4c-06f5698ffbd9}", "Image": "C:\\Windows\\System32\\svchost.exe", "CommandLine": "svchost.exe -k netsvcs -p -s BITS", "User": "NT AUTHORITY\\SYSTEM", "ProcessId": 2919, "ParentImage": "C:\\Windows\\System32\\services.exe", "UtcTime": "2026-03-20 15:51:37.414", "Computer": "WORKSTATION-01.local"}
{"EventID": 1, "ProviderGuid": "{5770385f-c22a-43e0-bf4c-06f5698ffbd9}", "Image": "C:\\Windows\\System32\\audiodg.exe", "CommandLine": "C:\\Windows\\system32\\AUDIODG.EXE", "User": "DESKTOP-HQ12\\Developer", "ProcessId": 3380, "ParentImage": "C:\\Windows\\explorer.exe", "UtcTime": "2026-03-20 15:51:39.414", "Computer": "WORKSTATION-01.local"}
{"EventID": 1, "ProviderGuid": "{5770385f-c22a-43e0-bf4c-06f5698ffbd9}", "Image": "C:\\Windows\\System32\\conhost.exe", "CommandLine": "\\??\\C:\\Windows\\system32\\conhost.exe 0x4", "User": "DESKTOP-HQ12\\Developer", "ProcessId": 14312, "ParentImage": "C:\\Windows\\explorer.exe", "UtcTime": "2026-03-20 15:51:41.414", "Computer": "WORKSTATION-01.local"}
{"EventID": 1, "ProviderGuid": "{5770385f-c22a-43e0-bf4c-06f5698ffbd9}", "Image": "C:\\Windows\\explorer.exe", "CommandLine": "C:\\Windows\\Explorer.EXE", "User": "DESKTOP-HQ12\\Developer", "ProcessId": 4656, "ParentImage": "C:\\Windows\\explorer.exe", "UtcTime": "2026-03-20 15:51:43.414", "Computer": "WORKSTATION-01.local"}
{"EventID": 1, "ProviderGuid": "{5770385f-c22a-43e0-bf4c-06f5698ffbd9}", "Image": "C:\\Windows\\System32\\audiodg.exe", "CommandLine": "C:\\Windows\\system32\\AUDIODG.EXE", "User": "DESKTOP-HQ12\\Developer", "ProcessId": 2086, "ParentImage": "C:\\Windows\\explorer.exe", "UtcTime": "2026-03-20 15:51:45.414", "Computer": "WORKSTATION-01.local"}
{"EventID": 1, "ProviderGuid": "{5770385f-c22a-43e0-bf4c-06f5698ffbd9}", "Image": "C:\\Program Files\\Google\\Chrome\\Application\\chrome.exe", "CommandLine": "\"C:\\Program Files\\Google\\Chrome\\Application\\chrome.exe\" --type=renderer --field-trial-handle=1724", "User": "DESKTOP-HQ12\\Developer", "ProcessId": 4844, "ParentImage": "C:\\Windows\\explorer.exe", "UtcTime": "2026-03-20 15:51:47.414", "Computer": "WORKSTATION-01.local"}
{"EventID": 1, "ProviderGuid": "{5770385f-c22a-43e0-bf4c-06f5698ffbd9}", "Image": "C:\\Program Files\\Microsoft Office\\root\\Office16\\EXCEL.EXE", "CommandLine": "\"C:\\Program Files\\Microsoft Office\\root\\Office16\\EXCEL.EXE\" /Embedding", "User": "DESKTOP-HQ12\\Developer", "ProcessId": 10207, "ParentImage": "C:\\Windows\\explorer.exe", "UtcTime": "2026-03-20 15:51:49.414", "Computer": "WORKSTATION-01.local"}
{"EventID": 1, "ProviderGuid": "{5770385f-c22a-43e0-bf4c-06f5698ffbd9}", "Image": "C:\\Windows\\System32\\conhost.exe", "CommandLine": "\\??\\C:\\Windows\\system32\\conhost.exe 0x4", "User": "DESKTOP-HQ12\\Developer", "ProcessId": 4857, "ParentImage": "C:\\Windows\\explorer.exe", "UtcTime": "2026-03-20 15:51:51.414", "Computer": "WORKSTATION-01.local"}
{"EventID": 1, "ProviderGuid": "{5770385f-c22a-43e0-bf4c-06f5698ffbd9}", "Image": "C:\\Windows\\System32\\smartscreen.exe", "CommandLine": "C:\\Windows\\System32\\smartscreen.exe -Embedding", "User": "DESKTOP-HQ12\\Developer", "ProcessId": 11219, "ParentImage": "C:\\Windows\\explorer.exe", "UtcTime": "2026-03-20 15:51:53.414", "Computer": "WORKSTATION-01.local"}
{"EventID": 1, "ProviderGuid": "{5770385f-c22a-43e0-bf4c-06f5698ffbd9}", "Image": "C:\\Windows\\System32\\taskhostw.exe", "CommandLine": "taskhostw.exe {222A245B-E637-4AE9-A93F-A59CA119A75E}", "User": "DESKTOP-HQ12\\Developer", "ProcessId": 19978, "ParentImage": "C:\\Windows\\explorer.exe", "UtcTime": "2026-03-20 15:51:55.414", "Computer": "WORKSTATION-01.local"}
{"EventID": 1, "ProviderGuid": "{5770385f-c22a-43e0-bf4c-06f5698ffbd9}", "Image": "C:\\Windows\\explorer.exe", "CommandLine": "C:\\Windows\\Explorer.EXE", "User": "DESKTOP-HQ12\\Developer", "ProcessId": 15857, "ParentImage": "C:\\Windows\\explorer.exe", "UtcTime": "2026-03-20 15:51:57.414", "Computer": "WORKSTATION-01.local"}
{"EventID": 1, "ProviderGuid": "{5770385f-c22a-43e0-bf4c-06f5698ffbd9}", "Image": "C:\\Program Files\\Google\\Chrome\\Application\\chrome.exe", "CommandLine": "\"C:\\Program Files\\Google\\Chrome\\Application\\chrome.exe\" --type=renderer --field-trial-handle=1724", "User": "DESKTOP-HQ12\\Developer", "ProcessId": 9560, "ParentImage": "C:\\Windows\\explorer.exe", "UtcTime": "2026-03-20 15:51:59.414", "Computer": "WORKSTATION-01.local"}
{"EventID": 1, "ProviderGuid": "{5770385f-c22a-43e0-bf4c-06f5698ffbd9}", "Image": "C:\\Windows\\System32\\smartscreen.exe", "CommandLine": "C:\\Windows\\System32\\smartscreen.exe -Embedding", "User": "DESKTOP-HQ12\\Developer", "ProcessId": 11970, "ParentImage": "C:\\Windows\\explorer.exe", "UtcTime": "2026-03-20 15:52:01.414", "Computer": "WORKSTATION-01.local"}
{"EventID": 1, "ProviderGuid": "{5770385f-c22a-43e0-bf4c-06f5698ffbd9}", "Image": "C:\\Windows\\System32\\taskhostw.exe", "CommandLine": "taskhostw.exe {222A245B-E637-4AE9-A93F-A59CA119A75E}", "User": "DESKTOP-HQ12\\Developer", "ProcessId": 4576, "ParentImage": "C:\\Windows\\explorer.exe", "UtcTime": "2026-03-20 15:52:03.414", "Computer": "WORKSTATION-01.local"}
{"EventID": 1, "ProviderGuid": "{5770385f-c22a-43e0-bf4c-06f5698ffbd9}", "Image": "C:\\Windows\\System32\\smartscreen.exe", "CommandLine": "C:\\Windows\\System32\\smartscreen.exe -Embedding", "User": "DESKTOP-HQ12\\Developer", "ProcessId": 2496, "ParentImage": "C:\\Windows\\explorer.exe", "UtcTime": "2026-03-20 15:52:05.414", "Computer": "WORKSTATION-01.local"}
{"EventID": 1, "ProviderGuid": "{5770385f-c22a-43e0-bf4c-06f5698ffbd9}", "Image": "C:\\Windows\\System32\\audiodg.exe", "CommandLine": "C:\\Windows\\system32\\AUDIODG.EXE", "User": "DESKTOP-HQ12\\Developer", "ProcessId": 3192, "ParentImage": "C:\\Windows\\explorer.exe", "UtcTime": "2026-03-20 15:52:07.414", "Computer": "WORKSTATION-01.local"}
{"EventID": 1, "ProviderGuid": "{5770385f-c22a-43e0-bf4c-06f5698ffbd9}", "Image": "C:\\Windows\\System32\\smartscreen.exe", "CommandLine": "C:\\Windows\\System32\\smartscreen.exe -Embedding", "User": "DESKTOP-HQ12\\Developer", "ProcessId": 18345, "ParentImage": "C:\\Windows\\explorer.exe", "UtcTime": "2026-03-20 15:52:09.414", "Computer": "WORKSTATION-01.local"}
{"EventID": 1, "ProviderGuid": "{5770385f-c22a-43e0-bf4c-06f5698ffbd9}", "Image": "C:\\Program Files\\Google\\Chrome\\Application\\chrome.exe", "CommandLine": "\"C:\\Program Files\\Google\\Chrome\\Application\\chrome.exe\" --type=renderer --field-trial-handle=1724", "User": "DESKTOP-HQ12\\Developer", "ProcessId": 8912, "ParentImage": "C:\\Windows\\explorer.exe", "UtcTime": "2026-03-20 15:52:11.414", "Computer": "WORKSTATION-01.local"}
{"EventID": 1, "ProviderGuid": "{5770385f-c22a-43e0-bf4c-06f5698ffbd9}", "Image": "C:\\Windows\\System32\\SearchIndexer.exe", "CommandLine": "C:\\Windows\\system32\\SearchIndexer.exe /Embedding", "User": "NT AUTHORITY\\SYSTEM", "ProcessId": 14645, "ParentImage": "C:\\Windows\\explorer.exe", "UtcTime": "2026-03-20 15:52:13.414", "Computer": "WORKSTATION-01.local"}
{"EventID": 1, "ProviderGuid": "{5770385f-c22a-43e0-bf4c-06f5698ffbd9}", "Image": "C:\\Windows\\System32\\smartscreen.exe", "CommandLine": "C:\\Windows\\System32\\smartscreen.exe -Embedding", "User": "DESKTOP-HQ12\\Developer", "ProcessId": 9904, "ParentImage": "C:\\Windows\\explorer.exe", "UtcTime": "2026-03-20 15:52:15.414", "Computer": "WORKSTATION-01.local"}
{"EventID": 1, "ProviderGuid": "{5770385f-c22a-43e0-bf4c-06f5698ffbd9}", "Image": "C:\\Windows\\System32\\taskhostw.exe", "CommandLine": "taskhostw.exe {222A245B-E637-4AE9-A93F-A59CA119A75E}", "User": "DESKTOP-HQ12\\Developer", "ProcessId": 17759, "ParentImage": "C:\\Windows\\explorer.exe", "UtcTime": "2026-03-20 15:52:17.414", "Computer": "WORKSTATION-01.local"}
{"EventID": 1, "ProviderGuid": "{5770385f-c22a-43e0-bf4c-06f5698ffbd9}", "Image": "C:\\Program Files\\Google\\Chrome\\Application\\chrome.exe", "CommandLine": "\"C:\\Program Files\\Google\\Chrome\\Application\\chrome.exe\" --type=renderer --field-trial-handle=1724", "User": "DESKTOP-HQ12\\Developer", "ProcessId": 6556, "ParentImage": "C:\\Windows\\explorer.exe", "UtcTime": "2026-03-20 15:52:19.414", "Computer": "WORKSTATION-01.local"}
{"EventID": 1, "ProviderGuid": "{5770385f-c22a-43e0-bf4c-06f5698ffbd9}", "Image": "C:\\Windows\\System32\\taskhostw.exe", "CommandLine": "taskhostw.exe {222A245B-E637-4AE9-A93F-A59CA119A75E}", "User": "DESKTOP-HQ12\\Developer", "ProcessId": 13026, "ParentImage": "C:\\Windows\\explorer.exe", "UtcTime": "2026-03-20 15:52:21.414", "Computer": "WORKSTATION-01.local"}
{"EventID": 1, "ProviderGuid": "{5770385f-c22a-43e0-bf4c-06f5698ffbd9}", "Image": "C:\\Windows\\System32\\smartscreen.exe", "CommandLine": "C:\\Windows\\System32\\smartscreen.exe -Embedding", "User": "DESKTOP-HQ12\\Developer", "ProcessId": 12255, "ParentImage": "C:\\Windows\\explorer.exe", "UtcTime": "2026-03-20 15:52:23.414", "Computer": "WORKSTATION-01.local"}
{"EventID": 1, "ProviderGuid": "{5770385f-c22a-43e0-bf4c-06f5698ffbd9}", "Image": "C:\\Program Files\\Microsoft Office\\root\\Office16\\EXCEL.EXE", "CommandLine": "\"C:\\Program Files\\Microsoft Office\\root\\Office16\\EXCEL.EXE\" /Embedding", "User": "DESKTOP-HQ12\\Developer", "ProcessId": 17906, "ParentImage": "C:\\Windows\\explorer.exe", "UtcTime": "2026-03-20 15:52:25.414", "Computer": "WORKSTATION-01.local"}
{"EventID": 1, "ProviderGuid": "{5770385f-c22a-43e0-bf4c-06f5698ffbd9}", "Image": "C:\\Windows\\System32\\svchost.exe", "CommandLine": "svchost.exe -k netsvcs -p -s BITS", "User": "NT AUTHORITY\\SYSTEM", "ProcessId": 3532, "ParentImage": "C:\\Windows\\System32\\services.exe", "UtcTime": "2026-03-20 15:52:27.414", "Computer": "WORKSTATION-01.local"}
{"EventID": 1, "ProviderGuid": "{5770385f-c22a-43e0-bf4c-06f5698ffbd9}", "Image": "C:\\Program Files\\Microsoft Office\\root\\Office16\\EXCEL.EXE", "CommandLine": "\"C:\\Program Files\\Microsoft Office\\root\\Office16\\EXCEL.EXE\" /Embedding", "User": "DESKTOP-HQ12\\Developer", "ProcessId": 9782, "ParentImage": "C:\\Windows\\explorer.exe", "UtcTime": "2026-03-20 15:52:29.414", "Computer": "WORKSTATION-01.local"}
{"EventID": 1, "ProviderGuid": "{5770385f-c22a-43e0-bf4c-06f5698ffbd9}", "Image": "C:\\Program Files\\Google\\Chrome\\Application\\chrome.exe", "CommandLine": "\"C:\\Program Files\\Google\\Chrome\\Application\\chrome.exe\" --type=renderer --field-trial-handle=1724", "User": "DESKTOP-HQ12\\Developer", "ProcessId": 10210, "ParentImage": "C:\\Windows\\explorer.exe", "UtcTime": "2026-03-20 15:52:31.414", "Computer": "WORKSTATION-01.local"}
{"EventID": 1, "ProviderGuid": "{5770385f-c22a-43e0-bf4c-06f5698ffbd9}", "Image": "C:\\Program Files\\Google\\Chrome\\Application\\chrome.exe", "CommandLine": "\"C:\\Program Files\\Google\\Chrome\\Application\\chrome.exe\" --type=renderer --field-trial-handle=1724", "User": "DESKTOP-HQ12\\Developer", "ProcessId": 7303, "ParentImage": "C:\\Windows\\explorer.exe", "UtcTime": "2026-03-20 15:52:33.414", "Computer": "WORKSTATION-01.local"}
{"EventID": 1, "ProviderGuid": "{5770385f-c22a-43e0-bf4c-06f5698ffbd9}", "Image": "C:\\Windows\\explorer.exe", "CommandLine": "C:\\Windows\\Explorer.EXE", "User": "DESKTOP-HQ12\\Developer", "ProcessId": 10546, "ParentImage": "C:\\Windows\\explorer.exe", "UtcTime": "2026-03-20 15:52:35.414", "Computer": "WORKSTATION-01.local"}
{"EventID": 1, "ProviderGuid": "{5770385f-c22a-43e0-bf4c-06f5698ffbd9}", "Image": "C:\\Windows\\System32\\SearchIndexer.exe", "CommandLine": "C:\\Windows\\system32\\SearchIndexer.exe /Embedding", "User": "NT AUTHORITY\\SYSTEM", "ProcessId": 9146, "ParentImage": "C:\\Windows\\explorer.exe", "UtcTime": "2026-03-20 15:52:37.414", "Computer": "WORKSTATION-01.local"}
{"EventID": 1, "ProviderGuid": "{5770385f-c22a-43e0-bf4c-06f5698ffbd9}", "Image": "C:\\Program Files\\Google\\Chrome\\Application\\chrome.exe", "CommandLine": "\"C:\\Program Files\\Google\\Chrome\\Application\\chrome.exe\" --type=renderer --field-trial-handle=1724", "User": "DESKTOP-HQ12\\Developer", "ProcessId": 2078, "ParentImage": "C:\\Windows\\explorer.exe", "UtcTime": "2026-03-20 15:52:39.414", "Computer": "WORKSTATION-01.local"}
{"EventID": 1, "ProviderGuid": "{5770385f-c22a-43e0-bf4c-06f5698ffbd9}", "Image": "C:\\Windows\\System32\\taskhostw.exe", "CommandLine": "taskhostw.exe {222A245B-E637-4AE9-A93F-A59CA119A75E}", "User": "DESKTOP-HQ12\\Developer", "ProcessId": 18519, "ParentImage": "C:\\Windows\\explorer.exe", "UtcTime": "2026-03-20 15:52:41.414", "Computer": "WORKSTATION-01.local"}
{"EventID": 1, "ProviderGuid": "{5770385f-c22a-43e0-bf4c-06f5698ffbd9}", "Image": "C:\\Windows\\System32\\smartscreen.exe", "CommandLine": "C:\\Windows\\System32\\smartscreen.exe -Embedding", "User": "DESKTOP-HQ12\\Developer", "ProcessId": 8359, "ParentImage": "C:\\Windows\\explorer.exe", "UtcTime": "2026-03-20 15:52:43.414", "Computer": "WORKSTATION-01.local"}
{"EventID": 1, "ProviderGuid": "{5770385f-c22a-43e0-bf4c-06f5698ffbd9}", "Image": "C:\\Windows\\System32\\RuntimeBroker.exe", "CommandLine": "C:\\Windows\\System32\\RuntimeBroker.exe -Embedding", "User": "DESKTOP-HQ12\\Developer", "ProcessId": 12019, "ParentImage": "C:\\Windows\\explorer.exe", "UtcTime": "2026-03-20 15:52:45.414", "Computer": "WORKSTATION-01.local"}
{"EventID": 1, "ProviderGuid": "{5770385f-c22a-43e0-bf4c-06f5698ffbd9}", "Image": "C:\\Windows\\explorer.exe", "CommandLine": "C:\\Windows\\Explorer.EXE", "User": "DESKTOP-HQ12\\Developer", "ProcessId": 4680, "ParentImage": "C:\\Windows\\explorer.exe", "UtcTime": "2026-03-20 15:52:47.414", "Computer": "WORKSTATION-01.local"}
{"EventID": 1, "ProviderGuid": "{5770385f-c22a-43e0-bf4c-06f5698ffbd9}", "Image": "C:\\Windows\\System32\\svchost.exe", "CommandLine": "svchost.exe -k netsvcs -p -s BITS", "User": "NT AUTHORITY\\SYSTEM", "ProcessId": 5565, "ParentImage": "C:\\Windows\\System32\\services.exe", "UtcTime": "2026-03-20 15:52:49.414", "Computer": "WORKSTATION-01.local"}
{"EventID": 1, "ProviderGuid": "{5770385f-c22a-43e0-bf4c-06f5698ffbd9}", "Image": "C:\\Program Files\\Microsoft Office\\root\\Office16\\EXCEL.EXE", "CommandLine": "\"C:\\Program Files\\Microsoft Office\\root\\Office16\\EXCEL.EXE\" /Embedding", "User": "DESKTOP-HQ12\\Developer", "ProcessId": 19275, "ParentImage": "C:\\Windows\\explorer.exe", "UtcTime": "2026-03-20 15:52:51.414", "Computer": "WORKSTATION-01.local"}
{"EventID": 1, "ProviderGuid": "{5770385f-c22a-43e0-bf4c-06f5698ffbd9}", "Image": "C:\\Windows\\explorer.exe", "CommandLine": "C:\\Windows\\Explorer.EXE", "User": "DESKTOP-HQ12\\Developer", "ProcessId": 11740, "ParentImage": "C:\\Windows\\explorer.exe", "UtcTime": "2026-03-20 15:52:53.414", "Computer": "WORKSTATION-01.local"}
{"EventID": 1, "ProviderGuid": "{5770385f-c22a-43e0-bf4c-06f5698ffbd9}", "Image": "C:\\Program Files\\Microsoft Office\\root\\Office16\\EXCEL.EXE", "CommandLine": "\"C:\\Program Files\\Microsoft Office\\root\\Office16\\EXCEL.EXE\" /Embedding", "User": "DESKTOP-HQ12\\Developer", "ProcessId": 8050, "ParentImage": "C:\\Windows\\explorer.exe", "UtcTime": "2026-03-20 15:52:55.414", "Computer": "WORKSTATION-01.local"}
{"EventID": 1, "ProviderGuid": "{5770385f-c22a-43e0-bf4c-06f5698ffbd9}", "Image": "C:\\Windows\\System32\\audiodg.exe", "CommandLine": "C:\\Windows\\system32\\AUDIODG.EXE", "User": "DESKTOP-HQ12\\Developer", "ProcessId": 17649, "ParentImage": "C:\\Windows\\explorer.exe", "UtcTime": "2026-03-20 15:52:57.414", "Computer": "WORKSTATION-01.local"}
{"EventID": 1, "ProviderGuid": "{5770385f-c22a-43e0-bf4c-06f5698ffbd9}", "Image": "C:\\Windows\\System32\\svchost.exe", "CommandLine": "svchost.exe -k netsvcs -p -s BITS", "User": "NT AUTHORITY\\SYSTEM", "ProcessId": 7289, "ParentImage": "C:\\Windows\\System32\\services.exe", "UtcTime": "2026-03-20 15:52:59.414", "Computer": "WORKSTATION-01.local"}
{"EventID": 1, "ProviderGuid": "{5770385f-c22a-43e0-bf4c-06f5698ffbd9}", "Image": "C:\\Program Files\\Microsoft Office\\root\\Office16\\EXCEL.EXE", "CommandLine": "\"C:\\Program Files\\Microsoft Office\\root\\Office16\\EXCEL.EXE\" /Embedding", "User": "DESKTOP-HQ12\\Developer", "ProcessId": 17192, "ParentImage": "C:\\Windows\\explorer.exe", "UtcTime": "2026-03-20 15:53:01.414", "Computer": "WORKSTATION-01.local"}
{"EventID": 1, "ProviderGuid": "{5770385f-c22a-43e0-bf4c-06f5698ffbd9}", "Image": "C:\\Windows\\System32\\audiodg.exe", "CommandLine": "C:\\Windows\\system32\\AUDIODG.EXE", "User": "DESKTOP-HQ12\\Developer", "ProcessId": 6126, "ParentImage": "C:\\Windows\\explorer.exe", "UtcTime": "2026-03-20 15:53:03.414", "Computer": "WORKSTATION-01.local"}
{"EventID": 1, "ProviderGuid": "{5770385f-c22a-43e0-bf4c-06f5698ffbd9}", "Image": "C:\\Windows\\System32\\taskhostw.exe", "CommandLine": "taskhostw.exe {222A245B-E637-4AE9-A93F-A59CA119A75E}", "User": "DESKTOP-HQ12\\Developer", "ProcessId": 4474, "ParentImage": "C:\\Windows\\explorer.exe", "UtcTime": "2026-03-20 15:53:05.414", "Computer": "WORKSTATION-01.local"}
{"EventID": 1, "ProviderGuid": "{5770385f-c22a-43e0-bf4c-06f5698ffbd9}", "Image": "C:\\Windows\\System32\\taskhostw.exe", "CommandLine": "taskhostw.exe {222A245B-E637-4AE9-A93F-A59CA119A75E}", "User": "DESKTOP-HQ12\\Developer", "ProcessId": 15082, "ParentImage": "C:\\Windows\\explorer.exe", "UtcTime": "2026-03-20 15:53:07.414", "Computer": "WORKSTATION-01.local"}
{"EventID": 1, "ProviderGuid": "{5770385f-c22a-43e0-bf4c-06f5698ffbd9}", "Image": "C:\\Windows\\System32\\SearchIndexer.exe", "CommandLine": "C:\\Windows\\system32\\SearchIndexer.exe /Embedding", "User": "NT AUTHORITY\\SYSTEM", "ProcessId": 12004, "ParentImage": "C:\\Windows\\explorer.exe", "UtcTime": "2026-03-20 15:53:09.414", "Computer": "WORKSTATION-01.local"}
{"EventID": 1, "ProviderGuid": "{5770385f-c22a-43e0-bf4c-06f5698ffbd9}", "Image": "C:\\Program Files\\Microsoft Office\\root\\Office16\\EXCEL.EXE", "CommandLine": "\"C:\\Program Files\\Microsoft Office\\root\\Office16\\EXCEL.EXE\" /Embedding", "User": "DESKTOP-HQ12\\Developer", "ProcessId": 19392, "ParentImage": "C:\\Windows\\explorer.exe", "UtcTime": "2026-03-20 15:53:11.414", "Computer": "WORKSTATION-01.local"}
{"EventID": 1, "ProviderGuid": "{5770385f-c22a-43e0-bf4c-06f5698ffbd9}", "Image": "C:\\Program Files\\Google\\Chrome\\Application\\chrome.exe", "CommandLine": "\"C:\\Program Files\\Google\\Chrome\\Application\\chrome.exe\" --type=renderer --field-trial-handle=1724", "User": "DESKTOP-HQ12\\Developer", "ProcessId": 19278, "ParentImage": "C:\\Windows\\explorer.exe", "UtcTime": "2026-03-20 15:53:13.414", "Computer": "WORKSTATION-01.local"}
{"EventID": 1, "ProviderGuid": "{5770385f-c22a-43e0-bf4c-06f5698ffbd9}", "Image": "C:\\Windows\\System32\\conhost.exe", "CommandLine": "\\??\\C:\\Windows\\system32\\conhost.exe 0x4", "User": "DESKTOP-HQ12\\Developer", "ProcessId": 19837, "ParentImage": "C:\\Windows\\explorer.exe", "UtcTime": "2026-03-20 15:53:15.414", "Computer": "WORKSTATION-01.local"}
{"EventID": 1, "ProviderGuid": "{5770385f-c22a-43e0-bf4c-06f5698ffbd9}", "Image": "C:\\Windows\\explorer.exe", "CommandLine": "C:\\Windows\\Explorer.EXE", "User": "DESKTOP-HQ12\\Developer", "ProcessId": 2472, "ParentImage": "C:\\Windows\\explorer.exe", "UtcTime": "2026-03-20 15:53:17.414", "Computer": "WORKSTATION-01.local"}
{"EventID": 1, "ProviderGuid": "{5770385f-c22a-43e0-bf4c-06f5698ffbd9}", "Image": "C:\\Program Files\\Google\\Chrome\\Application\\chrome.exe", "CommandLine": "\"C:\\Program Files\\Google\\Chrome\\Application\\chrome.exe\" --type=renderer --field-trial-handle=1724", "User": "DESKTOP-HQ12\\Developer", "ProcessId": 12078, "ParentImage": "C:\\Windows\\explorer.exe", "UtcTime": "2026-03-20 15:53:19.414", "Computer": "WORKSTATION-01.local"}
{"EventID": 1, "ProviderGuid": "{5770385f-c22a-43e0-bf4c-06f5698ffbd9}", "Image": "C:\\Windows\\System32\\taskhostw.exe", "CommandLine": "taskhostw.exe {222A245B-E637-4AE9-A93F-A59CA119A75E}", "User": "DESKTOP-HQ12\\Developer", "ProcessId": 13657, "ParentImage": "C:\\Windows\\explorer.exe", "UtcTime": "2026-03-20 15:53:21.414", "Computer": "WORKSTATION-01.local"}
{"EventID": 1, "ProviderGuid": "{5770385f-c22a-43e0-bf4c-06f5698ffbd9}", "Image": "C:\\Windows\\System32\\taskhostw.exe", "CommandLine": "taskhostw.exe {222A245B-E637-4AE9-A93F-A59CA119A75E}", "User": "DESKTOP-HQ12\\Developer", "ProcessId": 17825, "ParentImage": "C:\\Windows\\explorer.exe", "UtcTime": "2026-03-20 15:53:23.414", "Computer": "WORKSTATION-01.local"}
{"EventID": 1, "ProviderGuid": "{5770385f-c22a-43e0-bf4c-06f5698ffbd9}", "Image": "C:\\Windows\\System32\\smartscreen.exe", "CommandLine": "C:\\Windows\\System32\\smartscreen.exe -Embedding", "User": "DESKTOP-HQ12\\Developer", "ProcessId": 5601, "ParentImage": "C:\\Windows\\explorer.exe", "UtcTime": "2026-03-20 15:53:25.414", "Computer": "WORKSTATION-01.local"}
{"EventID": 1, "ProviderGuid": "{5770385f-c22a-43e0-bf4c-06f5698ffbd9}", "Image": "C:\\Windows\\System32\\RuntimeBroker.exe", "CommandLine": "C:\\Windows\\System32\\RuntimeBroker.exe -Embedding", "User": "DESKTOP-HQ12\\Developer", "ProcessId": 3756, "ParentImage": "C:\\Windows\\explorer.exe", "UtcTime": "2026-03-20 15:53:27.414", "Computer": "WORKSTATION-01.local"}
{"EventID": 1, "ProviderGuid": "{5770385f-c22a-43e0-bf4c-06f5698ffbd9}", "Image": "C:\\Windows\\System32\\SearchIndexer.exe", "CommandLine": "C:\\Windows\\system32\\SearchIndexer.exe /Embedding", "User": "NT AUTHORITY\\SYSTEM", "ProcessId": 9206, "ParentImage": "C:\\Windows\\explorer.exe", "UtcTime": "2026-03-20 15:53:29.414", "Computer": "WORKSTATION-01.local"}
{"EventID": 1, "ProviderGuid": "{5770385f-c22a-43e0-bf4c-06f5698ffbd9}", "Image": "C:\\Windows\\System32\\RuntimeBroker.exe", "CommandLine": "C:\\Windows\\System32\\RuntimeBroker.exe -Embedding", "User": "DESKTOP-HQ12\\Developer", "ProcessId": 7575, "ParentImage": "C:\\Windows\\explorer.exe", "UtcTime": "2026-03-20 15:53:31.414", "Computer": "WORKSTATION-01.local"}
{"EventID": 1, "ProviderGuid": "{5770385f-c22a-43e0-bf4c-06f5698ffbd9}", "Image": "C:\\Windows\\System32\\smartscreen.exe", "CommandLine": "C:\\Windows\\System32\\smartscreen.exe -Embedding", "User": "DESKTOP-HQ12\\Developer", "ProcessId": 18161, "ParentImage": "C:\\Windows\\explorer.exe", "UtcTime": "2026-03-20 15:53:33.414", "Computer": "WORKSTATION-01.local"}
{"EventID": 1, "ProviderGuid": "{5770385f-c22a-43e0-bf4c-06f5698ffbd9}", "Image": "C:\\Windows\\System32\\smartscreen.exe", "CommandLine": "C:\\Windows\\System32\\smartscreen.exe -Embedding", "User": "DESKTOP-HQ12\\Developer", "ProcessId": 6651, "ParentImage": "C:\\Windows\\explorer.exe", "UtcTime": "2026-03-20 15:53:35.414", "Computer": "WORKSTATION-01.local"}
{"EventID": 1, "ProviderGuid": "{5770385f-c22a-43e0-bf4c-06f5698ffbd9}", "Image": "C:\\Windows\\System32\\smartscreen.exe", "CommandLine": "C:\\Windows\\System32\\smartscreen.exe -Embedding", "User": "DESKTOP-HQ12\\Developer", "ProcessId": 11533, "ParentImage": "C:\\Windows\\explorer.exe", "UtcTime": "2026-03-20 15:53:37.414", "Computer": "WORKSTATION-01.local"}
{"EventID": 1, "ProviderGuid": "{5770385f-c22a-43e0-bf4c-06f5698ffbd9}", "Image": "C:\\Program Files\\Microsoft Office\\root\\Office16\\EXCEL.EXE", "CommandLine": "\"C:\\Program Files\\Microsoft Office\\root\\Office16\\EXCEL.EXE\" /Embedding", "User": "DESKTOP-HQ12\\Developer", "ProcessId": 12018, "ParentImage": "C:\\Windows\\explorer.exe", "UtcTime": "2026-03-20 15:53:39.414", "Computer": "WORKSTATION-01.local"}
{"EventID": 1, "ProviderGuid": "{5770385f-c22a-43e0-bf4c-06f5698ffbd9}", "Image": "C:\\Windows\\explorer.exe", "CommandLine": "C:\\Windows\\Explorer.EXE", "User": "DESKTOP-HQ12\\Developer", "ProcessId": 10179, "ParentImage": "C:\\Windows\\explorer.exe", "UtcTime": "2026-03-20 15:53:41.414", "Computer": "WORKSTATION-01.local"}
{"EventID": 1, "ProviderGuid": "{5770385f-c22a-43e0-bf4c-06f5698ffbd9}", "Image": "C:\\Windows\\System32\\taskhostw.exe", "CommandLine": "taskhostw.exe {222A245B-E637-4AE9-A93F-A59CA119A75E}", "User": "DESKTOP-HQ12\\Developer", "ProcessId": 12059, "ParentImage": "C:\\Windows\\explorer.exe", "UtcTime": "2026-03-20 15:53:43.414", "Computer": "WORKSTATION-01.local"}
{"EventID": 1, "ProviderGuid": "{5770385f-c22a-43e0-bf4c-06f5698ffbd9}", "Image": "C:\\Windows\\System32\\audiodg.exe", "CommandLine": "C:\\Windows\\system32\\AUDIODG.EXE", "User": "DESKTOP-HQ12\\Developer", "ProcessId": 16419, "ParentImage": "C:\\Windows\\explorer.exe", "UtcTime": "2026-03-20 15:53:45.414", "Computer": "WORKSTATION-01.local"}
{"EventID": 1, "ProviderGuid": "{5770385f-c22a-43e0-bf4c-06f5698ffbd9}", "Image": "C:\\Windows\\explorer.exe", "CommandLine": "C:\\Windows\\Explorer.EXE", "User": "DESKTOP-HQ12\\Developer", "ProcessId": 14798, "ParentImage": "C:\\Windows\\explorer.exe", "UtcTime": "2026-03-20 15:53:47.414", "Computer": "WORKSTATION-01.local"}
{"EventID": 1, "ProviderGuid": "{5770385f-c22a-43e0-bf4c-06f5698ffbd9}", "Image": "C:\\Windows\\System32\\RuntimeBroker.exe", "CommandLine": "C:\\Windows\\System32\\RuntimeBroker.exe -Embedding", "User": "DESKTOP-HQ12\\Developer", "ProcessId": 13383, "ParentImage": "C:\\Windows\\explorer.exe", "UtcTime": "2026-03-20 15:53:49.414", "Computer": "WORKSTATION-01.local"}
{"EventID": 1, "ProviderGuid": "{5770385f-c22a-43e0-bf4c-06f5698ffbd9}", "Image": "C:\\Windows\\System32\\taskhostw.exe", "CommandLine": "taskhostw.exe {222A245B-E637-4AE9-A93F-A59CA119A75E}", "User": "DESKTOP-HQ12\\Developer", "ProcessId": 17780, "ParentImage": "C:\\Windows\\explorer.exe", "UtcTime": "2026-03-20 15:53:51.414", "Computer": "WORKSTATION-01.local"}
{"EventID": 1, "ProviderGuid": "{5770385f-c22a-43e0-bf4c-06f5698ffbd9}", "Image": "C:\\Windows\\System32\\audiodg.exe", "CommandLine": "C:\\Windows\\system32\\AUDIODG.EXE", "User": "DESKTOP-HQ12\\Developer", "ProcessId": 13450, "ParentImage": "C:\\Windows\\explorer.exe", "UtcTime": "2026-03-20 15:53:53.414", "Computer": "WORKSTATION-01.local"}
{"EventID": 1, "ProviderGuid": "{5770385f-c22a-43e0-bf4c-06f5698ffbd9}", "Image": "C:\\Windows\\System32\\RuntimeBroker.exe", "CommandLine": "C:\\Windows\\System32\\RuntimeBroker.exe -Embedding", "User": "DESKTOP-HQ12\\Developer", "ProcessId": 9181, "ParentImage": "C:\\Windows\\explorer.exe", "UtcTime": "2026-03-20 15:53:55.414", "Computer": "WORKSTATION-01.local"}
{"EventID": 1, "ProviderGuid": "{5770385f-c22a-43e0-bf4c-06f5698ffbd9}", "Image": "C:\\Windows\\System32\\audiodg.exe", "CommandLine": "C:\\Windows\\system32\\AUDIODG.EXE", "User": "DESKTOP-HQ12\\Developer", "ProcessId": 15598, "ParentImage": "C:\\Windows\\explorer.exe", "UtcTime": "2026-03-20 15:53:57.414", "Computer": "WORKSTATION-01.local"}
{"EventID": 1, "ProviderGuid": "{5770385f-c22a-43e0-bf4c-06f5698ffbd9}", "Image": "C:\\Program Files\\Microsoft Office\\root\\Office16\\EXCEL.EXE", "CommandLine": "\"C:\\Program Files\\Microsoft Office\\root\\Office16\\EXCEL.EXE\" /Embedding", "User": "DESKTOP-HQ12\\Developer", "ProcessId": 6491, "ParentImage": "C:\\Windows\\explorer.exe", "UtcTime": "2026-03-20 15:53:59.414", "Computer": "WORKSTATION-01.local"}
{"EventID": 1, "ProviderGuid": "{5770385f-c22a-43e0-bf4c-06f5698ffbd9}", "Image": "C:\\Windows\\System32\\taskhostw.exe", "CommandLine": "taskhostw.exe {222A245B-E637-4AE9-A93F-A59CA119A75E}", "User": "DESKTOP-HQ12\\Developer", "ProcessId": 17651, "ParentImage": "C:\\Windows\\explorer.exe", "UtcTime": "2026-03-20 15:54:01.414", "Computer": "WORKSTATION-01.local"}
{"EventID": 1, "ProviderGuid": "{5770385f-c22a-43e0-bf4c-06f5698ffbd9}", "Image": "C:\\Windows\\System32\\SearchIndexer.exe", "CommandLine": "C:\\Windows\\system32\\SearchIndexer.exe /Embedding", "User": "NT AUTHORITY\\SYSTEM", "ProcessId": 4685, "ParentImage": "C:\\Windows\\explorer.exe", "UtcTime": "2026-03-20 15:54:03.414", "Computer": "WORKSTATION-01.local"}
{"EventID": 1, "ProviderGuid": "{5770385f-c22a-43e0-bf4c-06f5698ffbd9}", "Image": "C:\\Windows\\System32\\taskhostw.exe", "CommandLine": "taskhostw.exe {222A245B-E637-4AE9-A93F-A59CA119A75E}", "User": "DESKTOP-HQ12\\Developer", "ProcessId": 15923, "ParentImage": "C:\\Windows\\explorer.exe", "UtcTime": "2026-03-20 15:54:05.414", "Computer": "WORKSTATION-01.local"}
{"EventID": 1, "ProviderGuid": "{5770385f-c22a-43e0-bf4c-06f5698ffbd9}", "Image": "C:\\Program Files\\Google\\Chrome\\Application\\chrome.exe", "CommandLine": "\"C:\\Program Files\\Google\\Chrome\\Application\\chrome.exe\" --type=renderer --field-trial-handle=1724", "User": "DESKTOP-HQ12\\Developer", "ProcessId": 6857, "ParentImage": "C:\\Windows\\explorer.exe", "UtcTime": "2026-03-20 15:54:07.414", "Computer": "WORKSTATION-01.local"}
{"EventID": 1, "ProviderGuid": "{5770385f-c22a-43e0-bf4c-06f5698ffbd9}", "Image": "C:\\Windows\\System32\\smartscreen.exe", "CommandLine": "C:\\Windows\\System32\\smartscreen.exe -Embedding", "User": "DESKTOP-HQ12\\Developer", "ProcessId": 9937, "ParentImage": "C:\\Windows\\explorer.exe", "UtcTime": "2026-03-20 15:54:09.414", "Computer": "WORKSTATION-01.local"}
{"EventID": 1, "ProviderGuid": "{5770385f-c22a-43e0-bf4c-06f5698ffbd9}", "Image": "C:\\Windows\\System32\\smartscreen.exe", "CommandLine": "C:\\Windows\\System32\\smartscreen.exe -Embedding", "User": "DESKTOP-HQ12\\Developer", "ProcessId": 12983, "ParentImage": "C:\\Windows\\explorer.exe", "UtcTime": "2026-03-20 15:54:11.414", "Computer": "WORKSTATION-01.local"}
{"EventID": 1, "ProviderGuid": "{5770385f-c22a-43e0-bf4c-06f5698ffbd9}", "Image": "C:\\Windows\\System32\\SearchIndexer.exe", "CommandLine": "C:\\Windows\\system32\\SearchIndexer.exe /Embedding", "User": "NT AUTHORITY\\SYSTEM", "ProcessId": 9506, "ParentImage": "C:\\Windows\\explorer.exe", "UtcTime": "2026-03-20 15:54:13.414", "Computer": "WORKSTATION-01.local"}
{"EventID": 1, "ProviderGuid": "{5770385f-c22a-43e0-bf4c-06f5698ffbd9}", "Image": "C:\\Windows\\System32\\conhost.exe", "CommandLine": "\\??\\C:\\Windows\\system32\\conhost.exe 0x4", "User": "DESKTOP-HQ12\\Developer", "ProcessId": 18277, "ParentImage": "C:\\Windows\\explorer.exe", "UtcTime": "2026-03-20 15:54:15.414", "Computer": "WORKSTATION-01.local"}
{"EventID": 1, "ProviderGuid": "{5770385f-c22a-43e0-bf4c-06f5698ffbd9}", "Image": "C:\\Windows\\System32\\RuntimeBroker.exe", "CommandLine": "C:\\Windows\\System32\\RuntimeBroker.exe -Embedding", "User": "DESKTOP-HQ12\\Developer", "ProcessId": 4668, "ParentImage": "C:\\Windows\\explorer.exe", "UtcTime": "2026-03-20 15:54:17.414", "Computer": "WORKSTATION-01.local"}
{"EventID": 1, "ProviderGuid": "{5770385f-c22a-43e0-bf4c-06f5698ffbd9}", "Image": "C:\\Windows\\System32\\taskhostw.exe", "CommandLine": "taskhostw.exe {222A245B-E637-4AE9-A93F-A59CA119A75E}", "User": "DESKTOP-HQ12\\Developer", "ProcessId": 12623, "ParentImage": "C:\\Windows\\explorer.exe", "UtcTime": "2026-03-20 15:54:19.414", "Computer": "WORKSTATION-01.local"}
{"EventID": 1, "ProviderGuid": "{5770385f-c22a-43e0-bf4c-06f5698ffbd9}", "Image": "C:\\Windows\\System32\\audiodg.exe", "CommandLine": "C:\\Windows\\system32\\AUDIODG.EXE", "User": "DESKTOP-HQ12\\Developer", "ProcessId": 5799, "ParentImage": "C:\\Windows\\explorer.exe", "UtcTime": "2026-03-20 15:54:21.414", "Computer": "WORKSTATION-01.local"}
{"EventID": 1, "ProviderGuid": "{5770385f-c22a-43e0-bf4c-06f5698ffbd9}", "Image": "C:\\Windows\\System32\\RuntimeBroker.exe", "CommandLine": "C:\\Windows\\System32\\RuntimeBroker.exe -Embedding", "User": "DESKTOP-HQ12\\Developer", "ProcessId": 15057, "ParentImage": "C:\\Windows\\explorer.exe", "UtcTime": "2026-03-20 15:54:23.414", "Computer": "WORKSTATION-01.local"}
{"EventID": 1, "ProviderGuid": "{5770385f-c22a-43e0-bf4c-06f5698ffbd9}", "Image": "C:\\Windows\\System32\\audiodg.exe", "CommandLine": "C:\\Windows\\system32\\AUDIODG.EXE", "User": "DESKTOP-HQ12\\Developer", "ProcessId": 8007, "ParentImage": "C:\\Windows\\explorer.exe", "UtcTime": "2026-03-20 15:54:25.414", "Computer": "WORKSTATION-01.local"}
{"EventID": 1, "ProviderGuid": "{5770385f-c22a-43e0-bf4c-06f5698ffbd9}", "Image": "C:\\Windows\\System32\\audiodg.exe", "CommandLine": "C:\\Windows\\system32\\AUDIODG.EXE", "User": "DESKTOP-HQ12\\Developer", "ProcessId": 12918, "ParentImage": "C:\\Windows\\explorer.exe", "UtcTime": "2026-03-20 15:54:27.414", "Computer": "WORKSTATION-01.local"}
{"EventID": 1, "ProviderGuid": "{5770385f-c22a-43e0-bf4c-06f5698ffbd9}", "Image": "C:\\Program Files\\Google\\Chrome\\Application\\chrome.exe", "CommandLine": "\"C:\\Program Files\\Google\\Chrome\\Application\\chrome.exe\" --type=renderer --field-trial-handle=1724", "User": "DESKTOP-HQ12\\Developer", "ProcessId": 16020, "ParentImage": "C:\\Windows\\explorer.exe", "UtcTime": "2026-03-20 15:54:29.414", "Computer": "WORKSTATION-01.local"}
