{"EventID": 1, "ProviderGuid": "{5770385f-c22a-43e0-bf4c-06f5698ffbd9}", "Image": "C:\\Windows\\explorer.exe", "CommandLine": "C:\\Windows\\Explorer.EXE", "User": "DESKTOP-HQ12\\Developer", "ProcessId": 12766, "ParentImage": "C:\\Windows\\explorer.exe", "UtcTime": "2026-03-20 15:36:35.412", "Computer": "WORKSTATION-01.local"}
{"EventID": 1, "ProviderGuid": "{5770385f-c22a-43e0-bf4c-06f5698ffbd9}", "Image": "C:\\Windows\\System32\\conhost.exe", "CommandLine": "\\??\\C:\\Windows\\system32\\conhost.exe 0x4", "User": "DESKTOP-HQ12\\Developer", "ProcessId": 19194, "ParentImage": "C:\\Windows\\explorer.exe", "UtcTime": "2026-03-20 15:36:37.412", "Computer": "WORKSTATION-01.local"}
{"EventID": 1, "ProviderGuid": "{5770385f-c22a-43e0-bf4c-06f5698ffbd9}", "Image": "C:\\Program Files\\Microsoft Office\\root\\Office16\\EXCEL.EXE", "CommandLine": "\"C:\\Program Files\\Microsoft Office\\root\\Office16\\EXCEL.EXE\" /Embedding", "User": "DESKTOP-HQ12\\Developer", "ProcessId": 14767, "ParentImage": "C:\\Windows\\explorer.exe", "UtcTime": "2026-03-20 15:36:39.412", "Computer": "WORKSTATION-01.local"}
{"EventID": 1, "ProviderGuid": "{5770385f-c22a-43e0-bf4c-06f5698ffbd9}", "Image": "C:\\Windows\\System32\\conhost.exe", "CommandLine": "\\??\\C:\\Windows\\system32\\conhost.exe 0x4", "User": "DESKTOP-HQ12\\Developer", "ProcessId": 1904, "ParentImage": "C:\\Windows\\explorer.exe", "UtcTime": "2026-03-20 15:36:41.412", "Computer": "WORKSTATION-01.local"}
{"EventID": 1, "ProviderGuid": "{5770385f-c22a-43e0-bf4c-06f5698ffbd9}", "Image": "C:\\Program Files\\Microsoft Office\\root\\Office16\\EXCEL.EXE", "CommandLine": "\"C:\\Program Files\\Microsoft Office\\root\\Office16\\EXCEL.EXE\" /Embedding", "User": "DESKTOP-HQ12\\Developer", "ProcessId": 14500, "ParentImage": "C:\\Windows\\explorer.exe", "UtcTime": "2026-03-20 15:36:43.412", "Computer": "WORKSTATION-01.local"}
{"EventID": 1, "ProviderGuid": "{5770385f-c22a-43e0-bf4c-06f5698ffbd9}", "Image": "C:\\Program Files\\Microsoft Office\\root\\Office16\\EXCEL.EXE", "CommandLine": "\"C:\\Program Files\\Microsoft Office\\root\\Office16\\EXCEL.EXE\" /Embedding", "User": "DESKTOP-HQ12\\Developer", "ProcessId": 11450, "ParentImage": "C:\\Windows\\explorer.exe", "UtcTime": "2026-03-20 15:36:45.412", "Computer": "WORKSTATION-01.local"}
{"EventID": 1, "ProviderGuid": "{5770385f-c22a-43e0-bf4c-06f5698ffbd9}", "Image": "C:\\Program Files\\Google\\Chrome\\Application\\chrome.exe", "CommandLine": "\"C:\\Program Files\\Google\\Chrome\\Application\\chrome.exe\" --type=renderer --field-trial-handle=1724", "User": "DESKTOP-HQ12\\Developer", "ProcessId": 12291, "ParentImage": "C:\\Windows\\explorer.exe", "UtcTime": "2026-03-20 15:36:47.412", "Computer": "WORKSTATION-01.local"}
{"EventID": 1, "ProviderGuid": "{5770385f-c22a-43e0-bf4c-06f5698ffbd9}", "Image": "C:\\Windows\\System32\\smartscreen.exe", "CommandLine": "C:\\Windows\\System32\\smartscreen.exe -Embedding", "User": "DESKTOP-HQ12\\Developer", "ProcessId": 6174, "ParentImage": "C:\\Windows\\explorer.exe", "UtcTime": "2026-03-20 15:36:49.412", "Computer": "WORKSTATION-01.local"}
{"EventID": 1, "ProviderGuid": "{5770385f-c22a-43e0-bf4c-06f5698ffbd9}", "Image": "C:\\Windows\\System32\\smartscreen.exe", "CommandLine": "C:\\Windows\\System32\\smartscreen.exe -Embedding", "User": "DESKTOP-HQ12\\Developer", "ProcessId": 12658, "ParentImage": "C:\\Windows\\explorer.exe", "UtcTime": "2026-03-20 15:36:51.412", "Computer": "WORKSTATION-01.local"}
{"EventID": 1, "ProviderGuid": "{5770385f-c22a-43e0-bf4c-06f5698ffbd9}", "Image": "C:\\Program Files\\Microsoft Office\\root\\Office16\\EXCEL.EXE", "CommandLine": "\"C:\\Program Files\\Microsoft Office\\root\\Office16\\EXCEL.EXE\" /Embedding", "User": "DESKTOP-HQ12\\Developer", "ProcessId": 13092, "ParentImage": "C:\\Windows\\explorer.exe", "UtcTime": "2026-03-20 15:36:53.412", "Computer": "WORKSTATION-01.local"}
{"EventID": 1, "ProviderGuid": "{5770385f-c22a-43e0-bf4c-06f5698ffbd9}", "Image": "C:\\Windows\\System32\\conhost.exe", "CommandLine": "\\??\\C:\\Windows\\system32\\conhost.exe 0x4", "User": "DESKTOP-HQ12\\Developer", "ProcessId": 17017, "ParentImage": "C:\\Windows\\explorer.exe", "UtcTime": "2026-03-20 15:36:55.412", "Computer": "WORKSTATION-01.local"}
{"EventID": 1, "ProviderGuid": "{5770385f-c22a-43e0-bf4c-06f5698ffbd9}", "Image": "C:\\Windows\\System32\\svchost.exe", "CommandLine": "svchost.exe -k netsvcs -p -s BITS", "User": "NT AUTHORITY\\SYSTEM", "ProcessId": 12695, "ParentImage": "C:\\Windows\\System32\\services.exe", "UtcTime": "2026-03-20 15:36:57.412", "Computer": "WORKSTATION-01.local"}
{"EventID": 1, "ProviderGuid": "{5770385f-c22a-43e0-bf4c-06f5698ffbd9}", "Image": "C:\\Windows\\explorer.exe", "CommandLine": "C:\\Windows\\Explorer.EXE", "User": "DESKTOP-HQ12\\Developer", "ProcessId": 15417, "ParentImage": "C:\\Windows\\explorer.exe", "UtcTime": "2026-03-20 15:36:59.412", "Computer": "WORKSTATION-01.local"}
{"EventID": 1, "ProviderGuid": "{5770385f-c22a-43e0-bf4c-06f5698ffbd9}", "Image": "C:\\Windows\\explorer.exe", "CommandLine": "C:\\Windows\\Explorer.EXE", "User": "DESKTOP-HQ12\\Developer", "ProcessId": 15490, "ParentImage": "C:\\Windows\\explorer.exe", "UtcTime": "2026-03-20 15:37:01.412", "Computer": "WORKSTATION-01.local"}
{"EventID": 1, "ProviderGuid": "{5770385f-c22a-43e0-bf4c-06f5698ffbd9}", "Image": "C:\\Program Files\\Google\\Chrome\\Application\\chrome.exe", "CommandLine": "\"C:\\Program Files\\Google\\Chrome\\Application\\chrome.exe\" --type=renderer --field-trial-handle=1724", "User": "DESKTOP-HQ12\\Developer", "ProcessId": 15802, "ParentImage": "C:\\Windows\\explorer.exe", "UtcTime": "2026-03-20 15:37:03.412", "Computer": "WORKSTATION-01.local"}
{"EventID": 1, "ProviderGuid": "{5770385f-c22a-43e0-bf4c-06f5698ffbd9}", "Image": "C:\\Windows\\System32\\smartscreen.exe", "CommandLine": "C:\\Windows\\System32\\smartscreen.exe -Embedding", "User": "DESKTOP-HQ12\\Developer", "ProcessId": 17857, "ParentImage": "C:\\Windows\\explorer.exe", "UtcTime": "2026-03-20 15:37:05.412", "Computer": "WORKSTATION-01.local"}
{"EventID": 1, "ProviderGuid": "{5770385f-c22a-43e0-bf4c-06f5698ffbd9}", "Image": "C:\\Program Files\\Google\\Chrome\\Application\\chrome.exe", "CommandLine": "\"C:\\Program Files\\Google\\Chrome\\Application\\chrome.exe\" --type=renderer --field-trial-handle=1724", "User": "DESKTOP-HQ12\\Developer", "ProcessId": 7257, "ParentImage": "C:\\Windows\\explorer.exe", "UtcTime": "2026-03-20 15:37:07.412", "Computer": "WORKSTATION-01.local"}
{"EventID": 1, "ProviderGuid": "{5770385f-c22a-43e0-bf4c-06f5698ffbd9}", "Image": "C:\\Windows\\System32\\audiodg.exe", "CommandLine": "C:\\Windows\\system32\\AUDIODG.EXE", "User": "DESKTOP-HQ12\\Developer", "ProcessId": 18601, "ParentImage": "C:\\Windows\\explorer.exe", "UtcTime": "2026-03-20 15:37:09.412", "Computer": "WORKSTATION-01.local"}
{"EventID": 1, "ProviderGuid": "{5770385f-c22a-43e0-bf4c-06f5698ffbd9}", "Image": "C:\\Windows\\System32\\RuntimeBroker.exe", "CommandLine": "C:\\Windows\\System32\\RuntimeBroker.exe -Embedding", "User": "DESKTOP-HQ12\\Developer", "ProcessId": 7563, "ParentImage": "C:\\Windows\\explorer.exe", "UtcTime": "2026-03-20 15:37:11.412", "Computer": "WORKSTATION-01.local"}
{"EventID": 1, "ProviderGuid": "{5770385f-c22a-43e0-bf4c-06f5698ffbd9}", "Image": "C:\\Windows\\System32\\svchost.exe", "CommandLine": "svchost.exe -k netsvcs -p -s BITS", "User": "NT AUTHORITY\\SYSTEM", "ProcessId": 14753, "ParentImage": "C:\\Windows\\System32\\services.exe", "UtcTime": "2026-03-20 15:37:13.412", "Computer": "WORKSTATION-01.local"}
{"EventID": 1, "ProviderGuid": "{5770385f-c22a-43e0-bf4c-06f5698ffbd9}", "Image": "C:\\Program Files\\Google\\Chrome\\Application\\chrome.exe", "CommandLine": "\"C:\\Program Files\\Google\\Chrome\\Application\\chrome.exe\" --type=renderer --field-trial-handle=1724", "User": "DESKTOP-HQ12\\Developer", "ProcessId": 8846, "ParentImage": "C:\\Windows\\explorer.exe", "UtcTime": "2026-03-20 15:37:15.412", "Computer": "WORKSTATION-01.local"}
{"EventID": 1, "ProviderGuid": "{5770385f-c22a-43e0-bf4c-06f5698ffbd9}", "Image": "C:\\Windows\\System32\\smartscreen.exe", "CommandLine": "C:\\Windows\\System32\\smartscreen.exe -Embedding", "User": "DESKTOP-HQ12\\Developer", "ProcessId": 5219, "ParentImage": "C:\\Windows\\explorer.exe", "UtcTime": "2026-03-20 15:37:17.412", "Computer": "WORKSTATION-01.local"}
{"EventID": 1, "ProviderGuid": "{5770385f-c22a-43e0-bf4c-06f5698ffbd9}", "Image": "C:\\Windows\\System32\\taskhostw.exe", "CommandLine": "taskhostw.exe {222A245B-E637-4AE9-A93F-A59CA119A75E}", "User": "DESKTOP-HQ12\\Developer", "ProcessId": 13037, "ParentImage": "C:\\Windows\\explorer.exe", "UtcTime": "2026-03-20 15:37:19.412", "Computer": "WORKSTATION-01.local"}
{"EventID": 1, "ProviderGuid": "{5770385f-c22a-43e0-bf4c-06f5698ffbd9}", "Image": "C:\\Program Files\\Microsoft Office\\root\\Office16\\EXCEL.EXE", "CommandLine": "\"C:\\Program Files\\Microsoft Office\\root\\Office16\\EXCEL.EXE\" /Embedding", "User": "DESKTOP-HQ12\\Developer", "ProcessId": 17452, "ParentImage": "C:\\Windows\\explorer.exe", "UtcTime": "2026-03-20 15:37:21.412", "Computer": "WORKSTATION-01.local"}
{"EventID": 1, "ProviderGuid": "{5770385f-c22a-43e0-bf4c-06f5698ffbd9}", "Image": "C:\\Windows\\System32\\conhost.exe", "CommandLine": "\\??\\C:\\Windows\\system32\\conhost.exe 0x4", "User": "DESKTOP-HQ12\\Developer", "ProcessId": 8194, "ParentImage": "C:\\Windows\\explorer.exe", "UtcTime": "2026-03-20 15:37:23.412", "Computer": "WORKSTATION-01.local"}
{"EventID": 1, "ProviderGuid": "{5770385f-c22a-43e0-bf4c-06f5698ffbd9}", "Image": "C:\\Windows\\explorer.exe", "CommandLine": "C:\\Windows\\Explorer.EXE", "User": "DESKTOP-HQ12\\Developer", "ProcessId": 3037, "ParentImage": "C:\\Windows\\explorer.exe", "UtcTime": "2026-03-20 15:37:25.412", "Computer": "WORKSTATION-01.local"}
{"EventID": 1, "ProviderGuid": "{5770385f-c22a-43e0-bf4c-06f5698ffbd9}", "Image": "C:\\Windows\\System32\\svchost.exe", "CommandLine": "svchost.exe -k netsvcs -p -s BITS", "User": "NT AUTHORITY\\SYSTEM", "ProcessId": 7201, "ParentImage": "C:\\Windows\\System32\\services.exe", "UtcTime": "2026-03-20 15:37:27.412", "Computer": "WORKSTATION-01.local"}
{"EventID": 1, "ProviderGuid": "{5770385f-c22a-43e0-bf4c-06f5698ffbd9}", "Image": "C:\\Windows\\System32\\taskhostw.exe", "CommandLine": "taskhostw.exe {222A245B-E637-4AE9-A93F-A59CA119A75E}", "User": "DESKTOP-HQ12\\Developer", "ProcessId": 6104, "ParentImage": "C:\\Windows\\explorer.exe", "UtcTime": "2026-03-20 15:37:29.412", "Computer": "WORKSTATION-01.local"}
{"EventID": 1, "ProviderGuid": "{5770385f-c22a-43e0-bf4c-06f5698ffbd9}", "Image": "C:\\Windows\\System32\\conhost.exe", "CommandLine": "\\??\\C:\\Windows\\system32\\conhost.exe 0x4", "User": "DESKTOP-HQ12\\Developer", "ProcessId": 8843, "ParentImage": "C:\\Windows\\explorer.exe", "UtcTime": "2026-03-20 15:37:31.412", "Computer": "WORKSTATION-01.local"}
{"EventID": 1, "ProviderGuid": "{5770385f-c22a-43e0-bf4c-06f5698ffbd9}", "Image": "C:\\Windows\\explorer.exe", "CommandLine": "C:\\Windows\\Explorer.EXE", "User": "DESKTOP-HQ12\\Developer", "ProcessId": 11505, "ParentImage": "C:\\Windows\\explorer.exe", "UtcTime": "2026-03-20 15:37:33.412", "Computer": "WORKSTATION-01.local"}
{"EventID": 1, "ProviderGuid": "{5770385f-c22a-43e0-bf4c-06f5698ffbd9}", "Image": "C:\\Windows\\System32\\svchost.exe", "CommandLine": "svchost.exe -k netsvcs -p -s BITS", "User": "NT AUTHORITY\\SYSTEM", "ProcessId": 6164, "ParentImage": "C:\\Windows\\System32\\services.exe", "UtcTime": "2026-03-20 15:37:35.412", "Computer": "WORKSTATION-01.local"}
{"EventID": 1, "ProviderGuid": "{5770385f-c22a-43e0-bf4c-06f5698ffbd9}", "Image": "C:\\Program Files\\Google\\Chrome\\Application\\chrome.exe", "CommandLine": "\"C:\\Program Files\\Google\\Chrome\\Application\\chrome.exe\" --type=renderer --field-trial-handle=1724", "User": "DESKTOP-HQ12\\Developer", "ProcessId": 14935, "ParentImage": "C:\\Windows\\explorer.exe", "UtcTime": "2026-03-20 15:37:37.412", "Computer": "WORKSTATION-01.local"}
{"EventID": 1, "ProviderGuid": "{5770385f-c22a-43e0-bf4c-06f5698ffbd9}", "Image": "C:\\Windows\\System32\\taskhostw.exe", "CommandLine": "taskhostw.exe {222A245B-E637-4AE9-A93F-A59CA119A75E}", "User": "DESKTOP-HQ12\\Developer", "ProcessId": 7192, "ParentImage": "C:\\Windows\\explorer.exe", "UtcTime": "2026-03-20 15:37:39.412", "Computer": "WORKSTATION-01.local"}
{"EventID": 1, "ProviderGuid": "{5770385f-c22a-43e0-bf4c-06f5698ffbd9}", "Image": "C:\\Windows\\System32\\audiodg.exe", "CommandLine": "C:\\Windows\\system32\\AUDIODG.EXE", "User": "DESKTOP-HQ12\\Developer", "ProcessId": 16885, "ParentImage": "C:\\Windows\\explorer.exe", "UtcTime": "2026-03-20 15:37:41.412", "Computer": "WORKSTATION-01.local"}
{"EventID": 1, "ProviderGuid": "{5770385f-c22a-43e0-bf4c-06f5698ffbd9}", "Image": "C:\\Windows\\System32\\RuntimeBroker.exe", "CommandLine": "C:\\Windows\\System32\\RuntimeBroker.exe -Embedding", "User": "DESKTOP-HQ12\\Developer", "ProcessId": 15853, "ParentImage": "C:\\Windows\\explorer.exe", "UtcTime": "2026-03-20 15:37:43.412", "Computer": "WORKSTATION-01.local"}
{"EventID": 1, "ProviderGuid": "{5770385f-c22a-43e0-bf4c-06f5698ffbd9}", "Image": "C:\\Windows\\System32\\smartscreen.exe", "CommandLine": "C:\\Windows\\System32\\smartscreen.exe -Embedding", "User": "DESKTOP-HQ12\\Developer", "ProcessId": 19552, "ParentImage": "C:\\Windows\\explorer.exe", "UtcTime": "2026-03-20 15:37:45.412", "Computer": "WORKSTATION-01.local"}
{"EventID": 1, "ProviderGuid": "{5770385f-c22a-43e0-bf4c-06f5698ffbd9}", "Image": "C:\\Windows\\System32\\svchost.exe", "CommandLine": "svchost.exe -k netsvcs -p -s BITS", "User": "NT AUTHORITY\\SYSTEM", "ProcessId": 18029, "ParentImage": "C:\\Windows\\System32\\services.exe", "UtcTime": "2026-03-20 15:37:47.412", "Computer": "WORKSTATION-01.local"}
{"EventID": 1, "ProviderGuid": "{5770385f-c22a-43e0-bf4c-06f5698ffbd9}", "Image": "C:\\Windows\\System32\\SearchIndexer.exe", "CommandLine": "C:\\Windows\\system32\\SearchIndexer.exe /Embedding", "User": "NT AUTHORITY\\SYSTEM", "ProcessId": 17992, "ParentImage": "C:\\Windows\\explorer.exe", "UtcTime": "2026-03-20 15:37:49.412", "Computer": "WORKSTATION-01.local"}
{"EventID": 1, "ProviderGuid": "{5770385f-c22a-43e0-bf4c-06f5698ffbd9}", "Image": "C:\\Windows\\System32\\RuntimeBroker.exe", "CommandLine": "C:\\Windows\\System32\\RuntimeBroker.exe -Embedding", "User": "DESKTOP-HQ12\\Developer", "ProcessId": 10798, "ParentImage": "C:\\Windows\\explorer.exe", "UtcTime": "2026-03-20 15:37:51.412", "Computer": "WORKSTATION-01.local"}
{"EventID": 1, "ProviderGuid": "{5770385f-c22a-43e0-bf4c-06f5698ffbd9}", "Image": "C:\\Windows\\explorer.exe", "CommandLine": "C:\\Windows\\Explorer.EXE", "User": "DESKTOP-HQ12\\Developer", "ProcessId": 13780, "ParentImage": "C:\\Windows\\explorer.exe", "UtcTime": "2026-03-20 15:37:53.412", "Computer": "WORKSTATION-01.local"}
{"EventID": 1, "ProviderGuid": "{5770385f-c22a-43e0-bf4c-06f5698ffbd9}", "Image": "C:\\Windows\\System32\\RuntimeBroker.exe", "CommandLine": "C:\\Windows\\System32\\RuntimeBroker.exe -Embedding", "User": "DESKTOP-HQ12\\Developer", "ProcessId": 12302, "ParentImage": "C:\\Windows\\explorer.exe", "UtcTime": "2026-03-20 15:37:55.412", "Computer": "WORKSTATION-01.local"}
{"EventID": 1, "ProviderGuid": "{5770385f-c22a-43e0-bf4c-06f5698ffbd9}", "Image": "C:\\Windows\\System32\\SearchIndexer.exe", "CommandLine": "C:\\Windows\\system32\\SearchIndexer.exe /Embedding", "User": "NT AUTHORITY\\SYSTEM", "ProcessId": 4621, "ParentImage": "C:\\Windows\\explorer.exe", "UtcTime": "2026-03-20 15:37:57.412", "Computer": "WORKSTATION-01.local"}
{"EventID": 1, "ProviderGuid": "{5770385f-c22a-43e0-bf4c-06f5698ffbd9}", "Image": "C:\\Program Files\\Microsoft Office\\root\\Office16\\EXCEL.EXE", "CommandLine": "\"C:\\Program Files\\Microsoft Office\\root\\Office16\\EXCEL.EXE\" /Embedding", "User": "DESKTOP-HQ12\\Developer", "ProcessId": 2218, "ParentImage": "C:\\Windows\\explorer.exe", "UtcTime": "2026-03-20 15:37:59.412", "Computer": "WORKSTATION-01.local"}
{"EventID": 1, "ProviderGuid": "{5770385f-c22a-43e0-bf4c-06f5698ffbd9}", "Image": "C:\\Windows\\explorer.exe", "CommandLine": "C:\\Windows\\Explorer.EXE", "User": "DESKTOP-HQ12\\Developer", "ProcessId": 8424, "ParentImage": "C:\\Windows\\explorer.exe", "UtcTime": "2026-03-20 15:38:01.412", "Computer": "WORKSTATION-01.local"}
{"EventID": 1, "ProviderGuid": "{5770385f-c22a-43e0-bf4c-06f5698ffbd9}", "Image": "C:\\Windows\\System32\\smartscreen.exe", "CommandLine": "C:\\Windows\\System32\\smartscreen.exe -Embedding", "User": "DESKTOP-HQ12\\Developer", "ProcessId": 13317, "ParentImage": "C:\\Windows\\explorer.exe", "UtcTime": "2026-03-20 15:38:03.412", "Computer": "WORKSTATION-01.local"}
{"EventID": 1, "ProviderGuid": "{5770385f-c22a-43e0-bf4c-06f5698ffbd9}", "Image": "C:\\Windows\\System32\\taskhostw.exe", "CommandLine": "taskhostw.exe {222A245B-E637-4AE9-A93F-A59CA119A75E}", "User": "DESKTOP-HQ12\\Developer", "ProcessId": 7244, "ParentImage": "C:\\Windows\\explorer.exe", "UtcTime": "2026-03-20 15:38:05.412", "Computer": "WORKSTATION-01.local"}
{"EventID": 1, "ProviderGuid": "{5770385f-c22a-43e0-bf4c-06f5698ffbd9}", "Image": "C:\\Windows\\System32\\audiodg.exe", "CommandLine": "C:\\Windows\\system32\\AUDIODG.EXE", "User": "DESKTOP-HQ12\\Developer", "ProcessId": 7953, "ParentImage": "C:\\Windows\\explorer.exe", "UtcTime": "2026-03-20 15:38:07.412", "Computer": "WORKSTATION-01.local"}
{"EventID": 1, "ProviderGuid": "{5770385f-c22a-43e0-bf4c-06f5698ffbd9}", "Image": "C:\\Program Files\\Microsoft Office\\root\\Office16\\EXCEL.EXE", "CommandLine": "\"C:\\Program Files\\Microsoft Office\\root\\Office16\\EXCEL.EXE\" /Embedding", "User": "DESKTOP-HQ12\\Developer", "ProcessId": 10684, "ParentImage": "C:\\Windows\\explorer.exe", "UtcTime": "2026-03-20 15:38:09.412", "Computer": "WORKSTATION-01.local"}
{"EventID": 1, "ProviderGuid": "{5770385f-c22a-43e0-bf4c-06f5698ffbd9}", "Image": "C:\\Windows\\System32\\RuntimeBroker.exe", "CommandLine": "C:\\Windows\\System32\\RuntimeBroker.exe -Embedding", "User": "DESKTOP-HQ12\\Developer", "ProcessId": 5082, "ParentImage": "C:\\Windows\\explorer.exe", "UtcTime": "2026-03-20 15:38:11.412", "Computer": "WORKSTATION-01.local"}
{"EventID": 1, "ProviderGuid": "{5770385f-c22a-43e0-bf4c-06f5698ffbd9}", "Image": "C:\\Program Files\\Microsoft Office\\root\\Office16\\EXCEL.EXE", "CommandLine": "\"C:\\Program Files\\Microsoft Office\\root\\Office16\\EXCEL.EXE\" /Embedding", "User": "DESKTOP-HQ12\\Developer", "ProcessId": 13842, "ParentImage": "C:\\Windows\\explorer.exe", "UtcTime": "2026-03-20 15:38:13.412", "Computer": "WORKSTATION-01.local"}
{"EventID": 1, "ProviderGuid": "{5770385f-c22a-43e0-bf4c-06f5698ffbd9}", "Image": "C:\\Windows\\System32\\svchost.exe", "CommandLine": "svchost.exe -k netsvcs -p -s BITS", "User": "NT AUTHORITY\\SYSTEM", "ProcessId": 17568, "ParentImage": "C:\\Windows\\System32\\services.exe", "UtcTime": "2026-03-20 15:38:15.412", "Computer": "WORKSTATION-01.local"}
{"EventID": 1, "ProviderGuid": "{5770385f-c22a-43e0-bf4c-06f5698ffbd9}", "Image": "C:\\Program Files\\Microsoft Office\\root\\Office16\\EXCEL.EXE", "CommandLine": "\"C:\\Program Files\\Microsoft Office\\root\\Office16\\EXCEL.EXE\" /Embedding", "User": "DESKTOP-HQ12\\Developer", "ProcessId": 11066, "ParentImage": "C:\\Windows\\explorer.exe", "UtcTime": "2026-03-20 15:38:17.412", "Computer": "WORKSTATION-01.local"}
{"EventID": 1, "ProviderGuid": "{5770385f-c22a-43e0-bf4c-06f5698ffbd9}", "Image": "C:\\Windows\\System32\\RuntimeBroker.exe", "CommandLine": "C:\\Windows\\System32\\RuntimeBroker.exe -Embedding", "User": "DESKTOP-HQ12\\Developer", "ProcessId": 13888, "ParentImage": "C:\\Windows\\explorer.exe", "UtcTime": "2026-03-20 15:38:19.412", "Computer": "WORKSTATION-01.local"}
{"EventID": 1, "ProviderGuid": "{5770385f-c22a-43e0-bf4c-06f5698ffbd9}", "Image": "C:\\Windows\\System32\\RuntimeBroker.exe", "CommandLine": "C:\\Windows\\System32\\RuntimeBroker.exe -Embedding", "User": "DESKTOP-HQ12\\Developer", "ProcessId": 18184, "ParentImage": "C:\\Windows\\explorer.exe", "UtcTime": "2026-03-20 15:38:21.412", "Computer": "WORKSTATION-01.local"}
{"EventID": 1, "ProviderGuid": "{5770385f-c22a-43e0-bf4c-06f5698ffbd9}", "Image": "C:\\Program Files\\Google\\Chrome\\Application\\chrome.exe", "CommandLine": "\"C:\\Program Files\\Google\\Chrome\\Application\\chrome.exe\" --type=renderer --field-trial-handle=1724", "User": "DESKTOP-HQ12\\Developer", "ProcessId": 7144, "ParentImage": "C:\\Windows\\explorer.exe", "UtcTime": "2026-03-20 15:38:23.412", "Computer": "WORKSTATION-01.local"}
{"EventID": 1, "ProviderGuid": "{5770385f-c22a-43e0-bf4c-06f5698ffbd9}", "Image": "C:\\Windows\\System32\\smartscreen.exe", "CommandLine": "C:\\Windows\\System32\\smartscreen.exe -Embedding", "User": "DESKTOP-HQ12\\Developer", "ProcessId": 8007, "ParentImage": "C:\\Windows\\explorer.exe", "UtcTime": "2026-03-20 15:38:25.412", "Computer": "WORKSTATION-01.local"}
{"EventID": 1, "ProviderGuid": "{5770385f-c22a-43e0-bf4c-06f5698ffbd9}", "Image": "C:\\Windows\\System32\\svchost.exe", "CommandLine": "svchost.exe -k netsvcs -p -s BITS", "User": "NT AUTHORITY\\SYSTEM", "ProcessId": 8263, "ParentImage": "C:\\Windows\\System32\\services.exe", "UtcTime": "2026-03-20 15:38:27.412", "Computer": "WORKSTATION-01.local"}
{"EventID": 1, "ProviderGuid": "{5770385f-c22a-43e0-bf4c-06f5698ffbd9}", "Image": "C:\\Windows\\System32\\audiodg.exe", "CommandLine": "C:\\Windows\\system32\\AUDIODG.EXE", "User": "DESKTOP-HQ12\\Developer", "ProcessId": 6669, "ParentImage": "C:\\Windows\\explorer.exe", "UtcTime": "2026-03-20 15:38:29.412", "Computer": "WORKSTATION-01.local"}
{"EventID": 1, "ProviderGuid": "{5770385f-c22a-43e0-bf4c-06f5698ffbd9}", "Image": "C:\\Windows\\System32\\taskhostw.exe", "CommandLine": "taskhostw.exe {222A245B-E637-4AE9-A93F-A59CA119A75E}", "User": "DESKTOP-HQ12\\Developer", "ProcessId": 14962, "ParentImage": "C:\\Windows\\explorer.exe", "UtcTime": "2026-03-20 15:38:31.412", "Computer": "WORKSTATION-01.local"}
{"EventID": 1, "ProviderGuid": "{5770385f-c22a-43e0-bf4c-06f5698ffbd9}", "Image": "C:\\Windows\\System32\\conhost.exe", "CommandLine": "\\??\\C:\\Windows\\system32\\conhost.exe 0x4", "User": "DESKTOP-HQ12\\Developer", "ProcessId": 5633, "ParentImage": "C:\\Windows\\explorer.exe", "UtcTime": "2026-03-20 15:38:33.412", "Computer": "WORKSTATION-01.local"}
{"EventID": 1, "ProviderGuid": "{5770385f-c22a-43e0-bf4c-06f5698ffbd9}", "Image": "C:\\Program Files\\Microsoft Office\\root\\Office16\\EXCEL.EXE", "CommandLine": "\"C:\\Program Files\\Microsoft Office\\root\\Office16\\EXCEL.EXE\" /Embedding", "User": "DESKTOP-HQ12\\Developer", "ProcessId": 6206, "ParentImage": "C:\\Windows\\explorer.exe", "UtcTime": "2026-03-20 15:38:35.412", "Computer": "WORKSTATION-01.local"}
{"EventID": 1, "ProviderGuid": "{5770385f-c22a-43e0-bf4c-06f5698ffbd9}", "Image": "C:\\Windows\\System32\\SearchIndexer.exe", "CommandLine": "C:\\Windows\\system32\\SearchIndexer.exe /Embedding", "User": "NT AUTHORITY\\SYSTEM", "ProcessId": 16628, "ParentImage": "C:\\Windows\\explorer.exe", "UtcTime": "2026-03-20 15:38:37.412", "Computer": "WORKSTATION-01.local"}
{"EventID": 1, "ProviderGuid": "{5770385f-c22a-43e0-bf4c-06f5698ffbd9}", "Image": "C:\\Program Files\\Google\\Chrome\\Application\\chrome.exe", "CommandLine": "\"C:\\Program Files\\Google\\Chrome\\Application\\chrome.exe\" --type=renderer --field-trial-handle=1724", "User": "DESKTOP-HQ12\\Developer", "ProcessId": 15636, "ParentImage": "C:\\Windows\\explorer.exe", "UtcTime": "2026-03-20 15:38:39.412", "Computer": "WORKSTATION-01.local"}
{"EventID": 1, "ProviderGuid": "{5770385f-c22a-43e0-bf4c-06f5698ffbd9}", "Image": "C:\\Windows\\System32\\smartscreen.exe", "CommandLine": "C:\\Windows\\System32\\smartscreen.exe -Embedding", "User": "DESKTOP-HQ12\\Developer", "ProcessId": 3769, "ParentImage": "C:\\Windows\\explorer.exe", "UtcTime": "2026-03-20 15:38:41.412", "Computer": "WORKSTATION-01.local"}
{"EventID": 1, "ProviderGuid": "{5770385f-c22a-43e0-bf4c-06f5698ffbd9}", "Image": "C:\\Windows\\System32\\RuntimeBroker.exe", "CommandLine": "C:\\Windows\\System32\\RuntimeBroker.exe -Embedding", "User": "DESKTOP-HQ12\\Developer", "ProcessId": 3639, "ParentImage": "C:\\Windows\\explorer.exe", "UtcTime": "2026-03-20 15:38:43.412", "Computer": "WORKSTATION-01.local"}
{"EventID": 1, "ProviderGuid": "{5770385f-c22a-43e0-bf4c-06f5698ffbd9}", "Image": "C:\\Windows\\System32\\conhost.exe", "CommandLine": "\\??\\C:\\Windows\\system32\\conhost.exe 0x4", "User": "DESKTOP-HQ12\\Developer", "ProcessId": 8852, "ParentImage": "C:\\Windows\\explorer.exe", "UtcTime": "2026-03-20 15:38:45.412", "Computer": "WORKSTATION-01.local"}
{"EventID": 1, "ProviderGuid": "{5770385f-c22a-43e0-bf4c-06f5698ffbd9}", "Image": "C:\\Program Files\\Microsoft Office\\root\\Office16\\EXCEL.EXE", "CommandLine": "\"C:\\Program Files\\Microsoft Office\\root\\Office16\\EXCEL.EXE\" /Embedding", "User": "DESKTOP-HQ12\\Developer", "ProcessId": 6696, "ParentImage": "C:\\Windows\\explorer.exe", "UtcTime": "2026-03-20 15:38:47.412", "Computer": "WORKSTATION-01.local"}
{"EventID": 1, "ProviderGuid": "{5770385f-c22a-43e0-bf4c-06f5698ffbd9}", "Image": "C:\\Windows\\System32\\taskhostw.exe", "CommandLine": "taskhostw.exe {222A245B-E637-4AE9-A93F-A59CA119A75E}", "User": "DESKTOP-HQ12\\Developer", "ProcessId": 15845, "ParentImage": "C:\\Windows\\explorer.exe", "UtcTime": "2026-03-20 15:38:49.412", "Computer": "WORKSTATION-01.local"}
{"EventID": 1, "ProviderGuid": "{5770385f-c22a-43e0-bf4c-06f5698ffbd9}", "Image": "C:\\Windows\\System32\\taskhostw.exe", "CommandLine": "taskhostw.exe {222A245B-E637-4AE9-A93F-A59CA119A75E}", "User": "DESKTOP-HQ12\\Developer", "ProcessId": 7797, "ParentImage": "C:\\Windows\\explorer.exe", "UtcTime": "2026-03-20 15:38:51.412", "Computer": "WORKSTATION-01.local"}
{"EventID": 1, "ProviderGuid": "{5770385f-c22a-43e0-bf4c-06f5698ffbd9}", "Image": "C:\\Windows\\System32\\audiodg.exe", "CommandLine": "C:\\Windows\\system32\\AUDIODG.EXE", "User": "DESKTOP-HQ12\\Developer", "ProcessId": 5894, "ParentImage": "C:\\Windows\\explorer.exe", "UtcTime": "2026-03-20 15:38:53.412", "Computer": "WORKSTATION-01.local"}
{"EventID": 1, "ProviderGuid": "{5770385f-c22a-43e0-bf4c-06f5698ffbd9}", "Image": "C:\\Windows\\System32\\conhost.exe", "CommandLine": "\\??\\C:\\Windows\\system32\\conhost.exe 0x4", "User": "DESKTOP-HQ12\\Developer", "ProcessId": 5414, "ParentImage": "C:\\Windows\\explorer.exe", "UtcTime": "2026-03-20 15:38:55.412", "Computer": "WORKSTATION-01.local"}
{"EventID": 1, "ProviderGuid": "{5770385f-c22a-43e0-bf4c-06f5698ffbd9}", "Image": "C:\\Windows\\System32\\SearchIndexer.exe", "CommandLine": "C:\\Windows\\system32\\SearchIndexer.exe /Embedding", "User": "NT AUTHORITY\\SYSTEM", "ProcessId": 19931, "ParentImage": "C:\\Windows\\explorer.exe", "UtcTime": "2026-03-20 15:38:57.412", "Computer": "WORKSTATION-01.local"}
{"EventID": 1, "ProviderGuid": "{5770385f-c22a-43e0-bf4c-06f5698ffbd9}", "Image": "C:\\Windows\\System32\\audiodg.exe", "CommandLine": "C:\\Windows\\system32\\AUDIODG.EXE", "User": "DESKTOP-HQ12\\Developer", "ProcessId": 8437, "ParentImage": "C:\\Windows\\explorer.exe", "UtcTime": "2026-03-20 15:38:59.412", "Computer": "WORKSTATION-01.local"}
{"EventID": 1, "ProviderGuid": "{5770385f-c22a-43e0-bf4c-06f5698ffbd9}", "Image": "C:\\Windows\\System32\\RuntimeBroker.exe", "CommandLine": "C:\\Windows\\System32\\RuntimeBroker.exe -Embedding", "User": "DESKTOP-HQ12\\Developer", "ProcessId": 2660, "ParentImage": "C:\\Windows\\explorer.exe", "UtcTime": "2026-03-20 15:39:01.412", "Computer": "WORKSTATION-01.local"}
{"EventID": 1, "ProviderGuid": "{5770385f-c22a-43e0-bf4c-06f5698ffbd9}", "Image": "C:\\Windows\\System32\\smartscreen.exe", "CommandLine": "C:\\Windows\\System32\\smartscreen.exe -Embedding", "User": "DESKTOP-HQ12\\Developer", "ProcessId": 2009, "ParentImage": "C:\\Windows\\explorer.exe", "UtcTime": "2026-03-20 15:39:03.412", "Computer": "WORKSTATION-01.local"}
{"EventID": 1, "ProviderGuid": "{5770385f-c22a-43e0-bf4c-06f5698ffbd9}", "Image": "C:\\Windows\\System32\\taskhostw.exe", "CommandLine": "taskhostw.exe {222A245B-E637-4AE9-A93F-A59CA119A75E}", "User": "DESKTOP-HQ12\\Developer", "ProcessId": 5952, "ParentImage": "C:\\Windows\\explorer.exe", "UtcTime": "2026-03-20 15:39:05.412", "Computer": "WORKSTATION-01.local"}
{"EventID": 1, "ProviderGuid": "{5770385f-c22a-43e0-bf4c-06f5698ffbd9}", "Image": "C:\\Program Files\\Google\\Chrome\\Application\\chrome.exe", "CommandLine": "\"C:\\Program Files\\Google\\Chrome\\Application\\chrome.exe\" --type=renderer --field-trial-handle=1724", "User": "DESKTOP-HQ12\\Developer", "ProcessId": 2199, "ParentImage": "C:\\Windows\\explorer.exe", "UtcTime": "2026-03-20 15:39:07.412", "Computer": "WORKSTATION-01.local"}
{"EventID": 1, "ProviderGuid": "{5770385f-c22a-43e0-bf4c-06f5698ffbd9}", "Image": "C:\\Windows\\System32\\conhost.exe", "CommandLine": "\\??\\C:\\Windows\\system32\\conhost.exe 0x4", "User": "DESKTOP-HQ12\\Developer", "ProcessId": 1957, "ParentImage": "C:\\Windows\\explorer.exe", "UtcTime": "2026-03-20 15:39:09.412", "Computer": "WORKSTATION-01.local"}
{"EventID": 1, "ProviderGuid": "{5770385f-c22a-43e0-bf4c-06f5698ffbd9}", "Image": "C:\\Windows\\System32\\taskhostw.exe", "CommandLine": "taskhostw.exe {222A245B-E637-4AE9-A93F-A59CA119A75E}", "User": "DESKTOP-HQ12\\Developer", "ProcessId": 13198, "ParentImage": "C:\\Windows\\explorer.exe", "UtcTime": "2026-03-20 15:39:11.412", "Computer": "WORKSTATION-01.local"}
{"EventID": 1, "ProviderGuid": "{5770385f-c22a-43e0-bf4c-06f5698ffbd9}", "Image": "C:\\Program Files\\Google\\Chrome\\Application\\chrome.exe", "CommandLine": "\"C:\\Program Files\\Google\\Chrome\\Application\\chrome.exe\" --type=renderer --field-trial-handle=1724", "User": "DESKTOP-HQ12\\Developer", "ProcessId": 12804, "ParentImage": "C:\\Windows\\explorer.exe", "UtcTime": "2026-03-20 15:39:13.412", "Computer": "WORKSTATION-01.local"}
{"EventID": 1, "ProviderGuid": "{5770385f-c22a-43e0-bf4c-06f5698ffbd9}", "Image": "C:\\Windows\\System32\\RuntimeBroker.exe", "CommandLine": "C:\\Windows\\System32\\RuntimeBroker.exe -Embedding", "User": "DESKTOP-HQ12\\Developer", "ProcessId": 14279, "ParentImage": "C:\\Windows\\explorer.exe", "UtcTime": "2026-03-20 15:39:15.412", "Computer": "WORKSTATION-01.local"}
{"EventID": 1, "ProviderGuid": "{5770385f-c22a-43e0-bf4c-06f5698ffbd9}", "Image": "C:\\Windows\\System32\\svchost.exe", "CommandLine": "svchost.exe -k netsvcs -p -s BITS", "User": "NT AUTHORITY\\SYSTEM", "ProcessId": 10860, "ParentImage": "C:\\Windows\\System32\\services.exe", "UtcTime": "2026-03-20 15:39:17.412", "Computer": "WORKSTATION-01.local"}
{"EventID": 1, "ProviderGuid": "{5770385f-c22a-43e0-bf4c-06f5698ffbd9}", "Image": "C:\\Program Files\\Microsoft Office\\root\\Office16\\EXCEL.EXE", "CommandLine": "\"C:\\Program Files\\Microsoft Office\\root\\Office16\\EXCEL.EXE\" /Embedding", "User": "DESKTOP-HQ12\\Developer", "ProcessId": 11363, "ParentImage": "C:\\Windows\\explorer.exe", "UtcTime": "2026-03-20 15:39:19.412", "Computer": "WORKSTATION-01.local"}
{"EventID": 1, "ProviderGuid": "{5770385f-c22a-43e0-bf4c-06f5698ffbd9}", "Image": "C:\\Windows\\explorer.exe", "CommandLine": "C:\\Windows\\Explorer.EXE", "User": "DESKTOP-HQ12\\Developer", "ProcessId": 12517, "ParentImage": "C:\\Windows\\explorer.exe", "UtcTime": "2026-03-20 15:39:21.412", "Computer": "WORKSTATION-01.local"}
{"EventID": 1, "ProviderGuid": "{5770385f-c22a-43e0-bf4c-06f5698ffbd9}", "Image": "C:\\Windows\\System32\\svchost.exe", "CommandLine": "svchost.exe -k netsvcs -p -s BITS", "User": "NT AUTHORITY\\SYSTEM", "ProcessId": 19912, "ParentImage": "C:\\Windows\\System32\\services.exe", "UtcTime": "2026-03-20 15:39:23.412", "Computer": "WORKSTATION-01.local"}
{"EventID": 1, "ProviderGuid": "{5770385f-c22a-43e0-bf4c-06f5698ffbd9}", "Image": "C:\\Program Files\\Microsoft Office\\root\\Office16\\EXCEL.EXE", "CommandLine": "\"C:\\Program Files\\Microsoft Office\\root\\Office16\\EXCEL.EXE\" /Embedding", "User": "DESKTOP-HQ12\\Developer", "ProcessId": 13660, "ParentImage": "C:\\Windows\\explorer.exe", "UtcTime": "2026-03-20 15:39:25.412", "Computer": "WORKSTATION-01.local"}
{"EventID": 1, "ProviderGuid": "{5770385f-c22a-43e0-bf4c-06f5698ffbd9}", "Image": "C:\\Program Files\\Google\\Chrome\\Application\\chrome.exe", "CommandLine": "\"C:\\Program Files\\Google\\Chrome\\Application\\chrome.exe\" --type=renderer --field-trial-handle=1724", "User": "DESKTOP-HQ12\\Developer", "ProcessId": 13189, "ParentImage": "C:\\Windows\\explorer.exe", "UtcTime": "2026-03-20 15:39:27.412", "Computer": "WORKSTATION-01.local"}
{"EventID": 1, "ProviderGuid": "{5770385f-c22a-43e0-bf4c-06f5698ffbd9}", "Image": "C:\\Windows\\System32\\RuntimeBroker.exe", "CommandLine": "C:\\Windows\\System32\\RuntimeBroker.exe -Embedding", "User": "DESKTOP-HQ12\\Developer", "ProcessId": 9450, "ParentImage": "C:\\Windows\\explorer.exe", "UtcTime": "2026-03-20 15:39:29.412", "Computer": "WORKSTATION-01.local"}
{"EventID": 1, "ProviderGuid": "{5770385f-c22a-43e0-bf4c-06f5698ffbd9}", "Image": "C:\\Windows\\System32\\taskhostw.exe", "CommandLine": "taskhostw.exe {222A245B-E637-4AE9-A93F-A59CA119A75E}", "User": "DESKTOP-HQ12\\Developer", "ProcessId": 14529, "ParentImage": "C:\\Windows\\explorer.exe", "UtcTime": "2026-03-20 15:39:31.412", "Computer": "WORKSTATION-01.local"}
{"EventID": 1, "ProviderGuid": "{5770385f-c22a-43e0-bf4c-06f5698ffbd9}", "Image": "C:\\Windows\\System32\\taskhostw.exe", "CommandLine": "taskhostw.exe {222A245B-E637-4AE9-A93F-A59CA119A75E}", "User": "DESKTOP-HQ12\\Developer", "ProcessId": 13093, "ParentImage": "C:\\Windows\\explorer.exe", "UtcTime": "2026-03-20 15:39:33.412", "Computer": "WORKSTATION-01.local"}
{"EventID": 1, "ProviderGuid": "{5770385f-c22a-43e0-bf4c-06f5698ffbd9}", "Image": "C:\\Program Files\\Microsoft Office\\root\\Office16\\EXCEL.EXE", "CommandLine": "\"C:\\Program Files\\Microsoft Office\\root\\Office16\\EXCEL.EXE\" /Embedding", "User": "DESKTOP-HQ12\\Developer", "ProcessId": 11397, "ParentImage": "C:\\Windows\\explorer.exe", "UtcTime": "2026-03-20 15:39:35.412", "Computer": "WORKSTATION-01.local"}
{"EventID": 1, "ProviderGuid": "{5770385f-c22a-43e0-bf4c-06f5698ffbd9}", "Image": "C:\\Windows\\System32\\audiodg.exe", "CommandLine": "C:\\Windows\\system32\\AUDIODG.EXE", "User": "DESKTOP-HQ12\\Developer", "ProcessId": 8771, "ParentImage": "C:\\Windows\\explorer.exe", "UtcTime": "2026-03-20 15:39:37.412", "Computer": "WORKSTATION-01.local"}
{"EventID": 1, "ProviderGuid": "{5770385f-c22a-43e0-bf4c-06f5698ffbd9}", "Image": "C:\\Windows\\System32\\taskhostw.exe", "CommandLine": "taskhostw.exe {222A245B-E637-4AE9-A93F-A59CA119A75E}", "User": "DESKTOP-HQ12\\Developer", "ProcessId": 15877, "ParentImage": "C:\\Windows\\explorer.exe", "UtcTime": "2026-03-20 15:39:39.412", "Computer": "WORKSTATION-01.local"}
{"EventID": 1, "ProviderGuid": "{5770385f-c22a-43e0-bf4c-06f5698ffbd9}", "Image": "C:\\Windows\\System32\\audiodg.exe", "CommandLine": "C:\\Windows\\system32\\AUDIODG.EXE", "User": "DESKTOP-HQ12\\Developer", "ProcessId": 15664, "ParentImage": "C:\\Windows\\explorer.exe", "UtcTime": "2026-03-20 15:39:41.412", "Computer": "WORKSTATION-01.local"}
{"EventID": 1, "ProviderGuid": "{5770385f-c22a-43e0-bf4c-06f5698ffbd9}", "Image": "C:\\Windows\\System32\\SearchIndexer.exe", "CommandLine": "C:\\Windows\\system32\\SearchIndexer.exe /Embedding", "User": "NT AUTHORITY\\SYSTEM", "ProcessId": 19535, "ParentImage": "C:\\Windows\\explorer.exe", "UtcTime": "2026-03-20 15:39:43.412", "Computer": "WORKSTATION-01.local"}
{"EventID": 1, "ProviderGuid": "{5770385f-c22a-43e0-bf4c-06f5698ffbd9}", "Image": "C:\\Windows\\System32\\conhost.exe", "CommandLine": "\\??\\C:\\Windows\\system32\\conhost.exe 0x4", "User": "DESKTOP-HQ12\\Developer", "ProcessId": 12870, "ParentImage": "C:\\Windows\\explorer.exe", "UtcTime": "2026-03-20 15:39:45.412", "Computer": "WORKSTATION-01.local"}
{"EventID": 1, "ProviderGuid": "{5770385f-c22a-43e0-bf4c-06f5698ffbd9}", "Image": "C:\\Program Files\\Microsoft Office\\root\\Office16\\EXCEL.EXE", "CommandLine": "\"C:\\Program Files\\Microsoft Office\\root\\Office16\\EXCEL.EXE\" /Embedding", "User": "DESKTOP-HQ12\\Developer", "ProcessId": 13620, "ParentImage": "C:\\Windows\\explorer.exe", "UtcTime": "2026-03-20 15:39:47.412", "Computer": "WORKSTATION-01.local"}
{"EventID": 1, "ProviderGuid": "{5770385f-c22a-43e0-bf4c-06f5698ffbd9}", "Image": "C:\\Windows\\System32\\SearchIndexer.exe", "CommandLine": "C:\\Windows\\system32\\SearchIndexer.exe /Embedding", "User": "NT AUTHORITY\\SYSTEM", "ProcessId": 11285, "ParentImage": "C:\\Windows\\explorer.exe", "UtcTime": "2026-03-20 15:39:49.412", "Computer": "WORKSTATION-01.local"}
{"EventID": 1, "ProviderGuid": "{5770385f-c22a-43e0-bf4c-06f5698ffbd9}", "Image": "C:\\Windows\\System32\\audiodg.exe", "CommandLine": "C:\\Windows\\system32\\AUDIODG.EXE", "User": "DESKTOP-HQ12\\Developer", "ProcessId": 7795, "ParentImage": "C:\\Windows\\explorer.exe", "UtcTime": "2026-03-20 15:39:51.412", "Computer": "WORKSTATION-01.local"}
{"EventID": 1, "ProviderGuid": "{5770385f-c22a-43e0-bf4c-06f5698ffbd9}", "Image": "C:\\Windows\\System32\\smartscreen.exe", "CommandLine": "C:\\Windows\\System32\\smartscreen.exe -Embedding", "User": "DESKTOP-HQ12\\Developer", "ProcessId": 18337, "ParentImage": "C:\\Windows\\explorer.exe", "UtcTime": "2026-03-20 15:39:53.412", "Computer": "WORKSTATION-01.local"}
{"EventID": 1, "ProviderGuid": "{5770385f-c22a-43e0-bf4c-06f5698ffbd9}", "Image": "C:\\Program Files\\Microsoft Office\\root\\Office16\\EXCEL.EXE", "CommandLine": "\"C:\\Program Files\\Microsoft Office\\root\\Office16\\EXCEL.EXE\" /Embedding", "User": "DESKTOP-HQ12\\Developer", "ProcessId": 17995, "ParentImage": "C:\\Windows\\explorer.exe", "UtcTime": "2026-03-20 15:39:55.412", "Computer": "WORKSTATION-01.local"}
{"EventID": 1, "ProviderGuid": "{5770385f-c22a-43e0-bf4c-06f5698ffbd9}", "Image": "C:\\Program Files\\Microsoft Office\\root\\Office16\\EXCEL.EXE", "CommandLine": "\"C:\\Program Files\\Microsoft Office\\root\\Office16\\EXCEL.EXE\" /Embedding", "User": "DESKTOP-HQ12\\Developer", "ProcessId": 3821, "ParentImage": "C:\\Windows\\explorer.exe", "UtcTime": "2026-03-20 15:39:57.412", "Computer": "WORKSTATION-01.local"}
{"EventID": 1, "ProviderGuid": "{5770385f-c22a-43e0-bf4c-06f5698ffbd9}", "Image": "C:\\Windows\\System32\\svchost.exe", "CommandLine": "svchost.exe -k netsvcs -p -s BITS", "User": "NT AUTHORITY\\SYSTEM", "ProcessId": 8074, "ParentImage": "C:\\Windows\\System32\\services.exe", "UtcTime": "2026-03-20 15:39:59.412", "Computer": "WORKSTATION-01.local"}
{"EventID": 1, "ProviderGuid": "{5770385f-c22a-43e0-bf4c-06f5698ffbd9}", "Image": "C:\\Windows\\System32\\audiodg.exe", "CommandLine": "C:\\Windows\\system32\\AUDIODG.EXE", "User": "DESKTOP-HQ12\\Developer", "ProcessId": 7086, "ParentImage": "C:\\Windows\\explorer.exe", "UtcTime": "2026-03-20 15:40:01.413", "Computer": "WORKSTATION-01.local"}
{"EventID": 1, "ProviderGuid": "{5770385f-c22a-43e0-bf4c-06f5698ffbd9}", "Image": "C:\\Windows\\System32\\taskhostw.exe", "CommandLine": "taskhostw.exe {222A245B-E637-4AE9-A93F-A59CA119A75E}", "User": "DESKTOP-HQ12\\Developer", "ProcessId": 7007, "ParentImage": "C:\\Windows\\explorer.exe", "UtcTime": "2026-03-20 15:40:03.413", "Computer": "WORKSTATION-01.local"}
{"EventID": 1, "ProviderGuid": "{5770385f-c22a-43e0-bf4c-06f5698ffbd9}", "Image": "C:\\Program Files\\Microsoft Office\\root\\Office16\\EXCEL.EXE", "CommandLine": "\"C:\\Program Files\\Microsoft Office\\root\\Office16\\EXCEL.EXE\" /Embedding", "User": "DESKTOP-HQ12\\Developer", "ProcessId": 11954, "ParentImage": "C:\\Windows\\explorer.exe", "UtcTime": "2026-03-20 15:40:05.413", "Computer": "WORKSTATION-01.local"}
{"EventID": 1, "ProviderGuid": "{5770385f-c22a-43e0-bf4c-06f5698ffbd9}", "Image": "C:\\Windows\\explorer.exe", "CommandLine": "C:\\Windows\\Explorer.EXE", "User": "DESKTOP-HQ12\\Developer", "ProcessId": 14897, "ParentImage": "C:\\Windows\\explorer.exe", "UtcTime": "2026-03-20 15:40:07.413", "Computer": "WORKSTATION-01.local"}
{"EventID": 1, "ProviderGuid": "{5770385f-c22a-43e0-bf4c-06f5698ffbd9}", "Image": "C:\\Windows\\System32\\SearchIndexer.exe", "CommandLine": "C:\\Windows\\system32\\SearchIndexer.exe /Embedding", "User": "NT AUTHORITY\\SYSTEM", "ProcessId": 8065, "ParentImage": "C:\\Windows\\explorer.exe", "UtcTime": "2026-03-20 15:40:09.413", "Computer": "WORKSTATION-01.local"}
{"EventID": 1, "ProviderGuid": "{5770385f-c22a-43e0-bf4c-06f5698ffbd9}", "Image": "C:\\Windows\\System32\\svchost.exe", "CommandLine": "svchost.exe -k netsvcs -p -s BITS", "User": "NT AUTHORITY\\SYSTEM", "ProcessId": 10581, "ParentImage": "C:\\Windows\\System32\\services.exe", "UtcTime": "2026-03-20 15:40:11.413", "Computer": "WORKSTATION-01.local"}
{"EventID": 1, "ProviderGuid": "{5770385f-c22a-43e0-bf4c-06f5698ffbd9}", "Image": "C:\\Windows\\System32\\smartscreen.exe", "CommandLine": "C:\\Windows\\System32\\smartscreen.exe -Embedding", "User": "DESKTOP-HQ12\\Developer", "ProcessId": 3115, "ParentImage": "C:\\Windows\\explorer.exe", "UtcTime": "2026-03-20 15:40:13.413", "Computer": "WORKSTATION-01.local"}
{"EventID": 1, "ProviderGuid": "{5770385f-c22a-43e0-bf4c-06f5698ffbd9}", "Image": "C:\\Windows\\System32\\smartscreen.exe", "CommandLine": "C:\\Windows\\System32\\smartscreen.exe -Embedding", "User": "DESKTOP-HQ12\\Developer", "ProcessId": 6725, "ParentImage": "C:\\Windows\\explorer.exe", "UtcTime": "2026-03-20 15:40:15.413", "Computer": "WORKSTATION-01.local"}
{"EventID": 1, "ProviderGuid": "{5770385f-c22a-43e0-bf4c-06f5698ffbd9}", "Image": "C:\\Windows\\System32\\taskhostw.exe", "CommandLine": "taskhostw.exe {222A245B-E637-4AE9-A93F-A59CA119A75E}", "User": "DESKTOP-HQ12\\Developer", "ProcessId": 14387, "ParentImage": "C:\\Windows\\explorer.exe", "UtcTime": "2026-03-20 15:40:17.413", "Computer": "WORKSTATION-01.local"}
{"EventID": 1, "ProviderGuid": "{5770385f-c22a-43e0-bf4c-06f5698ffbd9}", "Image": "C:\\Program Files\\Google\\Chrome\\Application\\chrome.exe", "CommandLine": "\"C:\\Program Files\\Google\\Chrome\\Application\\chrome.exe\" --type=renderer --field-trial-handle=1724", "User": "DESKTOP-HQ12\\Developer", "ProcessId": 14784, "ParentImage": "C:\\Windows\\explorer.exe", "UtcTime": "2026-03-20 15:40:19.413", "Computer": "WORKSTATION-01.local"}
{"EventID": 1, "ProviderGuid": "{5770385f-c22a-43e0-bf4c-06f5698ffbd9}", "Image": "C:\\Windows\\System32\\taskhostw.exe", "CommandLine": "taskhostw.exe {222A245B-E637-4AE9-A93F-A59CA119A75E}", "User": "DESKTOP-HQ12\\Developer", "ProcessId": 15118, "ParentImage": "C:\\Windows\\explorer.exe", "UtcTime": "2026-03-20 15:40:21.413", "Computer": "WORKSTATION-01.local"}
{"EventID": 1, "ProviderGuid": "{5770385f-c22a-43e0-bf4c-06f5698ffbd9}", "Image": "C:\\Windows\\System32\\RuntimeBroker.exe", "CommandLine": "C:\\Windows\\System32\\RuntimeBroker.exe -Embedding", "User": "DESKTOP-HQ12\\Developer", "ProcessId": 10762, "ParentImage": "C:\\Windows\\explorer.exe", "UtcTime": "2026-03-20 15:40:23.413", "Computer": "WORKSTATION-01.local"}
{"EventID": 1, "ProviderGuid": "{5770385f-c22a-43e0-bf4c-06f5698ffbd9}", "Image": "C:\\Windows\\System32\\audiodg.exe", "CommandLine": "C:\\Windows\\system32\\AUDIODG.EXE", "User": "DESKTOP-HQ12\\Developer", "ProcessId": 14279, "ParentImage": "C:\\Windows\\explorer.exe", "UtcTime": "2026-03-20 15:40:25.413", "Computer": "WORKSTATION-01.local"}
{"EventID": 1, "ProviderGuid": "{5770385f-c22a-43e0-bf4c-06f5698ffbd9}", "Image": "C:\\Windows\\System32\\smartscreen.exe", "CommandLine": "C:\\Windows\\System32\\smartscreen.exe -Embedding", "User": "DESKTOP-HQ12\\Developer", "ProcessId": 16675, "ParentImage": "C:\\Windows\\explorer.exe", "UtcTime": "2026-03-20 15:40:27.413", "Computer": "WORKSTATION-01.local"}
{"EventID": 1, "ProviderGuid": "{5770385f-c22a-43e0-bf4c-06f5698ffbd9}", "Image": "C:\\Program Files\\Microsoft Office\\root\\Office16\\EXCEL.EXE", "CommandLine": "\"C:\\Program Files\\Microsoft Office\\root\\Office16\\EXCEL.EXE\" /Embedding", "User": "DESKTOP-HQ12\\Developer", "ProcessId": 12862, "ParentImage": "C:\\Windows\\explorer.exe", "UtcTime": "2026-03-20 15:40:29.413", "Computer": "WORKSTATION-01.local"}
{"EventID": 1, "ProviderGuid": "{5770385f-c22a-43e0-bf4c-06f5698ffbd9}", "Image": "C:\\Windows\\System32\\SearchIndexer.exe", "CommandLine": "C:\\Windows\\system32\\SearchIndexer.exe /Embedding", "User": "NT AUTHORITY\\SYSTEM", "ProcessId": 8897, "ParentImage": "C:\\Windows\\explorer.exe", "UtcTime": "2026-03-20 15:40:31.413", "Computer": "WORKSTATION-01.local"}
{"EventID": 1, "ProviderGuid": "{5770385f-c22a-43e0-bf4c-06f5698ffbd9}", "Image": "C:\\Program Files\\Microsoft Office\\root\\Office16\\EXCEL.EXE", "CommandLine": "\"C:\\Program Files\\Microsoft Office\\root\\Office16\\EXCEL.EXE\" /Embedding", "User": "DESKTOP-HQ12\\Developer", "ProcessId": 13468, "ParentImage": "C:\\Windows\\explorer.exe", "UtcTime": "2026-03-20 15:40:33.413", "Computer": "WORKSTATION-01.local"}
{"EventID": 1, "ProviderGuid": "{5770385f-c22a-43e0-bf4c-06f5698ffbd9}", "Image": "C:\\Windows\\System32\\taskhostw.exe", "CommandLine": "taskhostw.exe {222A245B-E637-4AE9-A93F-A59CA119A75E}", "User": "DESKTOP-HQ12\\Developer", "ProcessId": 3615, "ParentImage": "C:\\Windows\\explorer.exe", "UtcTime": "2026-03-20 15:40:35.413", "Computer": "WORKSTATION-01.local"}
{"EventID": 1, "ProviderGuid": "{5770385f-c22a-43e0-bf4c-06f5698ffbd9}", "Image": "C:\\Windows\\System32\\conhost.exe", "CommandLine": "\\??\\C:\\Windows\\system32\\conhost.exe 0x4", "User": "DESKTOP-HQ12\\Developer", "ProcessId": 6164, "ParentImage": "C:\\Windows\\explorer.exe", "UtcTime": "2026-03-20 15:40:37.413", "Computer": "WORKSTATION-01.local"}
{"EventID": 1, "ProviderGuid": "{5770385f-c22a-43e0-bf4c-06f5698ffbd9}", "Image": "C:\\Windows\\System32\\audiodg.exe", "CommandLine": "C:\\Windows\\system32\\AUDIODG.EXE", "User": "DESKTOP-HQ12\\Developer", "ProcessId": 10494, "ParentImage": "C:\\Windows\\explorer.exe", "UtcTime": "2026-03-20 15:40:39.413", "Computer": "WORKSTATION-01.local"}
{"EventID": 1, "ProviderGuid": "{5770385f-c22a-43e0-bf4c-06f5698ffbd9}", "Image": "C:\\Program Files\\Microsoft Office\\root\\Office16\\EXCEL.EXE", "CommandLine": "\"C:\\Program Files\\Microsoft Office\\root\\Office16\\EXCEL.EXE\" /Embedding", "User": "DESKTOP-HQ12\\Developer", "ProcessId": 17797, "ParentImage": "C:\\Windows\\explorer.exe", "UtcTime": "2026-03-20 15:40:41.413", "Computer": "WORKSTATION-01.local"}
{"EventID": 1, "ProviderGuid": "{5770385f-c22a-43e0-bf4c-06f5698ffbd9}", "Image": "C:\\Windows\\System32\\conhost.exe", "CommandLine": "\\??\\C:\\Windows\\system32\\conhost.exe 0x4", "User": "DESKTOP-HQ12\\Developer", "ProcessId": 7126, "ParentImage": "C:\\Windows\\explorer.exe", "UtcTime": "2026-03-20 15:40:43.413", "Computer": "WORKSTATION-01.local"}
{"EventID": 1, "ProviderGuid": "{5770385f-c22a-43e0-bf4c-06f5698ffbd9}", "Image": "C:\\Windows\\explorer.exe", "CommandLine": "C:\\Windows\\Explorer.EXE", "User": "DESKTOP-HQ12\\Developer", "ProcessId": 18241, "ParentImage": "C:\\Windows\\explorer.exe", "UtcTime": "2026-03-20 15:40:45.413", "Computer": "WORKSTATION-01.local"}
{"EventID": 1, "ProviderGuid": "{5770385f-c22a-43e0-bf4c-06f5698ffbd9}", "Image": "C:\\Windows\\System32\\audiodg.exe", "CommandLine": "C:\\Windows\\system32\\AUDIODG.EXE", "User": "DESKTOP-HQ12\\Developer", "ProcessId": 18275, "ParentImage": "C:\\Windows\\explorer.exe", "UtcTime": "2026-03-20 15:40:47.413", "Computer": "WORKSTATION-01.local"}
{"EventID": 1, "ProviderGuid": "{5770385f-c22a-43e0-bf4c-06f5698ffbd9}", "Image": "C:\\Program Files\\Google\\Chrome\\Application\\chrome.exe", "CommandLine": "\"C:\\Program Files\\Google\\Chrome\\Application\\chrome.exe\" --type=renderer --field-trial-handle=1724", "User": "DESKTOP-HQ12\\Developer", "ProcessId": 7327, "ParentImage": "C:\\Windows\\explorer.exe", "UtcTime": "2026-03-20 15:40:49.413", "Computer": "WORKSTATION-01.local"}
{"EventID": 1, "ProviderGuid": "{5770385f-c22a-43e0-bf4c-06f5698ffbd9}", "Image": "C:\\Program Files\\Google\\Chrome\\Application\\chrome.exe", "CommandLine": "\"C:\\Program Files\\Google\\Chrome\\Application\\chrome.exe\" --type=renderer --field-trial-handle=1724", "User": "DESKTOP-HQ12\\Developer", "ProcessId": 3795, "ParentImage": "C:\\Windows\\explorer.exe", "UtcTime": "2026-03-20 15:40:51.413", "Computer": "WORKSTATION-01.local"}
{"EventID": 1, "ProviderGuid": "{5770385f-c22a-43e0-bf4c-06f5698ffbd9}", "Image": "C:\\Windows\\System32\\smartscreen.exe", "CommandLine": "C:\\Windows\\System32\\smartscreen.exe -Embedding", "User": "DESKTOP-HQ12\\Developer", "ProcessId": 13271, "ParentImage": "C:\\Windows\\explorer.exe", "UtcTime": "2026-03-20 15:40:53.413", "Computer": "WORKSTATION-01.local"}
{"EventID": 1, "ProviderGuid": "{5770385f-c22a-43e0-bf4c-06f5698ffbd9}", "Image": "C:\\Windows\\System32\\RuntimeBroker.exe", "CommandLine": "C:\\Windows\\System32\\RuntimeBroker.exe -Embedding", "User": "DESKTOP-HQ12\\Developer", "ProcessId": 4422, "ParentImage": "C:\\Windows\\explorer.exe", "UtcTime": "2026-03-20 15:40:55.413", "Computer": "WORKSTATION-01.local"}
{"EventID": 1, "ProviderGuid": "{5770385f-c22a-43e0-bf4c-06f5698ffbd9}", "Image": "C:\\Windows\\System32\\conhost.exe", "CommandLine": "\\??\\C:\\Windows\\system32\\conhost.exe 0x4", "User": "DESKTOP-HQ12\\Developer", "ProcessId": 13672, "ParentImage": "C:\\Windows\\explorer.exe", "UtcTime": "2026-03-20 15:40:57.413", "Computer": "WORKSTATION-01.local"}
{"EventID": 1, "ProviderGuid": "{5770385f-c22a-43e0-bf4c-06f5698ffbd9}", "Image": "C:\\Program Files\\Google\\Chrome\\Application\\chrome.exe", "CommandLine": "\"C:\\Program Files\\Google\\Chrome\\Application\\chrome.exe\" --type=renderer --field-trial-handle=1724", "User": "DESKTOP-HQ12\\Developer", "ProcessId": 2668, "ParentImage": "C:\\Windows\\explorer.exe", "UtcTime": "2026-03-20 15:40:59.413", "Computer": "WORKSTATION-01.local"}
