{"EventID": 1, "ProviderGuid": "{5770385f-c22a-43e0-bf4c-06f5698ffbd9}", "Image": "C:\\Windows\\System32\\svchost.exe", "CommandLine": "svchost.exe -k netsvcs -p -s BITS", "User": "NT AUTHORITY\\SYSTEM", "ProcessId": 13333, "ParentImage": "C:\\Windows\\System32\\services.exe", "UtcTime": "2026-03-20 15:18:33.410", "Computer": "WORKSTATION-01.local"}
{"EventID": 1, "ProviderGuid": "{5770385f-c22a-43e0-bf4c-06f5698ffbd9}", "Image": "C:\\Windows\\System32\\smartscreen.exe", "CommandLine": "C:\\Windows\\System32\\smartscreen.exe -Embedding", "User": "DESKTOP-HQ12\\Developer", "ProcessId": 9069, "ParentImage": "C:\\Windows\\explorer.exe", "UtcTime": "2026-03-20 15:18:35.410", "Computer": "WORKSTATION-01.local"}
{"EventID": 1, "ProviderGuid": "{5770385f-c22a-43e0-bf4c-06f5698ffbd9}", "Image": "C:\\Windows\\System32\\RuntimeBroker.exe", "CommandLine": "C:\\Windows\\System32\\RuntimeBroker.exe -Embedding", "User": "DESKTOP-HQ12\\Developer", "ProcessId": 4477, "ParentImage": "C:\\Windows\\explorer.exe", "UtcTime": "2026-03-20 15:18:37.410", "Computer": "WORKSTATION-01.local"}
{"EventID": 1, "ProviderGuid": "{5770385f-c22a-43e0-bf4c-06f5698ffbd9}", "Image": "C:\\Windows\\System32\\svchost.exe", "CommandLine": "svchost.exe -k netsvcs -p -s BITS", "User": "NT AUTHORITY\\SYSTEM", "ProcessId": 9811, "ParentImage": "C:\\Windows\\System32\\services.exe", "UtcTime": "2026-03-20 15:18:39.410", "Computer": "WORKSTATION-01.local"}
{"EventID": 1, "ProviderGuid": "{5770385f-c22a-43e0-bf4c-06f5698ffbd9}", "Image": "C:\\Windows\\explorer.exe", "CommandLine": "C:\\Windows\\Explorer.EXE", "User": "DESKTOP-HQ12\\Developer", "ProcessId": 11377, "ParentImage": "C:\\Windows\\explorer.exe", "UtcTime": "2026-03-20 15:18:41.410", "Computer": "WORKSTATION-01.local"}
{"EventID": 1, "ProviderGuid": "{5770385f-c22a-43e0-bf4c-06f5698ffbd9}", "Image": "C:\\Windows\\System32\\SearchIndexer.exe", "CommandLine": "C:\\Windows\\system32\\SearchIndexer.exe /Embedding", "User": "NT AUTHORITY\\SYSTEM", "ProcessId": 5740, "ParentImage": "C:\\Windows\\explorer.exe", "UtcTime": "2026-03-20 15:18:43.410", "Computer": "WORKSTATION-01.local"}
{"EventID": 1, "ProviderGuid": "{5770385f-c22a-43e0-bf4c-06f5698ffbd9}", "Image": "C:\\Windows\\System32\\taskhostw.exe", "CommandLine": "taskhostw.exe {222A245B-E637-4AE9-A93F-A59CA119A75E}", "User": "DESKTOP-HQ12\\Developer", "ProcessId": 12335, "ParentImage": "C:\\Windows\\explorer.exe", "UtcTime": "2026-03-20 15:18:45.410", "Computer": "WORKSTATION-01.local"}
{"EventID": 1, "ProviderGuid": "{5770385f-c22a-43e0-bf4c-06f5698ffbd9}", "Image": "C:\\Windows\\System32\\RuntimeBroker.exe", "CommandLine": "C:\\Windows\\System32\\RuntimeBroker.exe -Embedding", "User": "DESKTOP-HQ12\\Developer", "ProcessId": 15191, "ParentImage": "C:\\Windows\\explorer.exe", "UtcTime": "2026-03-20 15:18:47.410", "Computer": "WORKSTATION-01.local"}
{"EventID": 1, "ProviderGuid": "{5770385f-c22a-43e0-bf4c-06f5698ffbd9}", "Image": "C:\\Windows\\System32\\RuntimeBroker.exe", "CommandLine": "C:\\Windows\\System32\\RuntimeBroker.exe -Embedding", "User": "DESKTOP-HQ12\\Developer", "ProcessId": 12857, "ParentImage": "C:\\Windows\\explorer.exe", "UtcTime": "2026-03-20 15:18:49.410", "Computer": "WORKSTATION-01.local"}
{"EventID": 1, "ProviderGuid": "{5770385f-c22a-43e0-bf4c-06f5698ffbd9}", "Image": "C:\\Windows\\System32\\smartscreen.exe", "CommandLine": "C:\\Windows\\System32\\smartscreen.exe -Embedding", "User": "DESKTOP-HQ12\\Developer", "ProcessId": 18737, "ParentImage": "C:\\Windows\\explorer.exe", "UtcTime": "2026-03-20 15:18:51.410", "Computer": "WORKSTATION-01.local"}
{"EventID": 1, "ProviderGuid": "{5770385f-c22a-43e0-bf4c-06f5698ffbd9}", "Image": "C:\\Windows\\System32\\svchost.exe", "CommandLine": "svchost.exe -k netsvcs -p -s BITS", "User": "NT AUTHORITY\\SYSTEM", "ProcessId": 11431, "ParentImage": "C:\\Windows\\System32\\services.exe", "UtcTime": "2026-03-20 15:18:53.410", "Computer": "WORKSTATION-01.local"}
{"EventID": 1, "ProviderGuid": "{5770385f-c22a-43e0-bf4c-06f5698ffbd9}", "Image": "C:\\Windows\\System32\\svchost.exe", "CommandLine": "svchost.exe -k netsvcs -p -s BITS", "User": "NT AUTHORITY\\SYSTEM", "ProcessId": 10270, "ParentImage": "C:\\Windows\\System32\\services.exe", "UtcTime": "2026-03-20 15:18:55.410", "Computer": "WORKSTATION-01.local"}
{"EventID": 1, "ProviderGuid": "{5770385f-c22a-43e0-bf4c-06f5698ffbd9}", "Image": "C:\\Windows\\System32\\SearchIndexer.exe", "CommandLine": "C:\\Windows\\system32\\SearchIndexer.exe /Embedding", "User": "NT AUTHORITY\\SYSTEM", "ProcessId": 16480, "ParentImage": "C:\\Windows\\explorer.exe", "UtcTime": "2026-03-20 15:18:57.410", "Computer": "WORKSTATION-01.local"}
{"EventID": 1, "ProviderGuid": "{5770385f-c22a-43e0-bf4c-06f5698ffbd9}", "Image": "C:\\Windows\\System32\\audiodg.exe", "CommandLine": "C:\\Windows\\system32\\AUDIODG.EXE", "User": "DESKTOP-HQ12\\Developer", "ProcessId": 15240, "ParentImage": "C:\\Windows\\explorer.exe", "UtcTime": "2026-03-20 15:18:59.410", "Computer": "WORKSTATION-01.local"}
{"EventID": 1, "ProviderGuid": "{5770385f-c22a-43e0-bf4c-06f5698ffbd9}", "Image": "C:\\Windows\\System32\\conhost.exe", "CommandLine": "\\??\\C:\\Windows\\system32\\conhost.exe 0x4", "User": "DESKTOP-HQ12\\Developer", "ProcessId": 12441, "ParentImage": "C:\\Windows\\explorer.exe", "UtcTime": "2026-03-20 15:19:01.410", "Computer": "WORKSTATION-01.local"}
{"EventID": 1, "ProviderGuid": "{5770385f-c22a-43e0-bf4c-06f5698ffbd9}", "Image": "C:\\Program Files\\Google\\Chrome\\Application\\chrome.exe", "CommandLine": "\"C:\\Program Files\\Google\\Chrome\\Application\\chrome.exe\" --type=renderer --field-trial-handle=1724", "User": "DESKTOP-HQ12\\Developer", "ProcessId": 3909, "ParentImage": "C:\\Windows\\explorer.exe", "UtcTime": "2026-03-20 15:19:03.410", "Computer": "WORKSTATION-01.local"}
{"EventID": 1, "ProviderGuid": "{5770385f-c22a-43e0-bf4c-06f5698ffbd9}", "Image": "C:\\Windows\\explorer.exe", "CommandLine": "C:\\Windows\\Explorer.EXE", "User": "DESKTOP-HQ12\\Developer", "ProcessId": 8970, "ParentImage": "C:\\Windows\\explorer.exe", "UtcTime": "2026-03-20 15:19:05.410", "Computer": "WORKSTATION-01.local"}
{"EventID": 1, "ProviderGuid": "{5770385f-c22a-43e0-bf4c-06f5698ffbd9}", "Image": "C:\\Windows\\System32\\smartscreen.exe", "CommandLine": "C:\\Windows\\System32\\smartscreen.exe -Embedding", "User": "DESKTOP-HQ12\\Developer", "ProcessId": 15264, "ParentImage": "C:\\Windows\\explorer.exe", "UtcTime": "2026-03-20 15:19:07.410", "Computer": "WORKSTATION-01.local"}
{"EventID": 1, "ProviderGuid": "{5770385f-c22a-43e0-bf4c-06f5698ffbd9}", "Image": "C:\\Windows\\System32\\smartscreen.exe", "CommandLine": "C:\\Windows\\System32\\smartscreen.exe -Embedding", "User": "DESKTOP-HQ12\\Developer", "ProcessId": 11238, "ParentImage": "C:\\Windows\\explorer.exe", "UtcTime": "2026-03-20 15:19:09.410", "Computer": "WORKSTATION-01.local"}
{"EventID": 1, "ProviderGuid": "{5770385f-c22a-43e0-bf4c-06f5698ffbd9}", "Image": "C:\\Windows\\explorer.exe", "CommandLine": "C:\\Windows\\Explorer.EXE", "User": "DESKTOP-HQ12\\Developer", "ProcessId": 9785, "ParentImage": "C:\\Windows\\explorer.exe", "UtcTime": "2026-03-20 15:19:11.410", "Computer": "WORKSTATION-01.local"}
{"EventID": 1, "ProviderGuid": "{5770385f-c22a-43e0-bf4c-06f5698ffbd9}", "Image": "C:\\Windows\\explorer.exe", "CommandLine": "C:\\Windows\\Explorer.EXE", "User": "DESKTOP-HQ12\\Developer", "ProcessId": 13748, "ParentImage": "C:\\Windows\\explorer.exe", "UtcTime": "2026-03-20 15:19:13.410", "Computer": "WORKSTATION-01.local"}
{"EventID": 1, "ProviderGuid": "{5770385f-c22a-43e0-bf4c-06f5698ffbd9}", "Image": "C:\\Windows\\System32\\conhost.exe", "CommandLine": "\\??\\C:\\Windows\\system32\\conhost.exe 0x4", "User": "DESKTOP-HQ12\\Developer", "ProcessId": 18771, "ParentImage": "C:\\Windows\\explorer.exe", "UtcTime": "2026-03-20 15:19:15.410", "Computer": "WORKSTATION-01.local"}
{"EventID": 1, "ProviderGuid": "{5770385f-c22a-43e0-bf4c-06f5698ffbd9}", "Image": "C:\\Windows\\System32\\audiodg.exe", "CommandLine": "C:\\Windows\\system32\\AUDIODG.EXE", "User": "DESKTOP-HQ12\\Developer", "ProcessId": 11296, "ParentImage": "C:\\Windows\\explorer.exe", "UtcTime": "2026-03-20 15:19:17.410", "Computer": "WORKSTATION-01.local"}
{"EventID": 1, "ProviderGuid": "{5770385f-c22a-43e0-bf4c-06f5698ffbd9}", "Image": "C:\\Windows\\System32\\svchost.exe", "CommandLine": "svchost.exe -k netsvcs -p -s BITS", "User": "NT AUTHORITY\\SYSTEM", "ProcessId": 1545, "ParentImage": "C:\\Windows\\System32\\services.exe", "UtcTime": "2026-03-20 15:19:19.410", "Computer": "WORKSTATION-01.local"}
{"EventID": 1, "ProviderGuid": "{5770385f-c22a-43e0-bf4c-06f5698ffbd9}", "Image": "C:\\Windows\\System32\\SearchIndexer.exe", "CommandLine": "C:\\Windows\\system32\\SearchIndexer.exe /Embedding", "User": "NT AUTHORITY\\SYSTEM", "ProcessId": 18239, "ParentImage": "C:\\Windows\\explorer.exe", "UtcTime": "2026-03-20 15:19:21.410", "Computer": "WORKSTATION-01.local"}
{"EventID": 1, "ProviderGuid": "{5770385f-c22a-43e0-bf4c-06f5698ffbd9}", "Image": "C:\\Windows\\System32\\RuntimeBroker.exe", "CommandLine": "C:\\Windows\\System32\\RuntimeBroker.exe -Embedding", "User": "DESKTOP-HQ12\\Developer", "ProcessId": 2445, "ParentImage": "C:\\Windows\\explorer.exe", "UtcTime": "2026-03-20 15:19:23.410", "Computer": "WORKSTATION-01.local"}
{"EventID": 1, "ProviderGuid": "{5770385f-c22a-43e0-bf4c-06f5698ffbd9}", "Image": "C:\\Windows\\System32\\conhost.exe", "CommandLine": "\\??\\C:\\Windows\\system32\\conhost.exe 0x4", "User": "DESKTOP-HQ12\\Developer", "ProcessId": 14324, "ParentImage": "C:\\Windows\\explorer.exe", "UtcTime": "2026-03-20 15:19:25.410", "Computer": "WORKSTATION-01.local"}
{"EventID": 1, "ProviderGuid": "{5770385f-c22a-43e0-bf4c-06f5698ffbd9}", "Image": "C:\\Windows\\System32\\smartscreen.exe", "CommandLine": "C:\\Windows\\System32\\smartscreen.exe -Embedding", "User": "DESKTOP-HQ12\\Developer", "ProcessId": 8794, "ParentImage": "C:\\Windows\\explorer.exe", "UtcTime": "2026-03-20 15:19:27.410", "Computer": "WORKSTATION-01.local"}
{"EventID": 1, "ProviderGuid": "{5770385f-c22a-43e0-bf4c-06f5698ffbd9}", "Image": "C:\\Program Files\\Google\\Chrome\\Application\\chrome.exe", "CommandLine": "\"C:\\Program Files\\Google\\Chrome\\Application\\chrome.exe\" --type=renderer --field-trial-handle=1724", "User": "DESKTOP-HQ12\\Developer", "ProcessId": 11464, "ParentImage": "C:\\Windows\\explorer.exe", "UtcTime": "2026-03-20 15:19:29.410", "Computer": "WORKSTATION-01.local"}
{"EventID": 1, "ProviderGuid": "{5770385f-c22a-43e0-bf4c-06f5698ffbd9}", "Image": "C:\\Windows\\System32\\taskhostw.exe", "CommandLine": "taskhostw.exe {222A245B-E637-4AE9-A93F-A59CA119A75E}", "User": "DESKTOP-HQ12\\Developer", "ProcessId": 14833, "ParentImage": "C:\\Windows\\explorer.exe", "UtcTime": "2026-03-20 15:19:31.410", "Computer": "WORKSTATION-01.local"}
{"EventID": 1, "ProviderGuid": "{5770385f-c22a-43e0-bf4c-06f5698ffbd9}", "Image": "C:\\Windows\\System32\\SearchIndexer.exe", "CommandLine": "C:\\Windows\\system32\\SearchIndexer.exe /Embedding", "User": "NT AUTHORITY\\SYSTEM", "ProcessId": 6183, "ParentImage": "C:\\Windows\\explorer.exe", "UtcTime": "2026-03-20 15:19:33.410", "Computer": "WORKSTATION-01.local"}
{"EventID": 1, "ProviderGuid": "{5770385f-c22a-43e0-bf4c-06f5698ffbd9}", "Image": "C:\\Windows\\System32\\smartscreen.exe", "CommandLine": "C:\\Windows\\System32\\smartscreen.exe -Embedding", "User": "DESKTOP-HQ12\\Developer", "ProcessId": 2487, "ParentImage": "C:\\Windows\\explorer.exe", "UtcTime": "2026-03-20 15:19:35.410", "Computer": "WORKSTATION-01.local"}
{"EventID": 1, "ProviderGuid": "{5770385f-c22a-43e0-bf4c-06f5698ffbd9}", "Image": "C:\\Windows\\System32\\smartscreen.exe", "CommandLine": "C:\\Windows\\System32\\smartscreen.exe -Embedding", "User": "DESKTOP-HQ12\\Developer", "ProcessId": 16859, "ParentImage": "C:\\Windows\\explorer.exe", "UtcTime": "2026-03-20 15:19:37.410", "Computer": "WORKSTATION-01.local"}
{"EventID": 1, "ProviderGuid": "{5770385f-c22a-43e0-bf4c-06f5698ffbd9}", "Image": "C:\\Windows\\System32\\RuntimeBroker.exe", "CommandLine": "C:\\Windows\\System32\\RuntimeBroker.exe -Embedding", "User": "DESKTOP-HQ12\\Developer", "ProcessId": 1582, "ParentImage": "C:\\Windows\\explorer.exe", "UtcTime": "2026-03-20 15:19:39.410", "Computer": "WORKSTATION-01.local"}
{"EventID": 1, "ProviderGuid": "{5770385f-c22a-43e0-bf4c-06f5698ffbd9}", "Image": "C:\\Windows\\System32\\audiodg.exe", "CommandLine": "C:\\Windows\\system32\\AUDIODG.EXE", "User": "DESKTOP-HQ12\\Developer", "ProcessId": 13232, "ParentImage": "C:\\Windows\\explorer.exe", "UtcTime": "2026-03-20 15:19:41.410", "Computer": "WORKSTATION-01.local"}
{"EventID": 1, "ProviderGuid": "{5770385f-c22a-43e0-bf4c-06f5698ffbd9}", "Image": "C:\\Windows\\System32\\conhost.exe", "CommandLine": "\\??\\C:\\Windows\\system32\\conhost.exe 0x4", "User": "DESKTOP-HQ12\\Developer", "ProcessId": 1325, "ParentImage": "C:\\Windows\\explorer.exe", "UtcTime": "2026-03-20 15:19:43.410", "Computer": "WORKSTATION-01.local"}
{"EventID": 1, "ProviderGuid": "{5770385f-c22a-43e0-bf4c-06f5698ffbd9}", "Image": "C:\\Windows\\System32\\RuntimeBroker.exe", "CommandLine": "C:\\Windows\\System32\\RuntimeBroker.exe -Embedding", "User": "DESKTOP-HQ12\\Developer", "ProcessId": 5560, "ParentImage": "C:\\Windows\\explorer.exe", "UtcTime": "2026-03-20 15:19:45.410", "Computer": "WORKSTATION-01.local"}
{"EventID": 1, "ProviderGuid": "{5770385f-c22a-43e0-bf4c-06f5698ffbd9}", "Image": "C:\\Windows\\System32\\taskhostw.exe", "CommandLine": "taskhostw.exe {222A245B-E637-4AE9-A93F-A59CA119A75E}", "User": "DESKTOP-HQ12\\Developer", "ProcessId": 14040, "ParentImage": "C:\\Windows\\explorer.exe", "UtcTime": "2026-03-20 15:19:47.410", "Computer": "WORKSTATION-01.local"}
{"EventID": 1, "ProviderGuid": "{5770385f-c22a-43e0-bf4c-06f5698ffbd9}", "Image": "C:\\Windows\\System32\\taskhostw.exe", "CommandLine": "taskhostw.exe {222A245B-E637-4AE9-A93F-A59CA119A75E}", "User": "DESKTOP-HQ12\\Developer", "ProcessId": 10155, "ParentImage": "C:\\Windows\\explorer.exe", "UtcTime": "2026-03-20 15:19:49.410", "Computer": "WORKSTATION-01.local"}
{"EventID": 1, "ProviderGuid": "{5770385f-c22a-43e0-bf4c-06f5698ffbd9}", "Image": "C:\\Windows\\System32\\RuntimeBroker.exe", "CommandLine": "C:\\Windows\\System32\\RuntimeBroker.exe -Embedding", "User": "DESKTOP-HQ12\\Developer", "ProcessId": 14978, "ParentImage": "C:\\Windows\\explorer.exe", "UtcTime": "2026-03-20 15:19:51.410", "Computer": "WORKSTATION-01.local"}
{"EventID": 1, "ProviderGuid": "{5770385f-c22a-43e0-bf4c-06f5698ffbd9}", "Image": "C:\\Windows\\System32\\RuntimeBroker.exe", "CommandLine": "C:\\Windows\\System32\\RuntimeBroker.exe -Embedding", "User": "DESKTOP-HQ12\\Developer", "ProcessId": 17036, "ParentImage": "C:\\Windows\\explorer.exe", "UtcTime": "2026-03-20 15:19:53.410", "Computer": "WORKSTATION-01.local"}
{"EventID": 1, "ProviderGuid": "{5770385f-c22a-43e0-bf4c-06f5698ffbd9}", "Image": "C:\\Windows\\System32\\conhost.exe", "CommandLine": "\\??\\C:\\Windows\\system32\\conhost.exe 0x4", "User": "DESKTOP-HQ12\\Developer", "ProcessId": 7892, "ParentImage": "C:\\Windows\\explorer.exe", "UtcTime": "2026-03-20 15:19:55.410", "Computer": "WORKSTATION-01.local"}
{"EventID": 1, "ProviderGuid": "{5770385f-c22a-43e0-bf4c-06f5698ffbd9}", "Image": "C:\\Windows\\System32\\audiodg.exe", "CommandLine": "C:\\Windows\\system32\\AUDIODG.EXE", "User": "DESKTOP-HQ12\\Developer", "ProcessId": 11750, "ParentImage": "C:\\Windows\\explorer.exe", "UtcTime": "2026-03-20 15:19:57.410", "Computer": "WORKSTATION-01.local"}
{"EventID": 1, "ProviderGuid": "{5770385f-c22a-43e0-bf4c-06f5698ffbd9}", "Image": "C:\\Program Files\\Google\\Chrome\\Application\\chrome.exe", "CommandLine": "\"C:\\Program Files\\Google\\Chrome\\Application\\chrome.exe\" --type=renderer --field-trial-handle=1724", "User": "DESKTOP-HQ12\\Developer", "ProcessId": 16124, "ParentImage": "C:\\Windows\\explorer.exe", "UtcTime": "2026-03-20 15:19:59.410", "Computer": "WORKSTATION-01.local"}
{"EventID": 1, "ProviderGuid": "{5770385f-c22a-43e0-bf4c-06f5698ffbd9}", "Image": "C:\\Windows\\System32\\RuntimeBroker.exe", "CommandLine": "C:\\Windows\\System32\\RuntimeBroker.exe -Embedding", "User": "DESKTOP-HQ12\\Developer", "ProcessId": 6891, "ParentImage": "C:\\Windows\\explorer.exe", "UtcTime": "2026-03-20 15:20:01.410", "Computer": "WORKSTATION-01.local"}
{"EventID": 1, "ProviderGuid": "{5770385f-c22a-43e0-bf4c-06f5698ffbd9}", "Image": "C:\\Windows\\System32\\RuntimeBroker.exe", "CommandLine": "C:\\Windows\\System32\\RuntimeBroker.exe -Embedding", "User": "DESKTOP-HQ12\\Developer", "ProcessId": 5065, "ParentImage": "C:\\Windows\\explorer.exe", "UtcTime": "2026-03-20 15:20:03.410", "Computer": "WORKSTATION-01.local"}
{"EventID": 1, "ProviderGuid": "{5770385f-c22a-43e0-bf4c-06f5698ffbd9}", "Image": "C:\\Windows\\System32\\svchost.exe", "CommandLine": "svchost.exe -k netsvcs -p -s BITS", "User": "NT AUTHORITY\\SYSTEM", "ProcessId": 15117, "ParentImage": "C:\\Windows\\System32\\services.exe", "UtcTime": "2026-03-20 15:20:05.410", "Computer": "WORKSTATION-01.local"}
{"EventID": 1, "ProviderGuid": "{5770385f-c22a-43e0-bf4c-06f5698ffbd9}", "Image": "C:\\Program Files\\Google\\Chrome\\Application\\chrome.exe", "CommandLine": "\"C:\\Program Files\\Google\\Chrome\\Application\\chrome.exe\" --type=renderer --field-trial-handle=1724", "User": "DESKTOP-HQ12\\Developer", "ProcessId": 4924, "ParentImage": "C:\\Windows\\explorer.exe", "UtcTime": "2026-03-20 15:20:07.410", "Computer": "WORKSTATION-01.local"}
{"EventID": 1, "ProviderGuid": "{5770385f-c22a-43e0-bf4c-06f5698ffbd9}", "Image": "C:\\Windows\\explorer.exe", "CommandLine": "C:\\Windows\\Explorer.EXE", "User": "DESKTOP-HQ12\\Developer", "ProcessId": 5883, "ParentImage": "C:\\Windows\\explorer.exe", "UtcTime": "2026-03-20 15:20:09.410", "Computer": "WORKSTATION-01.local"}
{"EventID": 1, "ProviderGuid": "{5770385f-c22a-43e0-bf4c-06f5698ffbd9}", "Image": "C:\\Windows\\explorer.exe", "CommandLine": "C:\\Windows\\Explorer.EXE", "User": "DESKTOP-HQ12\\Developer", "ProcessId": 9077, "ParentImage": "C:\\Windows\\explorer.exe", "UtcTime": "2026-03-20 15:20:11.410", "Computer": "WORKSTATION-01.local"}
{"EventID": 1, "ProviderGuid": "{5770385f-c22a-43e0-bf4c-06f5698ffbd9}", "Image": "C:\\Windows\\System32\\RuntimeBroker.exe", "CommandLine": "C:\\Windows\\System32\\RuntimeBroker.exe -Embedding", "User": "DESKTOP-HQ12\\Developer", "ProcessId": 1740, "ParentImage": "C:\\Windows\\explorer.exe", "UtcTime": "2026-03-20 15:20:13.410", "Computer": "WORKSTATION-01.local"}
{"EventID": 1, "ProviderGuid": "{5770385f-c22a-43e0-bf4c-06f5698ffbd9}", "Image": "C:\\Program Files\\Google\\Chrome\\Application\\chrome.exe", "CommandLine": "\"C:\\Program Files\\Google\\Chrome\\Application\\chrome.exe\" --type=renderer --field-trial-handle=1724", "User": "DESKTOP-HQ12\\Developer", "ProcessId": 16720, "ParentImage": "C:\\Windows\\explorer.exe", "UtcTime": "2026-03-20 15:20:15.410", "Computer": "WORKSTATION-01.local"}
{"EventID": 1, "ProviderGuid": "{5770385f-c22a-43e0-bf4c-06f5698ffbd9}", "Image": "C:\\Program Files\\Microsoft Office\\root\\Office16\\EXCEL.EXE", "CommandLine": "\"C:\\Program Files\\Microsoft Office\\root\\Office16\\EXCEL.EXE\" /Embedding", "User": "DESKTOP-HQ12\\Developer", "ProcessId": 12387, "ParentImage": "C:\\Windows\\explorer.exe", "UtcTime": "2026-03-20 15:20:17.410", "Computer": "WORKSTATION-01.local"}
{"EventID": 1, "ProviderGuid": "{5770385f-c22a-43e0-bf4c-06f5698ffbd9}", "Image": "C:\\Windows\\System32\\SearchIndexer.exe", "CommandLine": "C:\\Windows\\system32\\SearchIndexer.exe /Embedding", "User": "NT AUTHORITY\\SYSTEM", "ProcessId": 14211, "ParentImage": "C:\\Windows\\explorer.exe", "UtcTime": "2026-03-20 15:20:19.410", "Computer": "WORKSTATION-01.local"}
{"EventID": 1, "ProviderGuid": "{5770385f-c22a-43e0-bf4c-06f5698ffbd9}", "Image": "C:\\Windows\\System32\\taskhostw.exe", "CommandLine": "taskhostw.exe {222A245B-E637-4AE9-A93F-A59CA119A75E}", "User": "DESKTOP-HQ12\\Developer", "ProcessId": 3697, "ParentImage": "C:\\Windows\\explorer.exe", "UtcTime": "2026-03-20 15:20:21.410", "Computer": "WORKSTATION-01.local"}
{"EventID": 1, "ProviderGuid": "{5770385f-c22a-43e0-bf4c-06f5698ffbd9}", "Image": "C:\\Windows\\System32\\RuntimeBroker.exe", "CommandLine": "C:\\Windows\\System32\\RuntimeBroker.exe -Embedding", "User": "DESKTOP-HQ12\\Developer", "ProcessId": 3192, "ParentImage": "C:\\Windows\\explorer.exe", "UtcTime": "2026-03-20 15:20:23.410", "Computer": "WORKSTATION-01.local"}
{"EventID": 1, "ProviderGuid": "{5770385f-c22a-43e0-bf4c-06f5698ffbd9}", "Image": "C:\\Windows\\System32\\SearchIndexer.exe", "CommandLine": "C:\\Windows\\system32\\SearchIndexer.exe /Embedding", "User": "NT AUTHORITY\\SYSTEM", "ProcessId": 3238, "ParentImage": "C:\\Windows\\explorer.exe", "UtcTime": "2026-03-20 15:20:25.410", "Computer": "WORKSTATION-01.local"}
{"EventID": 1, "ProviderGuid": "{5770385f-c22a-43e0-bf4c-06f5698ffbd9}", "Image": "C:\\Windows\\System32\\svchost.exe", "CommandLine": "svchost.exe -k netsvcs -p -s BITS", "User": "NT AUTHORITY\\SYSTEM", "ProcessId": 17899, "ParentImage": "C:\\Windows\\System32\\services.exe", "UtcTime": "2026-03-20 15:20:27.410", "Computer": "WORKSTATION-01.local"}
{"EventID": 1, "ProviderGuid": "{5770385f-c22a-43e0-bf4c-06f5698ffbd9}", "Image": "C:\\Windows\\System32\\RuntimeBroker.exe", "CommandLine": "C:\\Windows\\System32\\RuntimeBroker.exe -Embedding", "User": "DESKTOP-HQ12\\Developer", "ProcessId": 13411, "ParentImage": "C:\\Windows\\explorer.exe", "UtcTime": "2026-03-20 15:20:29.410", "Computer": "WORKSTATION-01.local"}
{"EventID": 1, "ProviderGuid": "{5770385f-c22a-43e0-bf4c-06f5698ffbd9}", "Image": "C:\\Program Files\\Google\\Chrome\\Application\\chrome.exe", "CommandLine": "\"C:\\Program Files\\Google\\Chrome\\Application\\chrome.exe\" --type=renderer --field-trial-handle=1724", "User": "DESKTOP-HQ12\\Developer", "ProcessId": 18064, "ParentImage": "C:\\Windows\\explorer.exe", "UtcTime": "2026-03-20 15:20:31.410", "Computer": "WORKSTATION-01.local"}
{"EventID": 1, "ProviderGuid": "{5770385f-c22a-43e0-bf4c-06f5698ffbd9}", "Image": "C:\\Windows\\System32\\taskhostw.exe", "CommandLine": "taskhostw.exe {222A245B-E637-4AE9-A93F-A59CA119A75E}", "User": "DESKTOP-HQ12\\Developer", "ProcessId": 19049, "ParentImage": "C:\\Windows\\explorer.exe", "UtcTime": "2026-03-20 15:20:33.410", "Computer": "WORKSTATION-01.local"}
{"EventID": 1, "ProviderGuid": "{5770385f-c22a-43e0-bf4c-06f5698ffbd9}", "Image": "C:\\Windows\\System32\\RuntimeBroker.exe", "CommandLine": "C:\\Windows\\System32\\RuntimeBroker.exe -Embedding", "User": "DESKTOP-HQ12\\Developer", "ProcessId": 19928, "ParentImage": "C:\\Windows\\explorer.exe", "UtcTime": "2026-03-20 15:20:35.410", "Computer": "WORKSTATION-01.local"}
{"EventID": 1, "ProviderGuid": "{5770385f-c22a-43e0-bf4c-06f5698ffbd9}", "Image": "C:\\Program Files\\Microsoft Office\\root\\Office16\\EXCEL.EXE", "CommandLine": "\"C:\\Program Files\\Microsoft Office\\root\\Office16\\EXCEL.EXE\" /Embedding", "User": "DESKTOP-HQ12\\Developer", "ProcessId": 9802, "ParentImage": "C:\\Windows\\explorer.exe", "UtcTime": "2026-03-20 15:20:37.410", "Computer": "WORKSTATION-01.local"}
{"EventID": 1, "ProviderGuid": "{5770385f-c22a-43e0-bf4c-06f5698ffbd9}", "Image": "C:\\Program Files\\Google\\Chrome\\Application\\chrome.exe", "CommandLine": "\"C:\\Program Files\\Google\\Chrome\\Application\\chrome.exe\" --type=renderer --field-trial-handle=1724", "User": "DESKTOP-HQ12\\Developer", "ProcessId": 13432, "ParentImage": "C:\\Windows\\explorer.exe", "UtcTime": "2026-03-20 15:20:39.410", "Computer": "WORKSTATION-01.local"}
{"EventID": 1, "ProviderGuid": "{5770385f-c22a-43e0-bf4c-06f5698ffbd9}", "Image": "C:\\Windows\\System32\\conhost.exe", "CommandLine": "\\??\\C:\\Windows\\system32\\conhost.exe 0x4", "User": "DESKTOP-HQ12\\Developer", "ProcessId": 1951, "ParentImage": "C:\\Windows\\explorer.exe", "UtcTime": "2026-03-20 15:20:41.410", "Computer": "WORKSTATION-01.local"}
{"EventID": 1, "ProviderGuid": "{5770385f-c22a-43e0-bf4c-06f5698ffbd9}", "Image": "C:\\Windows\\explorer.exe", "CommandLine": "C:\\Windows\\Explorer.EXE", "User": "DESKTOP-HQ12\\Developer", "ProcessId": 8199, "ParentImage": "C:\\Windows\\explorer.exe", "UtcTime": "2026-03-20 15:20:43.410", "Computer": "WORKSTATION-01.local"}
{"EventID": 1, "ProviderGuid": "{5770385f-c22a-43e0-bf4c-06f5698ffbd9}", "Image": "C:\\Windows\\System32\\svchost.exe", "CommandLine": "svchost.exe -k netsvcs -p -s BITS", "User": "NT AUTHORITY\\SYSTEM", "ProcessId": 10565, "ParentImage": "C:\\Windows\\System32\\services.exe", "UtcTime": "2026-03-20 15:20:45.410", "Computer": "WORKSTATION-01.local"}
{"EventID": 1, "ProviderGuid": "{5770385f-c22a-43e0-bf4c-06f5698ffbd9}", "Image": "C:\\Windows\\System32\\conhost.exe", "CommandLine": "\\??\\C:\\Windows\\system32\\conhost.exe 0x4", "User": "DESKTOP-HQ12\\Developer", "ProcessId": 11857, "ParentImage": "C:\\Windows\\explorer.exe", "UtcTime": "2026-03-20 15:20:47.410", "Computer": "WORKSTATION-01.local"}
{"EventID": 1, "ProviderGuid": "{5770385f-c22a-43e0-bf4c-06f5698ffbd9}", "Image": "C:\\Windows\\explorer.exe", "CommandLine": "C:\\Windows\\Explorer.EXE", "User": "DESKTOP-HQ12\\Developer", "ProcessId": 18177, "ParentImage": "C:\\Windows\\explorer.exe", "UtcTime": "2026-03-20 15:20:49.410", "Computer": "WORKSTATION-01.local"}
{"EventID": 1, "ProviderGuid": "{5770385f-c22a-43e0-bf4c-06f5698ffbd9}", "Image": "C:\\Program Files\\Microsoft Office\\root\\Office16\\EXCEL.EXE", "CommandLine": "\"C:\\Program Files\\Microsoft Office\\root\\Office16\\EXCEL.EXE\" /Embedding", "User": "DESKTOP-HQ12\\Developer", "ProcessId": 16784, "ParentImage": "C:\\Windows\\explorer.exe", "UtcTime": "2026-03-20 15:20:51.410", "Computer": "WORKSTATION-01.local"}
{"EventID": 1, "ProviderGuid": "{5770385f-c22a-43e0-bf4c-06f5698ffbd9}", "Image": "C:\\Windows\\System32\\taskhostw.exe", "CommandLine": "taskhostw.exe {222A245B-E637-4AE9-A93F-A59CA119A75E}", "User": "DESKTOP-HQ12\\Developer", "ProcessId": 5066, "ParentImage": "C:\\Windows\\explorer.exe", "UtcTime": "2026-03-20 15:20:53.410", "Computer": "WORKSTATION-01.local"}
{"EventID": 1, "ProviderGuid": "{5770385f-c22a-43e0-bf4c-06f5698ffbd9}", "Image": "C:\\Windows\\System32\\conhost.exe", "CommandLine": "\\??\\C:\\Windows\\system32\\conhost.exe 0x4", "User": "DESKTOP-HQ12\\Developer", "ProcessId": 14038, "ParentImage": "C:\\Windows\\explorer.exe", "UtcTime": "2026-03-20 15:20:55.410", "Computer": "WORKSTATION-01.local"}
{"EventID": 1, "ProviderGuid": "{5770385f-c22a-43e0-bf4c-06f5698ffbd9}", "Image": "C:\\Windows\\System32\\taskhostw.exe", "CommandLine": "taskhostw.exe {222A245B-E637-4AE9-A93F-A59CA119A75E}", "User": "DESKTOP-HQ12\\Developer", "ProcessId": 18421, "ParentImage": "C:\\Windows\\explorer.exe", "UtcTime": "2026-03-20 15:20:57.410", "Computer": "WORKSTATION-01.local"}
{"EventID": 1, "ProviderGuid": "{5770385f-c22a-43e0-bf4c-06f5698ffbd9}", "Image": "C:\\Windows\\System32\\RuntimeBroker.exe", "CommandLine": "C:\\Windows\\System32\\RuntimeBroker.exe -Embedding", "User": "DESKTOP-HQ12\\Developer", "ProcessId": 8546, "ParentImage": "C:\\Windows\\explorer.exe", "UtcTime": "2026-03-20 15:20:59.410", "Computer": "WORKSTATION-01.local"}
{"EventID": 1, "ProviderGuid": "{5770385f-c22a-43e0-bf4c-06f5698ffbd9}", "Image": "C:\\Windows\\System32\\RuntimeBroker.exe", "CommandLine": "C:\\Windows\\System32\\RuntimeBroker.exe -Embedding", "User": "DESKTOP-HQ12\\Developer", "ProcessId": 18404, "ParentImage": "C:\\Windows\\explorer.exe", "UtcTime": "2026-03-20 15:21:01.410", "Computer": "WORKSTATION-01.local"}
{"EventID": 1, "ProviderGuid": "{5770385f-c22a-43e0-bf4c-06f5698ffbd9}", "Image": "C:\\Windows\\System32\\svchost.exe", "CommandLine": "svchost.exe -k netsvcs -p -s BITS", "User": "NT AUTHORITY\\SYSTEM", "ProcessId": 16958, "ParentImage": "C:\\Windows\\System32\\services.exe", "UtcTime": "2026-03-20 15:21:03.410", "Computer": "WORKSTATION-01.local"}
{"EventID": 1, "ProviderGuid": "{5770385f-c22a-43e0-bf4c-06f5698ffbd9}", "Image": "C:\\Windows\\System32\\audiodg.exe", "CommandLine": "C:\\Windows\\system32\\AUDIODG.EXE", "User": "DESKTOP-HQ12\\Developer", "ProcessId": 17451, "ParentImage": "C:\\Windows\\explorer.exe", "UtcTime": "2026-03-20 15:21:05.410", "Computer": "WORKSTATION-01.local"}
{"EventID": 1, "ProviderGuid": "{5770385f-c22a-43e0-bf4c-06f5698ffbd9}", "Image": "C:\\Windows\\System32\\conhost.exe", "CommandLine": "\\??\\C:\\Windows\\system32\\conhost.exe 0x4", "User": "DESKTOP-HQ12\\Developer", "ProcessId": 18378, "ParentImage": "C:\\Windows\\explorer.exe", "UtcTime": "2026-03-20 15:21:07.410", "Computer": "WORKSTATION-01.local"}
{"EventID": 1, "ProviderGuid": "{5770385f-c22a-43e0-bf4c-06f5698ffbd9}", "Image": "C:\\Windows\\System32\\conhost.exe", "CommandLine": "\\??\\C:\\Windows\\system32\\conhost.exe 0x4", "User": "DESKTOP-HQ12\\Developer", "ProcessId": 17391, "ParentImage": "C:\\Windows\\explorer.exe", "UtcTime": "2026-03-20 15:21:09.410", "Computer": "WORKSTATION-01.local"}
{"EventID": 1, "ProviderGuid": "{5770385f-c22a-43e0-bf4c-06f5698ffbd9}", "Image": "C:\\Windows\\System32\\SearchIndexer.exe", "CommandLine": "C:\\Windows\\system32\\SearchIndexer.exe /Embedding", "User": "NT AUTHORITY\\SYSTEM", "ProcessId": 9798, "ParentImage": "C:\\Windows\\explorer.exe", "UtcTime": "2026-03-20 15:21:11.410", "Computer": "WORKSTATION-01.local"}
{"EventID": 1, "ProviderGuid": "{5770385f-c22a-43e0-bf4c-06f5698ffbd9}", "Image": "C:\\Windows\\explorer.exe", "CommandLine": "C:\\Windows\\Explorer.EXE", "User": "DESKTOP-HQ12\\Developer", "ProcessId": 10248, "ParentImage": "C:\\Windows\\explorer.exe", "UtcTime": "2026-03-20 15:21:13.410", "Computer": "WORKSTATION-01.local"}
{"EventID": 1, "ProviderGuid": "{5770385f-c22a-43e0-bf4c-06f5698ffbd9}", "Image": "C:\\Windows\\System32\\taskhostw.exe", "CommandLine": "taskhostw.exe {222A245B-E637-4AE9-A93F-A59CA119A75E}", "User": "DESKTOP-HQ12\\Developer", "ProcessId": 14116, "ParentImage": "C:\\Windows\\explorer.exe", "UtcTime": "2026-03-20 15:21:15.410", "Computer": "WORKSTATION-01.local"}
{"EventID": 1, "ProviderGuid": "{5770385f-c22a-43e0-bf4c-06f5698ffbd9}", "Image": "C:\\Windows\\System32\\taskhostw.exe", "CommandLine": "taskhostw.exe {222A245B-E637-4AE9-A93F-A59CA119A75E}", "User": "DESKTOP-HQ12\\Developer", "ProcessId": 19136, "ParentImage": "C:\\Windows\\explorer.exe", "UtcTime": "2026-03-20 15:21:17.410", "Computer": "WORKSTATION-01.local"}
{"EventID": 1, "ProviderGuid": "{5770385f-c22a-43e0-bf4c-06f5698ffbd9}", "Image": "C:\\Windows\\System32\\SearchIndexer.exe", "CommandLine": "C:\\Windows\\system32\\SearchIndexer.exe /Embedding", "User": "NT AUTHORITY\\SYSTEM", "ProcessId": 12055, "ParentImage": "C:\\Windows\\explorer.exe", "UtcTime": "2026-03-20 15:21:19.410", "Computer": "WORKSTATION-01.local"}
{"EventID": 1, "ProviderGuid": "{5770385f-c22a-43e0-bf4c-06f5698ffbd9}", "Image": "C:\\Windows\\System32\\taskhostw.exe", "CommandLine": "taskhostw.exe {222A245B-E637-4AE9-A93F-A59CA119A75E}", "User": "DESKTOP-HQ12\\Developer", "ProcessId": 12550, "ParentImage": "C:\\Windows\\explorer.exe", "UtcTime": "2026-03-20 15:21:21.410", "Computer": "WORKSTATION-01.local"}
{"EventID": 1, "ProviderGuid": "{5770385f-c22a-43e0-bf4c-06f5698ffbd9}", "Image": "C:\\Windows\\System32\\conhost.exe", "CommandLine": "\\??\\C:\\Windows\\system32\\conhost.exe 0x4", "User": "DESKTOP-HQ12\\Developer", "ProcessId": 16508, "ParentImage": "C:\\Windows\\explorer.exe", "UtcTime": "2026-03-20 15:21:23.410", "Computer": "WORKSTATION-01.local"}
{"EventID": 1, "ProviderGuid": "{5770385f-c22a-43e0-bf4c-06f5698ffbd9}", "Image": "C:\\Windows\\System32\\smartscreen.exe", "CommandLine": "C:\\Windows\\System32\\smartscreen.exe -Embedding", "User": "DESKTOP-HQ12\\Developer", "ProcessId": 3023, "ParentImage": "C:\\Windows\\explorer.exe", "UtcTime": "2026-03-20 15:21:25.410", "Computer": "WORKSTATION-01.local"}
{"EventID": 1, "ProviderGuid": "{5770385f-c22a-43e0-bf4c-06f5698ffbd9}", "Image": "C:\\Program Files\\Google\\Chrome\\Application\\chrome.exe", "CommandLine": "\"C:\\Program Files\\Google\\Chrome\\Application\\chrome.exe\" --type=renderer --field-trial-handle=1724", "User": "DESKTOP-HQ12\\Developer", "ProcessId": 5897, "ParentImage": "C:\\Windows\\explorer.exe", "UtcTime": "2026-03-20 15:21:27.410", "Computer": "WORKSTATION-01.local"}
{"EventID": 1, "ProviderGuid": "{5770385f-c22a-43e0-bf4c-06f5698ffbd9}", "Image": "C:\\Program Files\\Microsoft Office\\root\\Office16\\EXCEL.EXE", "CommandLine": "\"C:\\Program Files\\Microsoft Office\\root\\Office16\\EXCEL.EXE\" /Embedding", "User": "DESKTOP-HQ12\\Developer", "ProcessId": 16144, "ParentImage": "C:\\Windows\\explorer.exe", "UtcTime": "2026-03-20 15:21:29.410", "Computer": "WORKSTATION-01.local"}
{"EventID": 1, "ProviderGuid": "{5770385f-c22a-43e0-bf4c-06f5698ffbd9}", "Image": "C:\\Windows\\System32\\smartscreen.exe", "CommandLine": "C:\\Windows\\System32\\smartscreen.exe -Embedding", "User": "DESKTOP-HQ12\\Developer", "ProcessId": 8720, "ParentImage": "C:\\Windows\\explorer.exe", "UtcTime": "2026-03-20 15:21:31.410", "Computer": "WORKSTATION-01.local"}
{"EventID": 1, "ProviderGuid": "{5770385f-c22a-43e0-bf4c-06f5698ffbd9}", "Image": "C:\\Windows\\System32\\svchost.exe", "CommandLine": "svchost.exe -k netsvcs -p -s BITS", "User": "NT AUTHORITY\\SYSTEM", "ProcessId": 7641, "ParentImage": "C:\\Windows\\System32\\services.exe", "UtcTime": "2026-03-20 15:21:33.410", "Computer": "WORKSTATION-01.local"}
{"EventID": 1, "ProviderGuid": "{5770385f-c22a-43e0-bf4c-06f5698ffbd9}", "Image": "C:\\Windows\\System32\\smartscreen.exe", "CommandLine": "C:\\Windows\\System32\\smartscreen.exe -Embedding", "User": "DESKTOP-HQ12\\Developer", "ProcessId": 17871, "ParentImage": "C:\\Windows\\explorer.exe", "UtcTime": "2026-03-20 15:21:35.410", "Computer": "WORKSTATION-01.local"}
{"EventID": 1, "ProviderGuid": "{5770385f-c22a-43e0-bf4c-06f5698ffbd9}", "Image": "C:\\Program Files\\Microsoft Office\\root\\Office16\\EXCEL.EXE", "CommandLine": "\"C:\\Program Files\\Microsoft Office\\root\\Office16\\EXCEL.EXE\" /Embedding", "User": "DESKTOP-HQ12\\Developer", "ProcessId": 3665, "ParentImage": "C:\\Windows\\explorer.exe", "UtcTime": "2026-03-20 15:21:37.410", "Computer": "WORKSTATION-01.local"}
{"EventID": 1, "ProviderGuid": "{5770385f-c22a-43e0-bf4c-06f5698ffbd9}", "Image": "C:\\Program Files\\Microsoft Office\\root\\Office16\\EXCEL.EXE", "CommandLine": "\"C:\\Program Files\\Microsoft Office\\root\\Office16\\EXCEL.EXE\" /Embedding", "User": "DESKTOP-HQ12\\Developer", "ProcessId": 8501, "ParentImage": "C:\\Windows\\explorer.exe", "UtcTime": "2026-03-20 15:21:39.410", "Computer": "WORKSTATION-01.local"}
{"EventID": 1, "ProviderGuid": "{5770385f-c22a-43e0-bf4c-06f5698ffbd9}", "Image": "C:\\Windows\\System32\\audiodg.exe", "CommandLine": "C:\\Windows\\system32\\AUDIODG.EXE", "User": "DESKTOP-HQ12\\Developer", "ProcessId": 9841, "ParentImage": "C:\\Windows\\explorer.exe", "UtcTime": "2026-03-20 15:21:41.410", "Computer": "WORKSTATION-01.local"}
{"EventID": 1, "ProviderGuid": "{5770385f-c22a-43e0-bf4c-06f5698ffbd9}", "Image": "C:\\Program Files\\Microsoft Office\\root\\Office16\\EXCEL.EXE", "CommandLine": "\"C:\\Program Files\\Microsoft Office\\root\\Office16\\EXCEL.EXE\" /Embedding", "User": "DESKTOP-HQ12\\Developer", "ProcessId": 18794, "ParentImage": "C:\\Windows\\explorer.exe", "UtcTime": "2026-03-20 15:21:43.410", "Computer": "WORKSTATION-01.local"}
{"EventID": 1, "ProviderGuid": "{5770385f-c22a-43e0-bf4c-06f5698ffbd9}", "Image": "C:\\Windows\\System32\\RuntimeBroker.exe", "CommandLine": "C:\\Windows\\System32\\RuntimeBroker.exe -Embedding", "User": "DESKTOP-HQ12\\Developer", "ProcessId": 17685, "ParentImage": "C:\\Windows\\explorer.exe", "UtcTime": "2026-03-20 15:21:45.410", "Computer": "WORKSTATION-01.local"}
{"EventID": 1, "ProviderGuid": "{5770385f-c22a-43e0-bf4c-06f5698ffbd9}", "Image": "C:\\Windows\\System32\\SearchIndexer.exe", "CommandLine": "C:\\Windows\\system32\\SearchIndexer.exe /Embedding", "User": "NT AUTHORITY\\SYSTEM", "ProcessId": 9267, "ParentImage": "C:\\Windows\\explorer.exe", "UtcTime": "2026-03-20 15:21:47.410", "Computer": "WORKSTATION-01.local"}
{"EventID": 1, "ProviderGuid": "{5770385f-c22a-43e0-bf4c-06f5698ffbd9}", "Image": "C:\\Windows\\System32\\RuntimeBroker.exe", "CommandLine": "C:\\Windows\\System32\\RuntimeBroker.exe -Embedding", "User": "DESKTOP-HQ12\\Developer", "ProcessId": 14675, "ParentImage": "C:\\Windows\\explorer.exe", "UtcTime": "2026-03-20 15:21:49.410", "Computer": "WORKSTATION-01.local"}
{"EventID": 1, "ProviderGuid": "{5770385f-c22a-43e0-bf4c-06f5698ffbd9}", "Image": "C:\\Windows\\System32\\smartscreen.exe", "CommandLine": "C:\\Windows\\System32\\smartscreen.exe -Embedding", "User": "DESKTOP-HQ12\\Developer", "ProcessId": 2188, "ParentImage": "C:\\Windows\\explorer.exe", "UtcTime": "2026-03-20 15:21:51.410", "Computer": "WORKSTATION-01.local"}
{"EventID": 1, "ProviderGuid": "{5770385f-c22a-43e0-bf4c-06f5698ffbd9}", "Image": "C:\\Program Files\\Microsoft Office\\root\\Office16\\EXCEL.EXE", "CommandLine": "\"C:\\Program Files\\Microsoft Office\\root\\Office16\\EXCEL.EXE\" /Embedding", "User": "DESKTOP-HQ12\\Developer", "ProcessId": 13177, "ParentImage": "C:\\Windows\\explorer.exe", "UtcTime": "2026-03-20 15:21:53.410", "Computer": "WORKSTATION-01.local"}
{"EventID": 1, "ProviderGuid": "{5770385f-c22a-43e0-bf4c-06f5698ffbd9}", "Image": "C:\\Windows\\System32\\SearchIndexer.exe", "CommandLine": "C:\\Windows\\system32\\SearchIndexer.exe /Embedding", "User": "NT AUTHORITY\\SYSTEM", "ProcessId": 14058, "ParentImage": "C:\\Windows\\explorer.exe", "UtcTime": "2026-03-20 15:21:55.410", "Computer": "WORKSTATION-01.local"}
{"EventID": 1, "ProviderGuid": "{5770385f-c22a-43e0-bf4c-06f5698ffbd9}", "Image": "C:\\Windows\\System32\\taskhostw.exe", "CommandLine": "taskhostw.exe {222A245B-E637-4AE9-A93F-A59CA119A75E}", "User": "DESKTOP-HQ12\\Developer", "ProcessId": 7604, "ParentImage": "C:\\Windows\\explorer.exe", "UtcTime": "2026-03-20 15:21:57.410", "Computer": "WORKSTATION-01.local"}
{"EventID": 1, "ProviderGuid": "{5770385f-c22a-43e0-bf4c-06f5698ffbd9}", "Image": "C:\\Windows\\explorer.exe", "CommandLine": "C:\\Windows\\Explorer.EXE", "User": "DESKTOP-HQ12\\Developer", "ProcessId": 1834, "ParentImage": "C:\\Windows\\explorer.exe", "UtcTime": "2026-03-20 15:21:59.410", "Computer": "WORKSTATION-01.local"}
{"EventID": 1, "ProviderGuid": "{5770385f-c22a-43e0-bf4c-06f5698ffbd9}", "Image": "C:\\Windows\\System32\\SearchIndexer.exe", "CommandLine": "C:\\Windows\\system32\\SearchIndexer.exe /Embedding", "User": "NT AUTHORITY\\SYSTEM", "ProcessId": 7716, "ParentImage": "C:\\Windows\\explorer.exe", "UtcTime": "2026-03-20 15:22:01.410", "Computer": "WORKSTATION-01.local"}
{"EventID": 1, "ProviderGuid": "{5770385f-c22a-43e0-bf4c-06f5698ffbd9}", "Image": "C:\\Program Files\\Microsoft Office\\root\\Office16\\EXCEL.EXE", "CommandLine": "\"C:\\Program Files\\Microsoft Office\\root\\Office16\\EXCEL.EXE\" /Embedding", "User": "DESKTOP-HQ12\\Developer", "ProcessId": 3917, "ParentImage": "C:\\Windows\\explorer.exe", "UtcTime": "2026-03-20 15:22:03.410", "Computer": "WORKSTATION-01.local"}
{"EventID": 1, "ProviderGuid": "{5770385f-c22a-43e0-bf4c-06f5698ffbd9}", "Image": "C:\\Windows\\System32\\svchost.exe", "CommandLine": "svchost.exe -k netsvcs -p -s BITS", "User": "NT AUTHORITY\\SYSTEM", "ProcessId": 15279, "ParentImage": "C:\\Windows\\System32\\services.exe", "UtcTime": "2026-03-20 15:22:05.410", "Computer": "WORKSTATION-01.local"}
{"EventID": 1, "ProviderGuid": "{5770385f-c22a-43e0-bf4c-06f5698ffbd9}", "Image": "C:\\Windows\\System32\\SearchIndexer.exe", "CommandLine": "C:\\Windows\\system32\\SearchIndexer.exe /Embedding", "User": "NT AUTHORITY\\SYSTEM", "ProcessId": 19158, "ParentImage": "C:\\Windows\\explorer.exe", "UtcTime": "2026-03-20 15:22:07.410", "Computer": "WORKSTATION-01.local"}
{"EventID": 1, "ProviderGuid": "{5770385f-c22a-43e0-bf4c-06f5698ffbd9}", "Image": "C:\\Windows\\System32\\smartscreen.exe", "CommandLine": "C:\\Windows\\System32\\smartscreen.exe -Embedding", "User": "DESKTOP-HQ12\\Developer", "ProcessId": 7877, "ParentImage": "C:\\Windows\\explorer.exe", "UtcTime": "2026-03-20 15:22:09.410", "Computer": "WORKSTATION-01.local"}
{"EventID": 1, "ProviderGuid": "{5770385f-c22a-43e0-bf4c-06f5698ffbd9}", "Image": "C:\\Windows\\System32\\taskhostw.exe", "CommandLine": "taskhostw.exe {222A245B-E637-4AE9-A93F-A59CA119A75E}", "User": "DESKTOP-HQ12\\Developer", "ProcessId": 12244, "ParentImage": "C:\\Windows\\explorer.exe", "UtcTime": "2026-03-20 15:22:11.410", "Computer": "WORKSTATION-01.local"}
{"EventID": 1, "ProviderGuid": "{5770385f-c22a-43e0-bf4c-06f5698ffbd9}", "Image": "C:\\Windows\\System32\\audiodg.exe", "CommandLine": "C:\\Windows\\system32\\AUDIODG.EXE", "User": "DESKTOP-HQ12\\Developer", "ProcessId": 10896, "ParentImage": "C:\\Windows\\explorer.exe", "UtcTime": "2026-03-20 15:22:13.410", "Computer": "WORKSTATION-01.local"}
{"EventID": 1, "ProviderGuid": "{5770385f-c22a-43e0-bf4c-06f5698ffbd9}", "Image": "C:\\Windows\\System32\\taskhostw.exe", "CommandLine": "taskhostw.exe {222A245B-E637-4AE9-A93F-A59CA119A75E}", "User": "DESKTOP-HQ12\\Developer", "ProcessId": 6478, "ParentImage": "C:\\Windows\\explorer.exe", "UtcTime": "2026-03-20 15:22:15.410", "Computer": "WORKSTATION-01.local"}
{"EventID": 1, "ProviderGuid": "{5770385f-c22a-43e0-bf4c-06f5698ffbd9}", "Image": "C:\\Windows\\System32\\conhost.exe", "CommandLine": "\\??\\C:\\Windows\\system32\\conhost.exe 0x4", "User": "DESKTOP-HQ12\\Developer", "ProcessId": 7597, "ParentImage": "C:\\Windows\\explorer.exe", "UtcTime": "2026-03-20 15:22:17.410", "Computer": "WORKSTATION-01.local"}
{"EventID": 1, "ProviderGuid": "{5770385f-c22a-43e0-bf4c-06f5698ffbd9}", "Image": "C:\\Program Files\\Microsoft Office\\root\\Office16\\EXCEL.EXE", "CommandLine": "\"C:\\Program Files\\Microsoft Office\\root\\Office16\\EXCEL.EXE\" /Embedding", "User": "DESKTOP-HQ12\\Developer", "ProcessId": 12779, "ParentImage": "C:\\Windows\\explorer.exe", "UtcTime": "2026-03-20 15:22:19.410", "Computer": "WORKSTATION-01.local"}
{"EventID": 1, "ProviderGuid": "{5770385f-c22a-43e0-bf4c-06f5698ffbd9}", "Image": "C:\\Windows\\System32\\SearchIndexer.exe", "CommandLine": "C:\\Windows\\system32\\SearchIndexer.exe /Embedding", "User": "NT AUTHORITY\\SYSTEM", "ProcessId": 17929, "ParentImage": "C:\\Windows\\explorer.exe", "UtcTime": "2026-03-20 15:22:21.410", "Computer": "WORKSTATION-01.local"}
{"EventID": 1, "ProviderGuid": "{5770385f-c22a-43e0-bf4c-06f5698ffbd9}", "Image": "C:\\Windows\\System32\\conhost.exe", "CommandLine": "\\??\\C:\\Windows\\system32\\conhost.exe 0x4", "User": "DESKTOP-HQ12\\Developer", "ProcessId": 3293, "ParentImage": "C:\\Windows\\explorer.exe", "UtcTime": "2026-03-20 15:22:23.410", "Computer": "WORKSTATION-01.local"}
{"EventID": 1, "ProviderGuid": "{5770385f-c22a-43e0-bf4c-06f5698ffbd9}", "Image": "C:\\Windows\\System32\\RuntimeBroker.exe", "CommandLine": "C:\\Windows\\System32\\RuntimeBroker.exe -Embedding", "User": "DESKTOP-HQ12\\Developer", "ProcessId": 12823, "ParentImage": "C:\\Windows\\explorer.exe", "UtcTime": "2026-03-20 15:22:25.410", "Computer": "WORKSTATION-01.local"}
{"EventID": 1, "ProviderGuid": "{5770385f-c22a-43e0-bf4c-06f5698ffbd9}", "Image": "C:\\Program Files\\Microsoft Office\\root\\Office16\\EXCEL.EXE", "CommandLine": "\"C:\\Program Files\\Microsoft Office\\root\\Office16\\EXCEL.EXE\" /Embedding", "User": "DESKTOP-HQ12\\Developer", "ProcessId": 2603, "ParentImage": "C:\\Windows\\explorer.exe", "UtcTime": "2026-03-20 15:22:27.410", "Computer": "WORKSTATION-01.local"}
{"EventID": 1, "ProviderGuid": "{5770385f-c22a-43e0-bf4c-06f5698ffbd9}", "Image": "C:\\Program Files\\Google\\Chrome\\Application\\chrome.exe", "CommandLine": "\"C:\\Program Files\\Google\\Chrome\\Application\\chrome.exe\" --type=renderer --field-trial-handle=1724", "User": "DESKTOP-HQ12\\Developer", "ProcessId": 7621, "ParentImage": "C:\\Windows\\explorer.exe", "UtcTime": "2026-03-20 15:22:29.410", "Computer": "WORKSTATION-01.local"}
{"EventID": 1, "ProviderGuid": "{5770385f-c22a-43e0-bf4c-06f5698ffbd9}", "Image": "C:\\Windows\\System32\\smartscreen.exe", "CommandLine": "C:\\Windows\\System32\\smartscreen.exe -Embedding", "User": "DESKTOP-HQ12\\Developer", "ProcessId": 17704, "ParentImage": "C:\\Windows\\explorer.exe", "UtcTime": "2026-03-20 15:22:31.410", "Computer": "WORKSTATION-01.local"}
{"EventID": 1, "ProviderGuid": "{5770385f-c22a-43e0-bf4c-06f5698ffbd9}", "Image": "C:\\Windows\\System32\\SearchIndexer.exe", "CommandLine": "C:\\Windows\\system32\\SearchIndexer.exe /Embedding", "User": "NT AUTHORITY\\SYSTEM", "ProcessId": 9447, "ParentImage": "C:\\Windows\\explorer.exe", "UtcTime": "2026-03-20 15:22:33.410", "Computer": "WORKSTATION-01.local"}
{"EventID": 1, "ProviderGuid": "{5770385f-c22a-43e0-bf4c-06f5698ffbd9}", "Image": "C:\\Windows\\System32\\svchost.exe", "CommandLine": "svchost.exe -k netsvcs -p -s BITS", "User": "NT AUTHORITY\\SYSTEM", "ProcessId": 1461, "ParentImage": "C:\\Windows\\System32\\services.exe", "UtcTime": "2026-03-20 15:22:35.410", "Computer": "WORKSTATION-01.local"}
{"EventID": 1, "ProviderGuid": "{5770385f-c22a-43e0-bf4c-06f5698ffbd9}", "Image": "C:\\Windows\\System32\\smartscreen.exe", "CommandLine": "C:\\Windows\\System32\\smartscreen.exe -Embedding", "User": "DESKTOP-HQ12\\Developer", "ProcessId": 19565, "ParentImage": "C:\\Windows\\explorer.exe", "UtcTime": "2026-03-20 15:22:37.410", "Computer": "WORKSTATION-01.local"}
{"EventID": 1, "ProviderGuid": "{5770385f-c22a-43e0-bf4c-06f5698ffbd9}", "Image": "C:\\Windows\\System32\\audiodg.exe", "CommandLine": "C:\\Windows\\system32\\AUDIODG.EXE", "User": "DESKTOP-HQ12\\Developer", "ProcessId": 15971, "ParentImage": "C:\\Windows\\explorer.exe", "UtcTime": "2026-03-20 15:22:39.410", "Computer": "WORKSTATION-01.local"}
{"EventID": 1, "ProviderGuid": "{5770385f-c22a-43e0-bf4c-06f5698ffbd9}", "Image": "C:\\Windows\\System32\\RuntimeBroker.exe", "CommandLine": "C:\\Windows\\System32\\RuntimeBroker.exe -Embedding", "User": "DESKTOP-HQ12\\Developer", "ProcessId": 9113, "ParentImage": "C:\\Windows\\explorer.exe", "UtcTime": "2026-03-20 15:22:41.410", "Computer": "WORKSTATION-01.local"}
{"EventID": 1, "ProviderGuid": "{5770385f-c22a-43e0-bf4c-06f5698ffbd9}", "Image": "C:\\Windows\\System32\\smartscreen.exe", "CommandLine": "C:\\Windows\\System32\\smartscreen.exe -Embedding", "User": "DESKTOP-HQ12\\Developer", "ProcessId": 7107, "ParentImage": "C:\\Windows\\explorer.exe", "UtcTime": "2026-03-20 15:22:43.410", "Computer": "WORKSTATION-01.local"}
{"EventID": 1, "ProviderGuid": "{5770385f-c22a-43e0-bf4c-06f5698ffbd9}", "Image": "C:\\Windows\\System32\\svchost.exe", "CommandLine": "svchost.exe -k netsvcs -p -s BITS", "User": "NT AUTHORITY\\SYSTEM", "ProcessId": 15446, "ParentImage": "C:\\Windows\\System32\\services.exe", "UtcTime": "2026-03-20 15:22:45.410", "Computer": "WORKSTATION-01.local"}
{"EventID": 1, "ProviderGuid": "{5770385f-c22a-43e0-bf4c-06f5698ffbd9}", "Image": "C:\\Program Files\\Microsoft Office\\root\\Office16\\EXCEL.EXE", "CommandLine": "\"C:\\Program Files\\Microsoft Office\\root\\Office16\\EXCEL.EXE\" /Embedding", "User": "DESKTOP-HQ12\\Developer", "ProcessId": 1152, "ParentImage": "C:\\Windows\\explorer.exe", "UtcTime": "2026-03-20 15:22:47.410", "Computer": "WORKSTATION-01.local"}
{"EventID": 1, "ProviderGuid": "{5770385f-c22a-43e0-bf4c-06f5698ffbd9}", "Image": "C:\\Windows\\System32\\RuntimeBroker.exe", "CommandLine": "C:\\Windows\\System32\\RuntimeBroker.exe -Embedding", "User": "DESKTOP-HQ12\\Developer", "ProcessId": 2983, "ParentImage": "C:\\Windows\\explorer.exe", "UtcTime": "2026-03-20 15:22:49.410", "Computer": "WORKSTATION-01.local"}
{"EventID": 1, "ProviderGuid": "{5770385f-c22a-43e0-bf4c-06f5698ffbd9}", "Image": "C:\\Program Files\\Google\\Chrome\\Application\\chrome.exe", "CommandLine": "\"C:\\Program Files\\Google\\Chrome\\Application\\chrome.exe\" --type=renderer --field-trial-handle=1724", "User": "DESKTOP-HQ12\\Developer", "ProcessId": 2828, "ParentImage": "C:\\Windows\\explorer.exe", "UtcTime": "2026-03-20 15:22:51.410", "Computer": "WORKSTATION-01.local"}
{"EventID": 1, "ProviderGuid": "{5770385f-c22a-43e0-bf4c-06f5698ffbd9}", "Image": "C:\\Windows\\System32\\svchost.exe", "CommandLine": "svchost.exe -k netsvcs -p -s BITS", "User": "NT AUTHORITY\\SYSTEM", "ProcessId": 6160, "ParentImage": "C:\\Windows\\System32\\services.exe", "UtcTime": "2026-03-20 15:22:53.410", "Computer": "WORKSTATION-01.local"}
{"EventID": 1, "ProviderGuid": "{5770385f-c22a-43e0-bf4c-06f5698ffbd9}", "Image": "C:\\Windows\\System32\\RuntimeBroker.exe", "CommandLine": "C:\\Windows\\System32\\RuntimeBroker.exe -Embedding", "User": "DESKTOP-HQ12\\Developer", "ProcessId": 3564, "ParentImage": "C:\\Windows\\explorer.exe", "UtcTime": "2026-03-20 15:22:55.410", "Computer": "WORKSTATION-01.local"}
{"EventID": 1, "ProviderGuid": "{5770385f-c22a-43e0-bf4c-06f5698ffbd9}", "Image": "C:\\Program Files\\Microsoft Office\\root\\Office16\\EXCEL.EXE", "CommandLine": "\"C:\\Program Files\\Microsoft Office\\root\\Office16\\EXCEL.EXE\" /Embedding", "User": "DESKTOP-HQ12\\Developer", "ProcessId": 1231, "ParentImage": "C:\\Windows\\explorer.exe", "UtcTime": "2026-03-20 15:22:57.410", "Computer": "WORKSTATION-01.local"}
{"EventID": 1, "ProviderGuid": "{5770385f-c22a-43e0-bf4c-06f5698ffbd9}", "Image": "C:\\Windows\\System32\\RuntimeBroker.exe", "CommandLine": "C:\\Windows\\System32\\RuntimeBroker.exe -Embedding", "User": "DESKTOP-HQ12\\Developer", "ProcessId": 3571, "ParentImage": "C:\\Windows\\explorer.exe", "UtcTime": "2026-03-20 15:22:59.410", "Computer": "WORKSTATION-01.local"}
{"EventID": 1, "ProviderGuid": "{5770385f-c22a-43e0-bf4c-06f5698ffbd9}", "Image": "C:\\Windows\\System32\\SearchIndexer.exe", "CommandLine": "C:\\Windows\\system32\\SearchIndexer.exe /Embedding", "User": "NT AUTHORITY\\SYSTEM", "ProcessId": 4095, "ParentImage": "C:\\Windows\\explorer.exe", "UtcTime": "2026-03-20 15:23:01.410", "Computer": "WORKSTATION-01.local"}
